TN:
SF:/Library/Developer/CommandLineTools/usr/include/c++/v1/__locale
FN:232,_ZNSt3__1L9use_facetINS_5ctypeIcEEEERKT_RKNS_6localeE
FN:647,_ZNKSt3__15ctypeIcE5widenEc
FNDA:148,_ZNSt3__1L9use_facetINS_5ctypeIcEEEERKT_RKNS_6localeE
FNDA:148,_ZNKSt3__15ctypeIcE5widenEc
FNF:2
FNH:2
DA:232,148
DA:234,148
DA:647,148
DA:649,148
LF:4
LH:4
end_of_record
SF:/Library/Developer/CommandLineTools/usr/include/c++/v1/__string
FN:218,_ZNSt3__111char_traitsIcE6lengthEPKc
FN:237,_ZNSt3__111char_traitsIcE11eq_int_typeEii
FN:239,_ZNSt3__111char_traitsIcE3eofEv
FNDA:2792,_ZNSt3__111char_traitsIcE6lengthEPKc
FNDA:2056,_ZNSt3__111char_traitsIcE11eq_int_typeEii
FNDA:2760,_ZNSt3__111char_traitsIcE3eofEv
FNF:3
FNH:3
DA:218,2792
DA:237,2056
DA:238,2056
DA:239,2760
DA:240,2760
LF:5
LH:5
end_of_record
SF:/Library/Developer/CommandLineTools/usr/include/c++/v1/ios
FN:349,_ZNKSt3__18ios_base5rdbufEv
FN:459,_ZNKSt3__18ios_base5flagsEv
FN:521,_ZNKSt3__18ios_base5widthEv
FN:528,_ZNSt3__18ios_base5widthEl
FN:546,_ZNSt3__18ios_base8setstateEj
FN:633,_ZNSt3__19basic_iosIcNS_11char_traitsIcEEE8setstateEj
FN:738,_ZNKSt3__19basic_iosIcNS_11char_traitsIcEEE5rdbufEv
FN:776,_ZNKSt3__19basic_iosIcNS_11char_traitsIcEEE5widenEc
FN:784,_ZNKSt3__19basic_iosIcNS_11char_traitsIcEEE4fillEv
FNDA:1320,_ZNKSt3__18ios_base5rdbufEv
FNDA:1320,_ZNKSt3__18ios_base5flagsEv
FNDA:1320,_ZNKSt3__18ios_base5widthEv
FNDA:1320,_ZNSt3__18ios_base5widthEl
FNDA:0,_ZNSt3__18ios_base8setstateEj
FNDA:0,_ZNSt3__19basic_iosIcNS_11char_traitsIcEEE8setstateEj
FNDA:1320,_ZNKSt3__19basic_iosIcNS_11char_traitsIcEEE5rdbufEv
FNDA:148,_ZNKSt3__19basic_iosIcNS_11char_traitsIcEEE5widenEc
FNDA:1320,_ZNKSt3__19basic_iosIcNS_11char_traitsIcEEE4fillEv
FNF:9
FNH:7
DA:349,1320
DA:459,1320
DA:461,1320
DA:521,1320
DA:523,1320
DA:528,1320
DA:530,1320
DA:531,1320
DA:532,1320
DA:546,0
DA:548,0
DA:549,0
DA:633,0
DA:738,1320
DA:740,1320
DA:776,148
DA:778,148
DA:779,0
DA:784,1320
DA:786,1320
DA:787,144
DA:788,1320
LF:22
LH:17
end_of_record
SF:/Library/Developer/CommandLineTools/usr/include/c++/v1/iterator
FN:1067,_ZNSt3__119ostreambuf_iteratorIcNS_11char_traitsIcEEEC1ERNS_13basic_ostreamIcS2_EE
FN:1067,_ZNSt3__119ostreambuf_iteratorIcNS_11char_traitsIcEEEC2ERNS_13basic_ostreamIcS2_EE
FN:1080,_ZNKSt3__119ostreambuf_iteratorIcNS_11char_traitsIcEEE6failedEv
FNDA:1320,_ZNSt3__119ostreambuf_iteratorIcNS_11char_traitsIcEEEC1ERNS_13basic_ostreamIcS2_EE
FNDA:1320,_ZNSt3__119ostreambuf_iteratorIcNS_11char_traitsIcEEEC2ERNS_13basic_ostreamIcS2_EE
FNDA:1320,_ZNKSt3__119ostreambuf_iteratorIcNS_11char_traitsIcEEE6failedEv
FNF:3
FNH:3
DA:1067,2640
DA:1068,2640
DA:1080,1320
LF:3
LH:3
end_of_record
SF:/Library/Developer/CommandLineTools/usr/include/c++/v1/locale
FN:1383,_ZNSt3__116__pad_and_outputIcNS_11char_traitsIcEEEENS_19ostreambuf_iteratorIT_T0_EES6_PKS4_S8_S8_RNS_8ios_baseES4_
FNDA:1320,_ZNSt3__116__pad_and_outputIcNS_11char_traitsIcEEEENS_19ostreambuf_iteratorIT_T0_EES6_PKS4_S8_S8_RNS_8ios_baseES4_
FNF:1
FNH:1
DA:1383,1320
DA:1387,1320
DA:1388,0
DA:1389,1320
DA:1390,1320
DA:1391,1320
DA:1392,0
DA:1394,1320
DA:1395,1320
DA:1396,1320
DA:1398,0
DA:1400,0
DA:1401,0
DA:1403,0
DA:1404,1320
DA:1406,0
DA:1407,0
DA:1409,0
DA:1410,0
DA:1412,0
DA:1413,1320
DA:1414,1320
DA:1416,1320
DA:1418,0
DA:1419,0
DA:1421,1320
DA:1422,1320
DA:1423,1320
DA:1424,1320
LF:29
LH:16
end_of_record
SF:/Library/Developer/CommandLineTools/usr/include/c++/v1/memory
FN:988,_ZNSt3__114pointer_traitsIPKcE10pointer_toERS1_
FN:1106,_ZNSt3__1L16__to_raw_pointerIKcEEPT_S3_
FN:1798,_ZNSt3__19allocatorIcEC2Ev
FN:2140,_ZNSt3__122__compressed_pair_elemINS_12basic_stringIcNS_11char_traitsIcEENS_9allocatorIcEEE5__repELi0ELb0EEC2Ev
FN:2165,_ZNKSt3__122__compressed_pair_elemINS_12basic_stringIcNS_11char_traitsIcEENS_9allocatorIcEEE5__repELi0ELb0EE5__getEv
FN:2179,_ZNSt3__122__compressed_pair_elemINS_9allocatorIcEELi1ELb1EEC2Ev
FN:2234,_ZNSt3__117__compressed_pairINS_12basic_stringIcNS_11char_traitsIcEENS_9allocatorIcEEE5__repES5_EC2ILb1EvEEv
FN:2234,_ZNSt3__117__compressed_pairINS_12basic_stringIcNS_11char_traitsIcEENS_9allocatorIcEEE5__repES5_EC1ILb1EvEEv
FN:2284,_ZNKSt3__117__compressed_pairINS_12basic_stringIcNS_11char_traitsIcEENS_9allocatorIcEEE5__repES5_E5firstEv
FNDA:0,_ZNSt3__114pointer_traitsIPKcE10pointer_toERS1_
FNDA:0,_ZNSt3__1L16__to_raw_pointerIKcEEPT_S3_
FNDA:0,_ZNSt3__19allocatorIcEC2Ev
FNDA:0,_ZNSt3__122__compressed_pair_elemINS_12basic_stringIcNS_11char_traitsIcEENS_9allocatorIcEEE5__repELi0ELb0EEC2Ev
FNDA:0,_ZNKSt3__122__compressed_pair_elemINS_12basic_stringIcNS_11char_traitsIcEENS_9allocatorIcEEE5__repELi0ELb0EE5__getEv
FNDA:0,_ZNSt3__122__compressed_pair_elemINS_9allocatorIcEELi1ELb1EEC2Ev
FNDA:0,_ZNSt3__117__compressed_pairINS_12basic_stringIcNS_11char_traitsIcEENS_9allocatorIcEEE5__repES5_EC1ILb1EvEEv
FNDA:0,_ZNSt3__117__compressed_pairINS_12basic_stringIcNS_11char_traitsIcEENS_9allocatorIcEEE5__repES5_EC2ILb1EvEEv
FNDA:0,_ZNKSt3__117__compressed_pairINS_12basic_stringIcNS_11char_traitsIcEENS_9allocatorIcEEE5__repES5_E5firstEv
FNF:9
FNH:0
DA:988,0
DA:990,0
DA:1106,0
DA:1108,0
DA:1798,0
DA:2140,0
DA:2165,0
DA:2179,0
DA:2234,0
DA:2284,0
DA:2285,0
LF:11
LH:0
end_of_record
SF:/Library/Developer/CommandLineTools/usr/include/c++/v1/ostream
FN:195,_ZNSt3__113basic_ostreamIcNS_11char_traitsIcEEElsEPFRS3_S4_E
FN:255,_ZNKSt3__113basic_ostreamIcNS_11char_traitsIcEEE6sentrycvbEv
FN:715,_ZNSt3__124__put_character_sequenceIcNS_11char_traitsIcEEEERNS_13basic_ostreamIT_T0_EES7_PKS4_m
FN:863,_ZNSt3__1lsINS_11char_traitsIcEEEERNS_13basic_ostreamIcT_EES6_PKc
FN:1000,_ZNSt3__1L4endlIcNS_11char_traitsIcEEEERNS_13basic_ostreamIT_T0_EES7_
FNDA:4,_ZNSt3__113basic_ostreamIcNS_11char_traitsIcEEElsEPFRS3_S4_E
FNDA:1320,_ZNKSt3__113basic_ostreamIcNS_11char_traitsIcEEE6sentrycvbEv
FNDA:1320,_ZNSt3__124__put_character_sequenceIcNS_11char_traitsIcEEEERNS_13basic_ostreamIT_T0_EES7_PKS4_m
FNDA:144,_ZNSt3__1lsINS_11char_traitsIcEEEERNS_13basic_ostreamIcT_EES6_PKc
FNDA:4,_ZNSt3__1L4endlIcNS_11char_traitsIcEEEERNS_13basic_ostreamIT_T0_EES7_
FNF:5
FNH:5
DA:195,4
DA:196,4
DA:255,1320
DA:715,1320
DA:722,1320
DA:723,1320
DA:726,2640
DA:727,1320
DA:728,1320
DA:729,0
DA:730,1320
DA:731,1320
DA:732,1320
DA:733,2640
DA:734,0
DA:735,1320
DA:737,1320
DA:740,0
DA:741,0
DA:743,1320
DA:744,0
DA:863,144
DA:865,144
DA:1000,4
DA:1002,4
DA:1003,4
DA:1004,4
LF:27
LH:22
end_of_record
SF:/Library/Developer/CommandLineTools/usr/include/c++/v1/streambuf
FN:229,_ZNSt3__115basic_streambufIcNS_11char_traitsIcEEE5sputnEPKcl
FNDA:1320,_ZNSt3__115basic_streambufIcNS_11char_traitsIcEEE5sputnEPKcl
FNF:1
FNH:1
DA:229,1320
DA:230,1320
LF:2
LH:2
end_of_record
SF:/Library/Developer/CommandLineTools/usr/include/c++/v1/string
FN:1243,_ZNKSt3__112basic_stringIcNS_11char_traitsIcEENS_9allocatorIcEEE4dataEv
FN:1420,_ZNKSt3__112basic_stringIcNS_11char_traitsIcEENS_9allocatorIcEEE9__is_longEv
FN:1502,_ZNKSt3__112basic_stringIcNS_11char_traitsIcEENS_9allocatorIcEEE18__get_long_pointerEv
FN:1508,_ZNKSt3__112basic_stringIcNS_11char_traitsIcEENS_9allocatorIcEEE19__get_short_pointerEv
FN:1514,_ZNKSt3__112basic_stringIcNS_11char_traitsIcEENS_9allocatorIcEEE13__get_pointerEv
FN:1926,_ZNSt3__112basic_stringIcNS_11char_traitsIcEENS_9allocatorIcEEEC1Emc
FN:1926,_ZNSt3__112basic_stringIcNS_11char_traitsIcEENS_9allocatorIcEEEC2Emc
FNDA:0,_ZNKSt3__112basic_stringIcNS_11char_traitsIcEENS_9allocatorIcEEE4dataEv
FNDA:0,_ZNKSt3__112basic_stringIcNS_11char_traitsIcEENS_9allocatorIcEEE9__is_longEv
FNDA:0,_ZNKSt3__112basic_stringIcNS_11char_traitsIcEENS_9allocatorIcEEE18__get_long_pointerEv
FNDA:0,_ZNKSt3__112basic_stringIcNS_11char_traitsIcEENS_9allocatorIcEEE19__get_short_pointerEv
FNDA:0,_ZNKSt3__112basic_stringIcNS_11char_traitsIcEENS_9allocatorIcEEE13__get_pointerEv
FNDA:0,_ZNSt3__112basic_stringIcNS_11char_traitsIcEENS_9allocatorIcEEEC1Emc
FNDA:0,_ZNSt3__112basic_stringIcNS_11char_traitsIcEENS_9allocatorIcEEEC2Emc
FNF:7
FNH:0
DA:835,0
DA:1243,0
DA:1420,0
DA:1421,0
DA:1502,0
DA:1503,0
DA:1508,0
DA:1509,0
DA:1514,0
DA:1515,0
DA:1926,0
DA:1927,0
DA:1928,0
DA:1932,0
LF:14
LH:0
end_of_record
SF:/Library/Developer/CommandLineTools/usr/include/c++/v1/type_traits
FN:454,_ZNSt3__1L9addressofIKcEEPT_RS2_
FNDA:0,_ZNSt3__1L9addressofIKcEEPT_RS2_
FNF:1
FNH:0
DA:454,0
DA:456,0
LF:2
LH:0
end_of_record
SF:/Users/usuario/Desktop/LabAlgo1/tp2/reunionesRemotas/lib/gtest.h
FN:21188,_Z13RUN_ALL_TESTSv
FNDA:4,_Z13RUN_ALL_TESTSv
FNF:1
FNH:1
DA:21188,4
DA:21189,4
LF:2
LH:2
end_of_record
SF:/Users/usuario/Desktop/LabAlgo1/tp2/reunionesRemotas/main.cpp
FN:7,main
FNDA:4,main
FNF:1
FNH:1
DA:7,4
DA:8,4
DA:9,4
DA:10,4
LF:4
LH:4
end_of_record
TN:
SF:/Library/Developer/CommandLineTools/usr/include/c++/v1/__string
FN:218,_ZNSt3__111char_traitsIcE6lengthEPKc
FNDA:0,_ZNSt3__111char_traitsIcE6lengthEPKc
FNF:1
FNH:0
DA:218,0
LF:1
LH:0
end_of_record
SF:/Library/Developer/CommandLineTools/usr/include/c++/v1/algorithm
FN:716,_ZNKSt3__16__lessImmEclERKmS3_
FN:2454,_ZNSt3__1L3minImNS_6__lessImmEEEERKT_S5_S5_T0_
FN:2462,_ZNSt3__1L3minImEERKT_S3_S3_
FNDA:0,_ZNKSt3__16__lessImmEclERKmS3_
FNDA:0,_ZNSt3__1L3minImNS_6__lessImmEEEERKT_S5_S5_T0_
FNDA:0,_ZNSt3__1L3minImEERKT_S3_S3_
FNF:3
FNH:0
DA:716,0
DA:2454,0
DA:2456,0
DA:2462,0
DA:2464,0
LF:5
LH:0
end_of_record
SF:/Library/Developer/CommandLineTools/usr/include/c++/v1/initializer_list
FN:85,_ZNKSt16initializer_listIiE4sizeEv
FN:85,_ZNKSt16initializer_listINSt3__14pairINS0_6vectorIiNS0_9allocatorIiEEEEiEEE4sizeEv
FN:89,_ZNKSt16initializer_listIiE5beginEv
FN:89,_ZNKSt16initializer_listINSt3__14pairINS0_6vectorIiNS0_9allocatorIiEEEEiEEE5beginEv
FN:93,_ZNKSt16initializer_listIiE3endEv
FN:93,_ZNKSt16initializer_listINSt3__14pairINS0_6vectorIiNS0_9allocatorIiEEEEiEEE3endEv
FNDA:384,_ZNKSt16initializer_listIiE4sizeEv
FNDA:96,_ZNKSt16initializer_listINSt3__14pairINS0_6vectorIiNS0_9allocatorIiEEEEiEEE4sizeEv
FNDA:128,_ZNKSt16initializer_listIiE5beginEv
FNDA:32,_ZNKSt16initializer_listINSt3__14pairINS0_6vectorIiNS0_9allocatorIiEEEEiEEE5beginEv
FNDA:128,_ZNKSt16initializer_listIiE3endEv
FNDA:32,_ZNKSt16initializer_listINSt3__14pairINS0_6vectorIiNS0_9allocatorIiEEEEiEEE3endEv
FNF:6
FNH:6
DA:85,480
DA:89,160
DA:93,160
LF:3
LH:3
end_of_record
SF:/Library/Developer/CommandLineTools/usr/include/c++/v1/limits
FN:215,_ZNSt3__123__libcpp_numeric_limitsIlLb1EE3maxEv
FN:452,_ZNSt3__114numeric_limitsIlE3maxEv
FNDA:0,_ZNSt3__123__libcpp_numeric_limitsIlLb1EE3maxEv
FNDA:0,_ZNSt3__114numeric_limitsIlE3maxEv
FNF:2
FNH:0
DA:215,0
DA:452,0
LF:2
LH:0
end_of_record
SF:/Library/Developer/CommandLineTools/usr/include/c++/v1/memory
FN:1106,_ZNSt3__1L16__to_raw_pointerIiEEPT_S2_
FN:1106,_ZNSt3__1L16__to_raw_pointerINS_4pairINS_6vectorIiNS_9allocatorIiEEEEiEEEEPT_S8_
FN:1546,_ZNSt3__116allocator_traitsINS_9allocatorIiEEE8allocateERS2_m
FN:1546,_ZNSt3__116allocator_traitsINS_9allocatorINS_4pairINS_6vectorIiNS1_IiEEEEiEEEEE8allocateERS7_m
FN:1554,_ZNSt3__116allocator_traitsINS_9allocatorIiEEE10deallocateERS2_Pim
FN:1554,_ZNSt3__116allocator_traitsINS_9allocatorINS_4pairINS_6vectorIiNS1_IiEEEEiEEEEE10deallocateERS7_PS6_m
FN:1560,_ZNSt3__116allocator_traitsINS_9allocatorINS_4pairINS_6vectorIiNS1_IiEEEEiEEEEE9constructIS6_JRKS6_EEEvRS7_PT_DpOT0_
FN:1560,_ZNSt3__116allocator_traitsINS_9allocatorINS_4pairINS_6vectorIiNS1_IiEEEEiEEEEE9constructIS6_JRS6_EEEvRS7_PT_DpOT0_
FN:1595,_ZNSt3__116allocator_traitsINS_9allocatorINS_4pairINS_6vectorIiNS1_IiEEEEiEEEEE7destroyIS6_EEvRS7_PT_
FN:1595,_ZNSt3__116allocator_traitsINS_9allocatorIiEEE7destroyIiEEvRS2_PT_
FN:1599,_ZNSt3__116allocator_traitsINS_9allocatorINS_4pairINS_6vectorIiNS1_IiEEEEiEEEEE8max_sizeERKS7_
FN:1599,_ZNSt3__116allocator_traitsINS_9allocatorIiEEE8max_sizeERKS2_
FN:1604,_ZNSt3__116allocator_traitsINS_9allocatorIiEEE37select_on_container_copy_constructionERKS2_
FN:1604,_ZNSt3__116allocator_traitsINS_9allocatorINS_4pairINS_6vectorIiNS1_IiEEEEiEEEEE37select_on_container_copy_constructionERKS7_
FN:1643,_ZNSt3__116allocator_traitsINS_9allocatorINS_4pairINS_6vectorIiNS1_IiEEEEiEEEEE25__construct_range_forwardIPS6_SA_EEvRS7_T_SC_RT0_
FN:1643,_ZNSt3__116allocator_traitsINS_9allocatorINS_4pairINS_6vectorIiNS1_IiEEEEiEEEEE25__construct_range_forwardIPKS6_PS6_EEvRS7_T_SE_RT0_
FN:1662,_ZNSt3__116allocator_traitsINS_9allocatorIiEEE25__construct_range_forwardIKiiiiEENS_9enable_ifIXaaaasr31is_trivially_move_constructibleIT0_EE5valuesr7is_sameIT1_T2_EE5valueooL_ZNS_17integral_constantIbLb1EE5valueEEntsr15__has_constructIS2_PS7_RT_EE5valueEvE4typeERS2_PSD_SI_RSC_
FN:1662,_ZNSt3__116allocator_traitsINS_9allocatorIiEEE25__construct_range_forwardIiiiiEENS_9enable_ifIXaaaasr31is_trivially_move_constructibleIT0_EE5valuesr7is_sameIT1_T2_EE5valueooL_ZNS_17integral_constantIbLb1EE5valueEEntsr15__has_constructIS2_PS6_RT_EE5valueEvE4typeERS2_PSC_SH_RSB_
FN:1717,_ZNSt3__116allocator_traitsINS_9allocatorINS_4pairINS_6vectorIiNS1_IiEEEEiEEEEE11__constructIS6_JRKS6_EEEvNS_17integral_constantIbLb1EEERS7_PT_DpOT0_
FN:1717,_ZNSt3__116allocator_traitsINS_9allocatorINS_4pairINS_6vectorIiNS1_IiEEEEiEEEEE11__constructIS6_JRS6_EEEvNS_17integral_constantIbLb1EEERS7_PT_DpOT0_
FN:1742,_ZNSt3__116allocator_traitsINS_9allocatorIiEEE9__destroyIiEEvNS_17integral_constantIbLb1EEERS2_PT_
FN:1742,_ZNSt3__116allocator_traitsINS_9allocatorINS_4pairINS_6vectorIiNS1_IiEEEEiEEEEE9__destroyIS6_EEvNS_17integral_constantIbLb1EEERS7_PT_
FN:1752,_ZNSt3__116allocator_traitsINS_9allocatorINS_4pairINS_6vectorIiNS1_IiEEEEiEEEEE10__max_sizeENS_17integral_constantIbLb1EEERKS7_
FN:1752,_ZNSt3__116allocator_traitsINS_9allocatorIiEEE10__max_sizeENS_17integral_constantIbLb1EEERKS2_
FN:1764,_ZNSt3__116allocator_traitsINS_9allocatorINS_4pairINS_6vectorIiNS1_IiEEEEiEEEEE39__select_on_container_copy_constructionENS_17integral_constantIbLb0EEERKS7_
FN:1764,_ZNSt3__116allocator_traitsINS_9allocatorIiEEE39__select_on_container_copy_constructionENS_17integral_constantIbLb0EEERKS2_
FN:1798,_ZNSt3__19allocatorINS_4pairINS_6vectorIiNS0_IiEEEEiEEEC2Ev
FN:1798,_ZNSt3__19allocatorIcEC2Ev
FN:1798,_ZNSt3__19allocatorIiEC2Ev
FN:1809,_ZNSt3__19allocatorINS_4pairINS_6vectorIiNS0_IiEEEEiEEE8allocateEmPKv
FN:1809,_ZNSt3__19allocatorIiE8allocateEmPKv
FN:1816,_ZNSt3__19allocatorINS_4pairINS_6vectorIiNS0_IiEEEEiEEE10deallocateEPS5_m
FN:1816,_ZNSt3__19allocatorIiE10deallocateEPim
FN:1818,_ZNKSt3__19allocatorIiE8max_sizeEv
FN:1818,_ZNKSt3__19allocatorINS_4pairINS_6vectorIiNS0_IiEEEEiEEE8max_sizeEv
FN:1824,_ZNSt3__19allocatorINS_4pairINS_6vectorIiNS0_IiEEEEiEEE9constructIS5_JRS5_EEEvPT_DpOT0_
FN:1824,_ZNSt3__19allocatorINS_4pairINS_6vectorIiNS0_IiEEEEiEEE9constructIS5_JRKS5_EEEvPT_DpOT0_
FN:1881,_ZNSt3__19allocatorIiE7destroyEPi
FN:1881,_ZNSt3__19allocatorINS_4pairINS_6vectorIiNS0_IiEEEEiEEE7destroyEPS5_
FN:2140,_ZNSt3__122__compressed_pair_elemINS_12basic_stringIcNS_11char_traitsIcEENS_9allocatorIcEEE5__repELi0ELb0EEC2Ev
FN:2147,_ZNSt3__122__compressed_pair_elemIPiLi0ELb0EEC2IDnvEEOT_
FN:2147,_ZNSt3__122__compressed_pair_elemIPNS_4pairINS_6vectorIiNS_9allocatorIiEEEEiEELi0ELb0EEC2IDnvEEOT_
FN:2163,_ZNSt3__122__compressed_pair_elemIPiLi0ELb0EE5__getEv
FN:2163,_ZNSt3__122__compressed_pair_elemIPNS_4pairINS_6vectorIiNS_9allocatorIiEEEEiEELi0ELb0EE5__getEv
FN:2165,_ZNKSt3__122__compressed_pair_elemIPiLi0ELb0EE5__getEv
FN:2165,_ZNKSt3__122__compressed_pair_elemIPNS_4pairINS_6vectorIiNS_9allocatorIiEEEEiEELi0ELb0EE5__getEv
FN:2179,_ZNSt3__122__compressed_pair_elemINS_9allocatorIcEELi1ELb1EEC2Ev
FN:2179,_ZNSt3__122__compressed_pair_elemINS_9allocatorIiEELi1ELb1EEC2Ev
FN:2179,_ZNSt3__122__compressed_pair_elemINS_9allocatorINS_4pairINS_6vectorIiNS1_IiEEEEiEEEELi1ELb1EEC2Ev
FN:2186,_ZNSt3__122__compressed_pair_elemINS_9allocatorINS_4pairINS_6vectorIiNS1_IiEEEEiEEEELi1ELb1EEC2IS7_vEEOT_
FN:2186,_ZNSt3__122__compressed_pair_elemINS_9allocatorIiEELi1ELb1EEC2IS2_vEEOT_
FN:2202,_ZNSt3__122__compressed_pair_elemINS_9allocatorINS_4pairINS_6vectorIiNS1_IiEEEEiEEEELi1ELb1EE5__getEv
FN:2202,_ZNSt3__122__compressed_pair_elemINS_9allocatorIiEELi1ELb1EE5__getEv
FN:2204,_ZNKSt3__122__compressed_pair_elemINS_9allocatorINS_4pairINS_6vectorIiNS1_IiEEEEiEEEELi1ELb1EE5__getEv
FN:2204,_ZNKSt3__122__compressed_pair_elemINS_9allocatorIiEELi1ELb1EE5__getEv
FN:2234,_ZNSt3__117__compressed_pairINS_12basic_stringIcNS_11char_traitsIcEENS_9allocatorIcEEE5__repES5_EC1ILb1EvEEv
FN:2234,_ZNSt3__117__compressed_pairINS_12basic_stringIcNS_11char_traitsIcEENS_9allocatorIcEEE5__repES5_EC2ILb1EvEEv
FN:2240,_ZNSt3__117__compressed_pairIPNS_4pairINS_6vectorIiNS_9allocatorIiEEEEiEENS3_IS6_EEEC2IDnLb1EEEOT_
FN:2240,_ZNSt3__117__compressed_pairIPiNS_9allocatorIiEEEC1IDnLb1EEEOT_
FN:2240,_ZNSt3__117__compressed_pairIPNS_4pairINS_6vectorIiNS_9allocatorIiEEEEiEENS3_IS6_EEEC1IDnLb1EEEOT_
FN:2240,_ZNSt3__117__compressed_pairIPiNS_9allocatorIiEEEC2IDnLb1EEEOT_
FN:2250,_ZNSt3__117__compressed_pairIPiNS_9allocatorIiEEEC1IDnS3_EEOT_OT0_
FN:2250,_ZNSt3__117__compressed_pairIPNS_4pairINS_6vectorIiNS_9allocatorIiEEEEiEENS3_IS6_EEEC2IDnS8_EEOT_OT0_
FN:2250,_ZNSt3__117__compressed_pairIPiNS_9allocatorIiEEEC2IDnS3_EEOT_OT0_
FN:2250,_ZNSt3__117__compressed_pairIPNS_4pairINS_6vectorIiNS_9allocatorIiEEEEiEENS3_IS6_EEEC1IDnS8_EEOT_OT0_
FN:2279,_ZNSt3__117__compressed_pairIPiNS_9allocatorIiEEE5firstEv
FN:2279,_ZNSt3__117__compressed_pairIPNS_4pairINS_6vectorIiNS_9allocatorIiEEEEiEENS3_IS6_EEE5firstEv
FN:2284,_ZNKSt3__117__compressed_pairIPNS_4pairINS_6vectorIiNS_9allocatorIiEEEEiEENS3_IS6_EEE5firstEv
FN:2284,_ZNKSt3__117__compressed_pairIPiNS_9allocatorIiEEE5firstEv
FN:2289,_ZNSt3__117__compressed_pairIPNS_4pairINS_6vectorIiNS_9allocatorIiEEEEiEENS3_IS6_EEE6secondEv
FN:2289,_ZNSt3__117__compressed_pairIPiNS_9allocatorIiEEE6secondEv
FN:2294,_ZNKSt3__117__compressed_pairIPiNS_9allocatorIiEEE6secondEv
FN:2294,_ZNKSt3__117__compressed_pairIPNS_4pairINS_6vectorIiNS_9allocatorIiEEEEiEENS3_IS6_EEE6secondEv
FNDA:640,_ZNSt3__1L16__to_raw_pointerIiEEPT_S2_
FNDA:256,_ZNSt3__1L16__to_raw_pointerINS_4pairINS_6vectorIiNS_9allocatorIiEEEEiEEEEPT_S8_
FNDA:0,_ZNSt3__116allocator_traitsINS_9allocatorIiEEE8allocateERS2_m
FNDA:0,_ZNSt3__116allocator_traitsINS_9allocatorINS_4pairINS_6vectorIiNS1_IiEEEEiEEEEE8allocateERS7_m
FNDA:0,_ZNSt3__116allocator_traitsINS_9allocatorIiEEE10deallocateERS2_Pim
FNDA:0,_ZNSt3__116allocator_traitsINS_9allocatorINS_4pairINS_6vectorIiNS1_IiEEEEiEEEEE10deallocateERS7_PS6_m
FNDA:0,_ZNSt3__116allocator_traitsINS_9allocatorINS_4pairINS_6vectorIiNS1_IiEEEEiEEEEE9constructIS6_JRKS6_EEEvRS7_PT_DpOT0_
FNDA:0,_ZNSt3__116allocator_traitsINS_9allocatorINS_4pairINS_6vectorIiNS1_IiEEEEiEEEEE9constructIS6_JRS6_EEEvRS7_PT_DpOT0_
FNDA:0,_ZNSt3__116allocator_traitsINS_9allocatorIiEEE7destroyIiEEvRS2_PT_
FNDA:0,_ZNSt3__116allocator_traitsINS_9allocatorINS_4pairINS_6vectorIiNS1_IiEEEEiEEEEE7destroyIS6_EEvRS7_PT_
FNDA:0,_ZNSt3__116allocator_traitsINS_9allocatorIiEEE8max_sizeERKS2_
FNDA:0,_ZNSt3__116allocator_traitsINS_9allocatorINS_4pairINS_6vectorIiNS1_IiEEEEiEEEEE8max_sizeERKS7_
FNDA:0,_ZNSt3__116allocator_traitsINS_9allocatorIiEEE37select_on_container_copy_constructionERKS2_
FNDA:0,_ZNSt3__116allocator_traitsINS_9allocatorINS_4pairINS_6vectorIiNS1_IiEEEEiEEEEE37select_on_container_copy_constructionERKS7_
FNDA:0,_ZNSt3__116allocator_traitsINS_9allocatorINS_4pairINS_6vectorIiNS1_IiEEEEiEEEEE25__construct_range_forwardIPKS6_PS6_EEvRS7_T_SE_RT0_
FNDA:0,_ZNSt3__116allocator_traitsINS_9allocatorINS_4pairINS_6vectorIiNS1_IiEEEEiEEEEE25__construct_range_forwardIPS6_SA_EEvRS7_T_SC_RT0_
FNDA:0,_ZNSt3__116allocator_traitsINS_9allocatorIiEEE25__construct_range_forwardIKiiiiEENS_9enable_ifIXaaaasr31is_trivially_move_constructibleIT0_EE5valuesr7is_sameIT1_T2_EE5valueooL_ZNS_17integral_constantIbLb1EE5valueEEntsr15__has_constructIS2_PS7_RT_EE5valueEvE4typeERS2_PSD_SI_RSC_
FNDA:0,_ZNSt3__116allocator_traitsINS_9allocatorIiEEE25__construct_range_forwardIiiiiEENS_9enable_ifIXaaaasr31is_trivially_move_constructibleIT0_EE5valuesr7is_sameIT1_T2_EE5valueooL_ZNS_17integral_constantIbLb1EE5valueEEntsr15__has_constructIS2_PS6_RT_EE5valueEvE4typeERS2_PSC_SH_RSB_
FNDA:0,_ZNSt3__116allocator_traitsINS_9allocatorINS_4pairINS_6vectorIiNS1_IiEEEEiEEEEE11__constructIS6_JRKS6_EEEvNS_17integral_constantIbLb1EEERS7_PT_DpOT0_
FNDA:0,_ZNSt3__116allocator_traitsINS_9allocatorINS_4pairINS_6vectorIiNS1_IiEEEEiEEEEE11__constructIS6_JRS6_EEEvNS_17integral_constantIbLb1EEERS7_PT_DpOT0_
FNDA:0,_ZNSt3__116allocator_traitsINS_9allocatorIiEEE9__destroyIiEEvNS_17integral_constantIbLb1EEERS2_PT_
FNDA:0,_ZNSt3__116allocator_traitsINS_9allocatorINS_4pairINS_6vectorIiNS1_IiEEEEiEEEEE9__destroyIS6_EEvNS_17integral_constantIbLb1EEERS7_PT_
FNDA:0,_ZNSt3__116allocator_traitsINS_9allocatorIiEEE10__max_sizeENS_17integral_constantIbLb1EEERKS2_
FNDA:0,_ZNSt3__116allocator_traitsINS_9allocatorINS_4pairINS_6vectorIiNS1_IiEEEEiEEEEE10__max_sizeENS_17integral_constantIbLb1EEERKS7_
FNDA:0,_ZNSt3__116allocator_traitsINS_9allocatorIiEEE39__select_on_container_copy_constructionENS_17integral_constantIbLb0EEERKS2_
FNDA:0,_ZNSt3__116allocator_traitsINS_9allocatorINS_4pairINS_6vectorIiNS1_IiEEEEiEEEEE39__select_on_container_copy_constructionENS_17integral_constantIbLb0EEERKS7_
FNDA:32,_ZNSt3__19allocatorIcEC2Ev
FNDA:128,_ZNSt3__19allocatorIiEC2Ev
FNDA:32,_ZNSt3__19allocatorINS_4pairINS_6vectorIiNS0_IiEEEEiEEEC2Ev
FNDA:0,_ZNSt3__19allocatorIiE8allocateEmPKv
FNDA:0,_ZNSt3__19allocatorINS_4pairINS_6vectorIiNS0_IiEEEEiEEE8allocateEmPKv
FNDA:0,_ZNSt3__19allocatorIiE10deallocateEPim
FNDA:0,_ZNSt3__19allocatorINS_4pairINS_6vectorIiNS0_IiEEEEiEEE10deallocateEPS5_m
FNDA:0,_ZNKSt3__19allocatorIiE8max_sizeEv
FNDA:0,_ZNKSt3__19allocatorINS_4pairINS_6vectorIiNS0_IiEEEEiEEE8max_sizeEv
FNDA:0,_ZNSt3__19allocatorINS_4pairINS_6vectorIiNS0_IiEEEEiEEE9constructIS5_JRKS5_EEEvPT_DpOT0_
FNDA:0,_ZNSt3__19allocatorINS_4pairINS_6vectorIiNS0_IiEEEEiEEE9constructIS5_JRS5_EEEvPT_DpOT0_
FNDA:0,_ZNSt3__19allocatorIiE7destroyEPi
FNDA:0,_ZNSt3__19allocatorINS_4pairINS_6vectorIiNS0_IiEEEEiEEE7destroyEPS5_
FNDA:32,_ZNSt3__122__compressed_pair_elemINS_12basic_stringIcNS_11char_traitsIcEENS_9allocatorIcEEE5__repELi0ELb0EEC2Ev
FNDA:128,_ZNSt3__122__compressed_pair_elemIPiLi0ELb0EEC2IDnvEEOT_
FNDA:32,_ZNSt3__122__compressed_pair_elemIPNS_4pairINS_6vectorIiNS_9allocatorIiEEEEiEELi0ELb0EEC2IDnvEEOT_
FNDA:0,_ZNSt3__122__compressed_pair_elemIPiLi0ELb0EE5__getEv
FNDA:0,_ZNSt3__122__compressed_pair_elemIPNS_4pairINS_6vectorIiNS_9allocatorIiEEEEiEELi0ELb0EE5__getEv
FNDA:320,_ZNKSt3__122__compressed_pair_elemIPiLi0ELb0EE5__getEv
FNDA:128,_ZNKSt3__122__compressed_pair_elemIPNS_4pairINS_6vectorIiNS_9allocatorIiEEEEiEELi0ELb0EE5__getEv
FNDA:32,_ZNSt3__122__compressed_pair_elemINS_9allocatorIcEELi1ELb1EEC2Ev
FNDA:128,_ZNSt3__122__compressed_pair_elemINS_9allocatorIiEELi1ELb1EEC2Ev
FNDA:32,_ZNSt3__122__compressed_pair_elemINS_9allocatorINS_4pairINS_6vectorIiNS1_IiEEEEiEEEELi1ELb1EEC2Ev
FNDA:0,_ZNSt3__122__compressed_pair_elemINS_9allocatorIiEELi1ELb1EEC2IS2_vEEOT_
FNDA:0,_ZNSt3__122__compressed_pair_elemINS_9allocatorINS_4pairINS_6vectorIiNS1_IiEEEEiEEEELi1ELb1EEC2IS7_vEEOT_
FNDA:0,_ZNSt3__122__compressed_pair_elemINS_9allocatorIiEELi1ELb1EE5__getEv
FNDA:0,_ZNSt3__122__compressed_pair_elemINS_9allocatorINS_4pairINS_6vectorIiNS1_IiEEEEiEEEELi1ELb1EE5__getEv
FNDA:0,_ZNKSt3__122__compressed_pair_elemINS_9allocatorIiEELi1ELb1EE5__getEv
FNDA:0,_ZNKSt3__122__compressed_pair_elemINS_9allocatorINS_4pairINS_6vectorIiNS1_IiEEEEiEEEELi1ELb1EE5__getEv
FNDA:32,_ZNSt3__117__compressed_pairINS_12basic_stringIcNS_11char_traitsIcEENS_9allocatorIcEEE5__repES5_EC1ILb1EvEEv
FNDA:32,_ZNSt3__117__compressed_pairINS_12basic_stringIcNS_11char_traitsIcEENS_9allocatorIcEEE5__repES5_EC2ILb1EvEEv
FNDA:128,_ZNSt3__117__compressed_pairIPiNS_9allocatorIiEEEC1IDnLb1EEEOT_
FNDA:128,_ZNSt3__117__compressed_pairIPiNS_9allocatorIiEEEC2IDnLb1EEEOT_
FNDA:32,_ZNSt3__117__compressed_pairIPNS_4pairINS_6vectorIiNS_9allocatorIiEEEEiEENS3_IS6_EEEC1IDnLb1EEEOT_
FNDA:32,_ZNSt3__117__compressed_pairIPNS_4pairINS_6vectorIiNS_9allocatorIiEEEEiEENS3_IS6_EEEC2IDnLb1EEEOT_
FNDA:0,_ZNSt3__117__compressed_pairIPiNS_9allocatorIiEEEC1IDnS3_EEOT_OT0_
FNDA:0,_ZNSt3__117__compressed_pairIPiNS_9allocatorIiEEEC2IDnS3_EEOT_OT0_
FNDA:0,_ZNSt3__117__compressed_pairIPNS_4pairINS_6vectorIiNS_9allocatorIiEEEEiEENS3_IS6_EEEC1IDnS8_EEOT_OT0_
FNDA:0,_ZNSt3__117__compressed_pairIPNS_4pairINS_6vectorIiNS_9allocatorIiEEEEiEENS3_IS6_EEEC2IDnS8_EEOT_OT0_
FNDA:0,_ZNSt3__117__compressed_pairIPiNS_9allocatorIiEEE5firstEv
FNDA:0,_ZNSt3__117__compressed_pairIPNS_4pairINS_6vectorIiNS_9allocatorIiEEEEiEENS3_IS6_EEE5firstEv
FNDA:320,_ZNKSt3__117__compressed_pairIPiNS_9allocatorIiEEE5firstEv
FNDA:128,_ZNKSt3__117__compressed_pairIPNS_4pairINS_6vectorIiNS_9allocatorIiEEEEiEENS3_IS6_EEE5firstEv
FNDA:0,_ZNSt3__117__compressed_pairIPiNS_9allocatorIiEEE6secondEv
FNDA:0,_ZNSt3__117__compressed_pairIPNS_4pairINS_6vectorIiNS_9allocatorIiEEEEiEENS3_IS6_EEE6secondEv
FNDA:0,_ZNKSt3__117__compressed_pairIPiNS_9allocatorIiEEE6secondEv
FNDA:0,_ZNKSt3__117__compressed_pairIPNS_4pairINS_6vectorIiNS_9allocatorIiEEEEiEENS3_IS6_EEE6secondEv
FNF:73
FNH:21
DA:1106,896
DA:1108,896
DA:1546,0
DA:1547,0
DA:1554,0
DA:1555,0
DA:1560,0
DA:1561,0
DA:1562,0
DA:1595,0
DA:1596,0
DA:1599,0
DA:1600,0
DA:1604,0
DA:1605,0
DA:1606,0
DA:1607,0
DA:1643,0
DA:1645,0
DA:1646,0
DA:1647,0
DA:1662,0
DA:1664,0
DA:1665,0
DA:1667,0
DA:1668,0
DA:1669,0
DA:1670,0
DA:1717,0
DA:1718,0
DA:1742,0
DA:1743,0
DA:1752,0
DA:1753,0
DA:1764,0
DA:1765,0
DA:1798,192
DA:1809,0
DA:1811,0
DA:1812,0
DA:1814,0
DA:1816,0
DA:1817,0
DA:1818,0
DA:1819,0
DA:1824,0
DA:1826,0
DA:1827,0
DA:1881,0
DA:2140,32
DA:2147,160
DA:2148,160
DA:2150,160
DA:2163,0
DA:2165,448
DA:2179,192
DA:2186,0
DA:2187,0
DA:2188,0
DA:2202,0
DA:2204,0
DA:2234,64
DA:2240,320
DA:2241,320
DA:2250,0
DA:2251,0
DA:2279,0
DA:2280,0
DA:2284,448
DA:2285,448
DA:2289,0
DA:2290,0
DA:2294,0
DA:2295,0
LF:74
LH:14
end_of_record
SF:/Library/Developer/CommandLineTools/usr/include/c++/v1/new
FN:223,_ZNSt3__1L17__libcpp_allocateEmm
FN:245,_ZNSt3__117_DeallocateCaller33__do_deallocate_handle_size_alignEPvmm
FN:275,_ZNSt3__117_DeallocateCaller27__do_deallocate_handle_sizeEPvm
FN:316,_ZNSt3__117_DeallocateCaller9__do_callEPv
FN:325,_ZNSt3__1L19__libcpp_deallocateEPvmm
FNDA:0,_ZNSt3__1L17__libcpp_allocateEmm
FNDA:0,_ZNSt3__117_DeallocateCaller33__do_deallocate_handle_size_alignEPvmm
FNDA:0,_ZNSt3__117_DeallocateCaller27__do_deallocate_handle_sizeEPvm
FNDA:0,_ZNSt3__117_DeallocateCaller9__do_callEPv
FNDA:0,_ZNSt3__1L19__libcpp_deallocateEPvmm
FNF:5
FNH:0
DA:223,0
DA:239,0
DA:245,0
DA:248,0
DA:275,0
DA:278,0
DA:316,0
DA:320,0
DA:325,0
DA:326,0
DA:327,0
LF:11
LH:0
end_of_record
SF:/Library/Developer/CommandLineTools/usr/include/c++/v1/stdexcept
FN:136,_ZNSt12length_errorC2EPKc
FN:136,_ZNSt12length_errorC1EPKc
FN:222,_ZNSt3__1L20__throw_length_errorEPKc
FNDA:0,_ZNSt12length_errorC1EPKc
FNDA:0,_ZNSt12length_errorC2EPKc
FNDA:0,_ZNSt3__1L20__throw_length_errorEPKc
FNF:3
FNH:0
DA:136,0
DA:222,0
DA:225,0
DA:230,0
LF:4
LH:0
end_of_record
SF:/Library/Developer/CommandLineTools/usr/include/c++/v1/string
FN:818,_ZNSt3__112basic_stringIcNS_11char_traitsIcEENS_9allocatorIcEEEC1IDnEEPKc
FN:818,_ZNSt3__112basic_stringIcNS_11char_traitsIcEENS_9allocatorIcEEEC2IDnEEPKc
FNDA:32,_ZNSt3__112basic_stringIcNS_11char_traitsIcEENS_9allocatorIcEEEC1IDnEEPKc
FNDA:32,_ZNSt3__112basic_stringIcNS_11char_traitsIcEENS_9allocatorIcEEEC2IDnEEPKc
FNF:2
FNH:2
DA:818,64
DA:820,32
DA:824,64
LF:3
LH:3
end_of_record
SF:/Library/Developer/CommandLineTools/usr/include/c++/v1/type_traits
FN:2310,_ZNSt3__1L4moveIRNS_9allocatorINS_4pairINS_6vectorIiNS1_IiEEEEiEEEEEEONS_16remove_referenceIT_E4typeEOSA_
FN:2310,_ZNSt3__1L4moveIRNS_9allocatorIiEEEEONS_16remove_referenceIT_E4typeEOS5_
FN:2319,_ZNSt3__1L7forwardINS_9allocatorINS_4pairINS_6vectorIiNS1_IiEEEEiEEEEEEOT_RNS_16remove_referenceIS8_E4typeE
FN:2319,_ZNSt3__1L7forwardINS_9allocatorIiEEEEOT_RNS_16remove_referenceIS3_E4typeE
FN:2319,_ZNSt3__1L7forwardIRKNS_4pairINS_6vectorIiNS_9allocatorIiEEEEiEEEEOT_RNS_16remove_referenceIS9_E4typeE
FN:2319,_ZNSt3__1L7forwardIDnEEOT_RNS_16remove_referenceIS1_E4typeE
FN:2319,_ZNSt3__1L7forwardIRNS_6vectorIiNS_9allocatorIiEEEEEEOT_RNS_16remove_referenceIS6_E4typeE
FN:2319,_ZNSt3__1L7forwardIRNS_4pairINS_6vectorIiNS_9allocatorIiEEEEiEEEEOT_RNS_16remove_referenceIS8_E4typeE
FN:2319,_ZNSt3__1L7forwardIiEEOT_RNS_16remove_referenceIS1_E4typeE
FNDA:0,_ZNSt3__1L4moveIRNS_9allocatorIiEEEEONS_16remove_referenceIT_E4typeEOS5_
FNDA:0,_ZNSt3__1L4moveIRNS_9allocatorINS_4pairINS_6vectorIiNS1_IiEEEEiEEEEEEONS_16remove_referenceIT_E4typeEOSA_
FNDA:320,_ZNSt3__1L7forwardIDnEEOT_RNS_16remove_referenceIS1_E4typeE
FNDA:192,_ZNSt3__1L7forwardIRNS_6vectorIiNS_9allocatorIiEEEEEEOT_RNS_16remove_referenceIS6_E4typeE
FNDA:192,_ZNSt3__1L7forwardIiEEOT_RNS_16remove_referenceIS1_E4typeE
FNDA:0,_ZNSt3__1L7forwardINS_9allocatorIiEEEEOT_RNS_16remove_referenceIS3_E4typeE
FNDA:0,_ZNSt3__1L7forwardIRKNS_4pairINS_6vectorIiNS_9allocatorIiEEEEiEEEEOT_RNS_16remove_referenceIS9_E4typeE
FNDA:0,_ZNSt3__1L7forwardINS_9allocatorINS_4pairINS_6vectorIiNS1_IiEEEEiEEEEEEOT_RNS_16remove_referenceIS8_E4typeE
FNDA:0,_ZNSt3__1L7forwardIRNS_4pairINS_6vectorIiNS_9allocatorIiEEEEiEEEEOT_RNS_16remove_referenceIS8_E4typeE
FNF:9
FNH:3
DA:2310,0
DA:2313,0
DA:2319,704
DA:2321,704
LF:4
LH:2
end_of_record
SF:/Library/Developer/CommandLineTools/usr/include/c++/v1/utility
FN:316,_ZNSt3__14pairINS_6vectorIiNS_9allocatorIiEEEEiED1Ev
FN:316,_ZNSt3__14pairINS_6vectorIiNS_9allocatorIiEEEEiED2Ev
FN:328,_ZNSt3__14pairINS_6vectorIiNS_9allocatorIiEEEEiEC2ERKS5_
FN:328,_ZNSt3__14pairINS_6vectorIiNS_9allocatorIiEEEEiEC1ERKS5_
FN:448,_ZNSt3__14pairINS_6vectorIiNS_9allocatorIiEEEEiEC1IRS4_iLb0EEEOT_OT0_
FN:448,_ZNSt3__14pairINS_6vectorIiNS_9allocatorIiEEEEiEC2IRS4_iLb0EEEOT_OT0_
FN:668,_ZNSt3__1L9make_pairIRNS_6vectorIiNS_9allocatorIiEEEEiEENS_4pairINS_18__unwrap_ref_decayIT_E4typeENS7_IT0_E4typeEEEOS8_OSB_
FNDA:0,_ZNSt3__14pairINS_6vectorIiNS_9allocatorIiEEEEiED1Ev
FNDA:0,_ZNSt3__14pairINS_6vectorIiNS_9allocatorIiEEEEiED2Ev
FNDA:0,_ZNSt3__14pairINS_6vectorIiNS_9allocatorIiEEEEiEC1ERKS5_
FNDA:0,_ZNSt3__14pairINS_6vectorIiNS_9allocatorIiEEEEiEC2ERKS5_
FNDA:96,_ZNSt3__14pairINS_6vectorIiNS_9allocatorIiEEEEiEC1IRS4_iLb0EEEOT_OT0_
FNDA:96,_ZNSt3__14pairINS_6vectorIiNS_9allocatorIiEEEEiEC2IRS4_iLb0EEEOT_OT0_
FNDA:96,_ZNSt3__1L9make_pairIRNS_6vectorIiNS_9allocatorIiEEEEiEENS_4pairINS_18__unwrap_ref_decayIT_E4typeENS7_IT0_E4typeEEEOS8_OSB_
FNF:7
FNH:3
DA:316,0
DA:328,0
DA:448,192
DA:451,192
DA:668,96
DA:670,96
DA:671,96
LF:7
LH:5
end_of_record
SF:/Library/Developer/CommandLineTools/usr/include/c++/v1/vector
FN:304,_ZNSt3__120__vector_base_commonILb1EEC2Ev
FN:348,_ZNSt3__113__vector_baseINS_4pairINS_6vectorIiNS_9allocatorIiEEEEiEENS3_IS6_EEE7__allocEv
FN:348,_ZNSt3__113__vector_baseIiNS_9allocatorIiEEE7__allocEv
FN:351,_ZNKSt3__113__vector_baseIiNS_9allocatorIiEEE7__allocEv
FN:351,_ZNKSt3__113__vector_baseINS_4pairINS_6vectorIiNS_9allocatorIiEEEEiEENS3_IS6_EEE7__allocEv
FN:354,_ZNSt3__113__vector_baseIiNS_9allocatorIiEEE9__end_capEv
FN:354,_ZNSt3__113__vector_baseINS_4pairINS_6vectorIiNS_9allocatorIiEEEEiEENS3_IS6_EEE9__end_capEv
FN:357,_ZNKSt3__113__vector_baseIiNS_9allocatorIiEEE9__end_capEv
FN:357,_ZNKSt3__113__vector_baseINS_4pairINS_6vectorIiNS_9allocatorIiEEEEiEENS3_IS6_EEE9__end_capEv
FN:370,_ZNSt3__113__vector_baseIiNS_9allocatorIiEEE5clearEv
FN:370,_ZNSt3__113__vector_baseINS_4pairINS_6vectorIiNS_9allocatorIiEEEEiEENS3_IS6_EEE5clearEv
FN:372,_ZNKSt3__113__vector_baseINS_4pairINS_6vectorIiNS_9allocatorIiEEEEiEENS3_IS6_EEE8capacityEv
FN:372,_ZNKSt3__113__vector_baseIiNS_9allocatorIiEEE8capacityEv
FN:423,_ZNSt3__113__vector_baseINS_4pairINS_6vectorIiNS_9allocatorIiEEEEiEENS3_IS6_EEE17__destruct_at_endEPS6_
FN:423,_ZNSt3__113__vector_baseIiNS_9allocatorIiEEE17__destruct_at_endEPi
FN:433,_ZNSt3__113__vector_baseINS_4pairINS_6vectorIiNS_9allocatorIiEEEEiEENS3_IS6_EEEC2Ev
FN:433,_ZNSt3__113__vector_baseIiNS_9allocatorIiEEEC2Ev
FN:453,_ZNSt3__113__vector_baseINS_4pairINS_6vectorIiNS_9allocatorIiEEEEiEENS3_IS6_EEEC2EOS7_
FN:453,_ZNSt3__113__vector_baseIiNS_9allocatorIiEEEC2EOS2_
FN:460,_ZNSt3__113__vector_baseIiNS_9allocatorIiEEED2Ev
FN:460,_ZNSt3__113__vector_baseINS_4pairINS_6vectorIiNS_9allocatorIiEEEEiEENS3_IS6_EEED2Ev
FN:550,_ZNSt3__16vectorINS_4pairINS0_IiNS_9allocatorIiEEEEiEENS2_IS5_EEED1Ev
FN:550,_ZNSt3__16vectorIiNS_9allocatorIiEEED1Ev
FN:550,_ZNSt3__16vectorIiNS_9allocatorIiEEED2Ev
FN:550,_ZNSt3__16vectorINS_4pairINS0_IiNS_9allocatorIiEEEEiEENS2_IS5_EEED2Ev
FN:656,_ZNKSt3__16vectorINS_4pairINS0_IiNS_9allocatorIiEEEEiEENS2_IS5_EEE4sizeEv
FN:656,_ZNKSt3__16vectorIiNS_9allocatorIiEEE4sizeEv
FN:659,_ZNKSt3__16vectorIiNS_9allocatorIiEEE8capacityEv
FN:659,_ZNKSt3__16vectorINS_4pairINS0_IiNS_9allocatorIiEEEEiEENS2_IS5_EEE8capacityEv
FN:698,_ZNKSt3__16vectorIiNS_9allocatorIiEEE4dataEv
FN:698,_ZNKSt3__16vectorINS_4pairINS0_IiNS_9allocatorIiEEEEiEENS2_IS5_EEE4dataEv
FN:862,_ZNKSt3__16vectorINS_4pairINS0_IiNS_9allocatorIiEEEEiEENS2_IS5_EEE31__annotate_contiguous_containerEPKvS9_S9_S9_
FN:862,_ZNKSt3__16vectorIiNS_9allocatorIiEEE31__annotate_contiguous_containerEPKvS5_S5_S5_
FN:866,_ZNKSt3__16vectorINS_4pairINS0_IiNS_9allocatorIiEEEEiEENS2_IS5_EEE14__annotate_newEm
FN:866,_ZNKSt3__16vectorIiNS_9allocatorIiEEE14__annotate_newEm
FN:872,_ZNKSt3__16vectorINS_4pairINS0_IiNS_9allocatorIiEEEEiEENS2_IS5_EEE17__annotate_deleteEv
FN:872,_ZNKSt3__16vectorIiNS_9allocatorIiEEE17__annotate_deleteEv
FN:910,_ZNSt3__16vectorINS_4pairINS0_IiNS_9allocatorIiEEEEiEENS2_IS5_EEE24__RAII_IncreaseAnnotatorC1ERKS7_m
FN:910,_ZNSt3__16vectorIiNS_9allocatorIiEEE24__RAII_IncreaseAnnotatorC2ERKS3_m
FN:910,_ZNSt3__16vectorINS_4pairINS0_IiNS_9allocatorIiEEEEiEENS2_IS5_EEE24__RAII_IncreaseAnnotatorC2ERKS7_m
FN:910,_ZNSt3__16vectorIiNS_9allocatorIiEEE24__RAII_IncreaseAnnotatorC1ERKS3_m
FN:911,_ZNSt3__16vectorINS_4pairINS0_IiNS_9allocatorIiEEEEiEENS2_IS5_EEE24__RAII_IncreaseAnnotator6__doneEv
FN:911,_ZNSt3__16vectorIiNS_9allocatorIiEEE24__RAII_IncreaseAnnotator6__doneEv
FN:973,_ZNSt3__16vectorIiNS_9allocatorIiEEE11__vallocateEm
FN:973,_ZNSt3__16vectorINS_4pairINS0_IiNS_9allocatorIiEEEEiEENS2_IS5_EEE11__vallocateEm
FN:996,_ZNKSt3__16vectorINS_4pairINS0_IiNS_9allocatorIiEEEEiEENS2_IS5_EEE8max_sizeEv
FN:996,_ZNKSt3__16vectorIiNS_9allocatorIiEEE8max_sizeEv
FN:1066,_ZNSt3__16vectorINS_4pairINS0_IiNS_9allocatorIiEEEEiEENS2_IS5_EEE18__construct_at_endIPS5_EENS_9enable_ifIXsr21__is_forward_iteratorIT_EE5valueEvE4typeESB_SB_m
FN:1066,_ZNSt3__16vectorIiNS_9allocatorIiEEE18__construct_at_endIPKiEENS_9enable_ifIXsr21__is_forward_iteratorIT_EE5valueEvE4typeES8_S8_m
FN:1066,_ZNSt3__16vectorIiNS_9allocatorIiEEE18__construct_at_endIPiEENS_9enable_ifIXsr21__is_forward_iteratorIT_EE5valueEvE4typeES7_S7_m
FN:1066,_ZNSt3__16vectorINS_4pairINS0_IiNS_9allocatorIiEEEEiEENS2_IS5_EEE18__construct_at_endIPKS5_EENS_9enable_ifIXsr21__is_forward_iteratorIT_EE5valueEvE4typeESC_SC_m
FN:1243,_ZNSt3__16vectorINS_4pairINS0_IiNS_9allocatorIiEEEEiEENS2_IS5_EEEC2ERKS7_
FN:1243,_ZNSt3__16vectorIiNS_9allocatorIiEEEC1ERKS3_
FN:1243,_ZNSt3__16vectorINS_4pairINS0_IiNS_9allocatorIiEEEEiEENS2_IS5_EEEC1ERKS7_
FN:1243,_ZNSt3__16vectorIiNS_9allocatorIiEEEC2ERKS3_
FN:1321,_ZNSt3__16vectorIiNS_9allocatorIiEEEC2ESt16initializer_listIiE
FN:1321,_ZNSt3__16vectorINS_4pairINS0_IiNS_9allocatorIiEEEEiEENS2_IS5_EEEC1ESt16initializer_listIS5_E
FN:1321,_ZNSt3__16vectorINS_4pairINS0_IiNS_9allocatorIiEEEEiEENS2_IS5_EEEC2ESt16initializer_listIS5_E
FN:1321,_ZNSt3__16vectorIiNS_9allocatorIiEEEC1ESt16initializer_listIiE
FNDA:160,_ZNSt3__120__vector_base_commonILb1EEC2Ev
FNDA:0,_ZNSt3__113__vector_baseIiNS_9allocatorIiEEE7__allocEv
FNDA:0,_ZNSt3__113__vector_baseINS_4pairINS_6vectorIiNS_9allocatorIiEEEEiEENS3_IS6_EEE7__allocEv
FNDA:0,_ZNKSt3__113__vector_baseIiNS_9allocatorIiEEE7__allocEv
FNDA:0,_ZNKSt3__113__vector_baseINS_4pairINS_6vectorIiNS_9allocatorIiEEEEiEENS3_IS6_EEE7__allocEv
FNDA:0,_ZNSt3__113__vector_baseIiNS_9allocatorIiEEE9__end_capEv
FNDA:0,_ZNSt3__113__vector_baseINS_4pairINS_6vectorIiNS_9allocatorIiEEEEiEENS3_IS6_EEE9__end_capEv
FNDA:320,_ZNKSt3__113__vector_baseIiNS_9allocatorIiEEE9__end_capEv
FNDA:128,_ZNKSt3__113__vector_baseINS_4pairINS_6vectorIiNS_9allocatorIiEEEEiEENS3_IS6_EEE9__end_capEv
FNDA:0,_ZNSt3__113__vector_baseIiNS_9allocatorIiEEE5clearEv
FNDA:0,_ZNSt3__113__vector_baseINS_4pairINS_6vectorIiNS_9allocatorIiEEEEiEENS3_IS6_EEE5clearEv
FNDA:320,_ZNKSt3__113__vector_baseIiNS_9allocatorIiEEE8capacityEv
FNDA:128,_ZNKSt3__113__vector_baseINS_4pairINS_6vectorIiNS_9allocatorIiEEEEiEENS3_IS6_EEE8capacityEv
FNDA:0,_ZNSt3__113__vector_baseIiNS_9allocatorIiEEE17__destruct_at_endEPi
FNDA:0,_ZNSt3__113__vector_baseINS_4pairINS_6vectorIiNS_9allocatorIiEEEEiEENS3_IS6_EEE17__destruct_at_endEPS6_
FNDA:128,_ZNSt3__113__vector_baseIiNS_9allocatorIiEEEC2Ev
FNDA:32,_ZNSt3__113__vector_baseINS_4pairINS_6vectorIiNS_9allocatorIiEEEEiEENS3_IS6_EEEC2Ev
FNDA:0,_ZNSt3__113__vector_baseIiNS_9allocatorIiEEEC2EOS2_
FNDA:0,_ZNSt3__113__vector_baseINS_4pairINS_6vectorIiNS_9allocatorIiEEEEiEENS3_IS6_EEEC2EOS7_
FNDA:0,_ZNSt3__113__vector_baseIiNS_9allocatorIiEEED2Ev
FNDA:0,_ZNSt3__113__vector_baseINS_4pairINS_6vectorIiNS_9allocatorIiEEEEiEENS3_IS6_EEED2Ev
FNDA:160,_ZNSt3__16vectorIiNS_9allocatorIiEEED1Ev
FNDA:64,_ZNSt3__16vectorINS_4pairINS0_IiNS_9allocatorIiEEEEiEENS2_IS5_EEED1Ev
FNDA:160,_ZNSt3__16vectorIiNS_9allocatorIiEEED2Ev
FNDA:64,_ZNSt3__16vectorINS_4pairINS0_IiNS_9allocatorIiEEEEiEENS2_IS5_EEED2Ev
FNDA:160,_ZNKSt3__16vectorIiNS_9allocatorIiEEE4sizeEv
FNDA:64,_ZNKSt3__16vectorINS_4pairINS0_IiNS_9allocatorIiEEEEiEENS2_IS5_EEE4sizeEv
FNDA:320,_ZNKSt3__16vectorIiNS_9allocatorIiEEE8capacityEv
FNDA:128,_ZNKSt3__16vectorINS_4pairINS0_IiNS_9allocatorIiEEEEiEENS2_IS5_EEE8capacityEv
FNDA:640,_ZNKSt3__16vectorIiNS_9allocatorIiEEE4dataEv
FNDA:256,_ZNKSt3__16vectorINS_4pairINS0_IiNS_9allocatorIiEEEEiEENS2_IS5_EEE4dataEv
FNDA:160,_ZNKSt3__16vectorIiNS_9allocatorIiEEE31__annotate_contiguous_containerEPKvS5_S5_S5_
FNDA:64,_ZNKSt3__16vectorINS_4pairINS0_IiNS_9allocatorIiEEEEiEENS2_IS5_EEE31__annotate_contiguous_containerEPKvS9_S9_S9_
FNDA:0,_ZNKSt3__16vectorIiNS_9allocatorIiEEE14__annotate_newEm
FNDA:0,_ZNKSt3__16vectorINS_4pairINS0_IiNS_9allocatorIiEEEEiEENS2_IS5_EEE14__annotate_newEm
FNDA:160,_ZNKSt3__16vectorIiNS_9allocatorIiEEE17__annotate_deleteEv
FNDA:64,_ZNKSt3__16vectorINS_4pairINS0_IiNS_9allocatorIiEEEEiEENS2_IS5_EEE17__annotate_deleteEv
FNDA:0,_ZNSt3__16vectorIiNS_9allocatorIiEEE24__RAII_IncreaseAnnotatorC1ERKS3_m
FNDA:0,_ZNSt3__16vectorIiNS_9allocatorIiEEE24__RAII_IncreaseAnnotatorC2ERKS3_m
FNDA:0,_ZNSt3__16vectorINS_4pairINS0_IiNS_9allocatorIiEEEEiEENS2_IS5_EEE24__RAII_IncreaseAnnotatorC1ERKS7_m
FNDA:0,_ZNSt3__16vectorINS_4pairINS0_IiNS_9allocatorIiEEEEiEENS2_IS5_EEE24__RAII_IncreaseAnnotatorC2ERKS7_m
FNDA:0,_ZNSt3__16vectorIiNS_9allocatorIiEEE24__RAII_IncreaseAnnotator6__doneEv
FNDA:0,_ZNSt3__16vectorINS_4pairINS0_IiNS_9allocatorIiEEEEiEENS2_IS5_EEE24__RAII_IncreaseAnnotator6__doneEv
FNDA:0,_ZNSt3__16vectorIiNS_9allocatorIiEEE11__vallocateEm
FNDA:0,_ZNSt3__16vectorINS_4pairINS0_IiNS_9allocatorIiEEEEiEENS2_IS5_EEE11__vallocateEm
FNDA:0,_ZNKSt3__16vectorIiNS_9allocatorIiEEE8max_sizeEv
FNDA:0,_ZNKSt3__16vectorINS_4pairINS0_IiNS_9allocatorIiEEEEiEENS2_IS5_EEE8max_sizeEv
FNDA:0,_ZNSt3__16vectorIiNS_9allocatorIiEEE18__construct_at_endIPKiEENS_9enable_ifIXsr21__is_forward_iteratorIT_EE5valueEvE4typeES8_S8_m
FNDA:0,_ZNSt3__16vectorIiNS_9allocatorIiEEE18__construct_at_endIPiEENS_9enable_ifIXsr21__is_forward_iteratorIT_EE5valueEvE4typeES7_S7_m
FNDA:0,_ZNSt3__16vectorINS_4pairINS0_IiNS_9allocatorIiEEEEiEENS2_IS5_EEE18__construct_at_endIPKS5_EENS_9enable_ifIXsr21__is_forward_iteratorIT_EE5valueEvE4typeESC_SC_m
FNDA:0,_ZNSt3__16vectorINS_4pairINS0_IiNS_9allocatorIiEEEEiEENS2_IS5_EEE18__construct_at_endIPS5_EENS_9enable_ifIXsr21__is_forward_iteratorIT_EE5valueEvE4typeESB_SB_m
FNDA:0,_ZNSt3__16vectorINS_4pairINS0_IiNS_9allocatorIiEEEEiEENS2_IS5_EEEC1ERKS7_
FNDA:0,_ZNSt3__16vectorIiNS_9allocatorIiEEEC1ERKS3_
FNDA:0,_ZNSt3__16vectorIiNS_9allocatorIiEEEC2ERKS3_
FNDA:0,_ZNSt3__16vectorINS_4pairINS0_IiNS_9allocatorIiEEEEiEENS2_IS5_EEEC2ERKS7_
FNDA:128,_ZNSt3__16vectorIiNS_9allocatorIiEEEC1ESt16initializer_listIiE
FNDA:32,_ZNSt3__16vectorINS_4pairINS0_IiNS_9allocatorIiEEEEiEENS2_IS5_EEEC1ESt16initializer_listIS5_E
FNDA:128,_ZNSt3__16vectorIiNS_9allocatorIiEEEC2ESt16initializer_listIiE
FNDA:32,_ZNSt3__16vectorINS_4pairINS0_IiNS_9allocatorIiEEEEiEENS2_IS5_EEEC2ESt16initializer_listIS5_E
FNF:59
FNH:25
DA:304,160
DA:348,0
DA:349,0
DA:351,0
DA:352,0
DA:354,0
DA:355,0
DA:357,448
DA:358,448
DA:361,160
DA:365,0
DA:370,0
DA:372,448
DA:373,448
DA:423,0
DA:425,0
DA:426,0
DA:427,0
DA:428,0
DA:429,0
DA:433,160
DA:435,160
DA:436,160
DA:437,160
DA:438,160
DA:439,160
DA:453,0
DA:454,0
DA:455,0
DA:456,0
DA:460,0
DA:462,0
DA:464,0
DA:465,0
DA:466,0
DA:467,0
DA:550,448
DA:551,224
DA:552,224
DA:556,448
DA:565,160
DA:656,224
DA:657,224
DA:659,448
DA:660,448
DA:698,896
DA:699,896
DA:862,224
DA:863,224
DA:866,0
DA:867,0
DA:868,0
DA:869,0
DA:872,224
DA:873,448
DA:874,224
DA:875,224
DA:910,0
DA:911,0
DA:973,0
DA:975,0
DA:976,0
DA:977,0
DA:978,0
DA:979,0
DA:980,0
DA:996,0
DA:998,0
DA:999,0
DA:1066,0
DA:1068,0
DA:1069,0
DA:1070,0
DA:1071,0
DA:1072,0
DA:1243,0
DA:1244,0
DA:1245,0
DA:1249,0
DA:1250,0
DA:1252,0
DA:1253,0
DA:1254,0
DA:1255,0
DA:1321,320
DA:1322,320
DA:1326,160
DA:1328,160
DA:1329,160
DA:1330,160
DA:1331,320
LF:91
LH:36
end_of_record
SF:/Users/usuario/Desktop/LabAlgo1/tp2/reunionesRemotas/lib/gtest.h
FN:8201,_ZN7testing8internal15TestFactoryBaseD1Ev
FN:8201,_ZN7testing8internal15TestFactoryBaseD0Ev
FN:8201,_ZN7testing8internal15TestFactoryBaseD2Ev
FN:8208,_ZN7testing8internal15TestFactoryBaseC2Ev
FN:8217,_ZN7testing8internal15TestFactoryImplI53tonosDeVozElevadosTEST_tonosDeVozElevadosValido6_TestEC2Ev
FN:8217,_ZN7testing8internal15TestFactoryImplI53tonosDeVozElevadosTEST_tonosDeVozElevadosValido5_TestED0Ev
FN:8217,_ZN7testing8internal15TestFactoryImplI53tonosDeVozElevadosTEST_tonosDeVozElevadosValido2_TestEC1Ev
FN:8217,_ZN7testing8internal15TestFactoryImplI53tonosDeVozElevadosTEST_tonosDeVozElevadosValido4_TestED2Ev
FN:8217,_ZN7testing8internal15TestFactoryImplI53tonosDeVozElevadosTEST_tonosDeVozElevadosValido6_TestEC1Ev
FN:8217,_ZN7testing8internal15TestFactoryImplI53tonosDeVozElevadosTEST_tonosDeVozElevadosValido5_TestEC1Ev
FN:8217,_ZN7testing8internal15TestFactoryImplI53tonosDeVozElevadosTEST_tonosDeVozElevadosValido5_TestED1Ev
FN:8217,_ZN7testing8internal15TestFactoryImplI53tonosDeVozElevadosTEST_tonosDeVozElevadosValido5_TestEC2Ev
FN:8217,_ZN7testing8internal15TestFactoryImplI52tonosDeVozElevadosTEST_tonosDeVozElevadosValido_TestEC2Ev
FN:8217,_ZN7testing8internal15TestFactoryImplI53tonosDeVozElevadosTEST_tonosDeVozElevadosValido2_TestED2Ev
FN:8217,_ZN7testing8internal15TestFactoryImplI52tonosDeVozElevadosTEST_tonosDeVozElevadosValido_TestED0Ev
FN:8217,_ZN7testing8internal15TestFactoryImplI53tonosDeVozElevadosTEST_tonosDeVozElevadosValido4_TestEC1Ev
FN:8217,_ZN7testing8internal15TestFactoryImplI53tonosDeVozElevadosTEST_tonosDeVozElevadosValido3_TestED2Ev
FN:8217,_ZN7testing8internal15TestFactoryImplI52tonosDeVozElevadosTEST_tonosDeVozElevadosValido_TestEC1Ev
FN:8217,_ZN7testing8internal15TestFactoryImplI53tonosDeVozElevadosTEST_tonosDeVozElevadosValido2_TestEC2Ev
FN:8217,_ZN7testing8internal15TestFactoryImplI53tonosDeVozElevadosTEST_tonosDeVozElevadosValido7_TestEC2Ev
FN:8217,_ZN7testing8internal15TestFactoryImplI53tonosDeVozElevadosTEST_tonosDeVozElevadosValido2_TestED1Ev
FN:8217,_ZN7testing8internal15TestFactoryImplI53tonosDeVozElevadosTEST_tonosDeVozElevadosValido7_TestED1Ev
FN:8217,_ZN7testing8internal15TestFactoryImplI53tonosDeVozElevadosTEST_tonosDeVozElevadosValido3_TestEC2Ev
FN:8217,_ZN7testing8internal15TestFactoryImplI53tonosDeVozElevadosTEST_tonosDeVozElevadosValido3_TestED0Ev
FN:8217,_ZN7testing8internal15TestFactoryImplI53tonosDeVozElevadosTEST_tonosDeVozElevadosValido7_TestED0Ev
FN:8217,_ZN7testing8internal15TestFactoryImplI53tonosDeVozElevadosTEST_tonosDeVozElevadosValido5_TestED2Ev
FN:8217,_ZN7testing8internal15TestFactoryImplI53tonosDeVozElevadosTEST_tonosDeVozElevadosValido4_TestED0Ev
FN:8217,_ZN7testing8internal15TestFactoryImplI53tonosDeVozElevadosTEST_tonosDeVozElevadosValido6_TestED2Ev
FN:8217,_ZN7testing8internal15TestFactoryImplI53tonosDeVozElevadosTEST_tonosDeVozElevadosValido2_TestED0Ev
FN:8217,_ZN7testing8internal15TestFactoryImplI53tonosDeVozElevadosTEST_tonosDeVozElevadosValido4_TestED1Ev
FN:8217,_ZN7testing8internal15TestFactoryImplI52tonosDeVozElevadosTEST_tonosDeVozElevadosValido_TestED1Ev
FN:8217,_ZN7testing8internal15TestFactoryImplI53tonosDeVozElevadosTEST_tonosDeVozElevadosValido6_TestED0Ev
FN:8217,_ZN7testing8internal15TestFactoryImplI53tonosDeVozElevadosTEST_tonosDeVozElevadosValido8_TestEC1Ev
FN:8217,_ZN7testing8internal15TestFactoryImplI53tonosDeVozElevadosTEST_tonosDeVozElevadosValido3_TestED1Ev
FN:8217,_ZN7testing8internal15TestFactoryImplI53tonosDeVozElevadosTEST_tonosDeVozElevadosValido8_TestED0Ev
FN:8217,_ZN7testing8internal15TestFactoryImplI53tonosDeVozElevadosTEST_tonosDeVozElevadosValido4_TestEC2Ev
FN:8217,_ZN7testing8internal15TestFactoryImplI53tonosDeVozElevadosTEST_tonosDeVozElevadosValido3_TestEC1Ev
FN:8217,_ZN7testing8internal15TestFactoryImplI53tonosDeVozElevadosTEST_tonosDeVozElevadosValido6_TestED1Ev
FN:8217,_ZN7testing8internal15TestFactoryImplI53tonosDeVozElevadosTEST_tonosDeVozElevadosValido7_TestED2Ev
FN:8217,_ZN7testing8internal15TestFactoryImplI53tonosDeVozElevadosTEST_tonosDeVozElevadosValido8_TestED2Ev
FN:8217,_ZN7testing8internal15TestFactoryImplI53tonosDeVozElevadosTEST_tonosDeVozElevadosValido7_TestEC1Ev
FN:8217,_ZN7testing8internal15TestFactoryImplI53tonosDeVozElevadosTEST_tonosDeVozElevadosValido8_TestED1Ev
FN:8217,_ZN7testing8internal15TestFactoryImplI53tonosDeVozElevadosTEST_tonosDeVozElevadosValido8_TestEC2Ev
FN:8217,_ZN7testing8internal15TestFactoryImplI52tonosDeVozElevadosTEST_tonosDeVozElevadosValido_TestED2Ev
FN:8219,_ZN7testing8internal15TestFactoryImplI52tonosDeVozElevadosTEST_tonosDeVozElevadosValido_TestE10CreateTestEv
FN:8219,_ZN7testing8internal15TestFactoryImplI53tonosDeVozElevadosTEST_tonosDeVozElevadosValido7_TestE10CreateTestEv
FN:8219,_ZN7testing8internal15TestFactoryImplI53tonosDeVozElevadosTEST_tonosDeVozElevadosValido6_TestE10CreateTestEv
FN:8219,_ZN7testing8internal15TestFactoryImplI53tonosDeVozElevadosTEST_tonosDeVozElevadosValido4_TestE10CreateTestEv
FN:8219,_ZN7testing8internal15TestFactoryImplI53tonosDeVozElevadosTEST_tonosDeVozElevadosValido3_TestE10CreateTestEv
FN:8219,_ZN7testing8internal15TestFactoryImplI53tonosDeVozElevadosTEST_tonosDeVozElevadosValido2_TestE10CreateTestEv
FN:8219,_ZN7testing8internal15TestFactoryImplI53tonosDeVozElevadosTEST_tonosDeVozElevadosValido8_TestE10CreateTestEv
FN:8219,_ZN7testing8internal15TestFactoryImplI53tonosDeVozElevadosTEST_tonosDeVozElevadosValido5_TestE10CreateTestEv
FN:8239,_ZN7testing8internal12CodeLocationD1Ev
FN:8239,_ZN7testing8internal12CodeLocationD2Ev
FN:8240,_ZN7testing8internal12CodeLocationC2ERKNSt3__112basic_stringIcNS2_11char_traitsIcEENS2_9allocatorIcEEEEi
FN:8240,_ZN7testing8internal12CodeLocationC1ERKNSt3__112basic_stringIcNS2_11char_traitsIcEENS2_9allocatorIcEEEEi
FN:18988,_ZN7testing4Test13SetUpTestCaseEv
FN:18996,_ZN7testing4Test16TearDownTestCaseEv
FN:19073,_ZN7testing4Test5SetupEv
FNDA:0,_ZN7testing8internal15TestFactoryBaseD1Ev
FNDA:0,_ZN7testing8internal15TestFactoryBaseD0Ev
FNDA:0,_ZN7testing8internal15TestFactoryBaseD2Ev
FNDA:0,_ZN7testing8internal15TestFactoryBaseC2Ev
FNDA:4,_ZN7testing8internal15TestFactoryImplI52tonosDeVozElevadosTEST_tonosDeVozElevadosValido_TestEC1Ev
FNDA:4,_ZN7testing8internal15TestFactoryImplI53tonosDeVozElevadosTEST_tonosDeVozElevadosValido2_TestEC1Ev
FNDA:4,_ZN7testing8internal15TestFactoryImplI53tonosDeVozElevadosTEST_tonosDeVozElevadosValido3_TestEC1Ev
FNDA:4,_ZN7testing8internal15TestFactoryImplI53tonosDeVozElevadosTEST_tonosDeVozElevadosValido4_TestEC1Ev
FNDA:4,_ZN7testing8internal15TestFactoryImplI53tonosDeVozElevadosTEST_tonosDeVozElevadosValido5_TestEC1Ev
FNDA:4,_ZN7testing8internal15TestFactoryImplI53tonosDeVozElevadosTEST_tonosDeVozElevadosValido6_TestEC1Ev
FNDA:4,_ZN7testing8internal15TestFactoryImplI53tonosDeVozElevadosTEST_tonosDeVozElevadosValido7_TestEC1Ev
FNDA:4,_ZN7testing8internal15TestFactoryImplI53tonosDeVozElevadosTEST_tonosDeVozElevadosValido8_TestEC1Ev
FNDA:4,_ZN7testing8internal15TestFactoryImplI52tonosDeVozElevadosTEST_tonosDeVozElevadosValido_TestEC2Ev
FNDA:4,_ZN7testing8internal15TestFactoryImplI52tonosDeVozElevadosTEST_tonosDeVozElevadosValido_TestED1Ev
FNDA:4,_ZN7testing8internal15TestFactoryImplI52tonosDeVozElevadosTEST_tonosDeVozElevadosValido_TestED0Ev
FNDA:4,_ZN7testing8internal15TestFactoryImplI52tonosDeVozElevadosTEST_tonosDeVozElevadosValido_TestED2Ev
FNDA:4,_ZN7testing8internal15TestFactoryImplI53tonosDeVozElevadosTEST_tonosDeVozElevadosValido2_TestEC2Ev
FNDA:4,_ZN7testing8internal15TestFactoryImplI53tonosDeVozElevadosTEST_tonosDeVozElevadosValido2_TestED1Ev
FNDA:4,_ZN7testing8internal15TestFactoryImplI53tonosDeVozElevadosTEST_tonosDeVozElevadosValido2_TestED0Ev
FNDA:4,_ZN7testing8internal15TestFactoryImplI53tonosDeVozElevadosTEST_tonosDeVozElevadosValido2_TestED2Ev
FNDA:4,_ZN7testing8internal15TestFactoryImplI53tonosDeVozElevadosTEST_tonosDeVozElevadosValido3_TestEC2Ev
FNDA:4,_ZN7testing8internal15TestFactoryImplI53tonosDeVozElevadosTEST_tonosDeVozElevadosValido3_TestED1Ev
FNDA:4,_ZN7testing8internal15TestFactoryImplI53tonosDeVozElevadosTEST_tonosDeVozElevadosValido3_TestED0Ev
FNDA:4,_ZN7testing8internal15TestFactoryImplI53tonosDeVozElevadosTEST_tonosDeVozElevadosValido3_TestED2Ev
FNDA:4,_ZN7testing8internal15TestFactoryImplI53tonosDeVozElevadosTEST_tonosDeVozElevadosValido4_TestEC2Ev
FNDA:4,_ZN7testing8internal15TestFactoryImplI53tonosDeVozElevadosTEST_tonosDeVozElevadosValido4_TestED1Ev
FNDA:4,_ZN7testing8internal15TestFactoryImplI53tonosDeVozElevadosTEST_tonosDeVozElevadosValido4_TestED0Ev
FNDA:4,_ZN7testing8internal15TestFactoryImplI53tonosDeVozElevadosTEST_tonosDeVozElevadosValido4_TestED2Ev
FNDA:4,_ZN7testing8internal15TestFactoryImplI53tonosDeVozElevadosTEST_tonosDeVozElevadosValido5_TestEC2Ev
FNDA:4,_ZN7testing8internal15TestFactoryImplI53tonosDeVozElevadosTEST_tonosDeVozElevadosValido5_TestED1Ev
FNDA:4,_ZN7testing8internal15TestFactoryImplI53tonosDeVozElevadosTEST_tonosDeVozElevadosValido5_TestED0Ev
FNDA:4,_ZN7testing8internal15TestFactoryImplI53tonosDeVozElevadosTEST_tonosDeVozElevadosValido5_TestED2Ev
FNDA:4,_ZN7testing8internal15TestFactoryImplI53tonosDeVozElevadosTEST_tonosDeVozElevadosValido6_TestEC2Ev
FNDA:4,_ZN7testing8internal15TestFactoryImplI53tonosDeVozElevadosTEST_tonosDeVozElevadosValido6_TestED1Ev
FNDA:4,_ZN7testing8internal15TestFactoryImplI53tonosDeVozElevadosTEST_tonosDeVozElevadosValido6_TestED0Ev
FNDA:4,_ZN7testing8internal15TestFactoryImplI53tonosDeVozElevadosTEST_tonosDeVozElevadosValido6_TestED2Ev
FNDA:4,_ZN7testing8internal15TestFactoryImplI53tonosDeVozElevadosTEST_tonosDeVozElevadosValido7_TestEC2Ev
FNDA:4,_ZN7testing8internal15TestFactoryImplI53tonosDeVozElevadosTEST_tonosDeVozElevadosValido7_TestED1Ev
FNDA:4,_ZN7testing8internal15TestFactoryImplI53tonosDeVozElevadosTEST_tonosDeVozElevadosValido7_TestED0Ev
FNDA:4,_ZN7testing8internal15TestFactoryImplI53tonosDeVozElevadosTEST_tonosDeVozElevadosValido7_TestED2Ev
FNDA:4,_ZN7testing8internal15TestFactoryImplI53tonosDeVozElevadosTEST_tonosDeVozElevadosValido8_TestEC2Ev
FNDA:4,_ZN7testing8internal15TestFactoryImplI53tonosDeVozElevadosTEST_tonosDeVozElevadosValido8_TestED1Ev
FNDA:4,_ZN7testing8internal15TestFactoryImplI53tonosDeVozElevadosTEST_tonosDeVozElevadosValido8_TestED0Ev
FNDA:4,_ZN7testing8internal15TestFactoryImplI53tonosDeVozElevadosTEST_tonosDeVozElevadosValido8_TestED2Ev
FNDA:4,_ZN7testing8internal15TestFactoryImplI52tonosDeVozElevadosTEST_tonosDeVozElevadosValido_TestE10CreateTestEv
FNDA:4,_ZN7testing8internal15TestFactoryImplI53tonosDeVozElevadosTEST_tonosDeVozElevadosValido2_TestE10CreateTestEv
FNDA:4,_ZN7testing8internal15TestFactoryImplI53tonosDeVozElevadosTEST_tonosDeVozElevadosValido3_TestE10CreateTestEv
FNDA:4,_ZN7testing8internal15TestFactoryImplI53tonosDeVozElevadosTEST_tonosDeVozElevadosValido4_TestE10CreateTestEv
FNDA:4,_ZN7testing8internal15TestFactoryImplI53tonosDeVozElevadosTEST_tonosDeVozElevadosValido5_TestE10CreateTestEv
FNDA:4,_ZN7testing8internal15TestFactoryImplI53tonosDeVozElevadosTEST_tonosDeVozElevadosValido6_TestE10CreateTestEv
FNDA:4,_ZN7testing8internal15TestFactoryImplI53tonosDeVozElevadosTEST_tonosDeVozElevadosValido7_TestE10CreateTestEv
FNDA:4,_ZN7testing8internal15TestFactoryImplI53tonosDeVozElevadosTEST_tonosDeVozElevadosValido8_TestE10CreateTestEv
FNDA:0,_ZN7testing8internal12CodeLocationD1Ev
FNDA:0,_ZN7testing8internal12CodeLocationD2Ev
FNDA:0,_ZN7testing8internal12CodeLocationC1ERKNSt3__112basic_stringIcNS2_11char_traitsIcEENS2_9allocatorIcEEEEi
FNDA:0,_ZN7testing8internal12CodeLocationC2ERKNSt3__112basic_stringIcNS2_11char_traitsIcEENS2_9allocatorIcEEEEi
FNDA:0,_ZN7testing4Test13SetUpTestCaseEv
FNDA:0,_ZN7testing4Test16TearDownTestCaseEv
FNDA:0,_ZN7testing4Test5SetupEv
FNF:59
FNH:48
DA:8201,0
DA:8208,0
DA:8217,160
DA:8219,32
DA:8239,0
DA:8240,0
DA:18988,0
DA:18996,0
DA:19073,0
LF:9
LH:2
end_of_record
SF:/Users/usuario/Desktop/LabAlgo1/tp2/reunionesRemotas/tests/tonosDeVozElevados.cpp
FN:8,_ZN52tonosDeVozElevadosTEST_tonosDeVozElevadosValido_TestC1Ev
FN:8,_ZN52tonosDeVozElevadosTEST_tonosDeVozElevadosValido_Test8TestBodyEv
FN:8,_ZN52tonosDeVozElevadosTEST_tonosDeVozElevadosValido_TestC2Ev
FN:8,__cxx_global_var_init
FN:8,_ZN52tonosDeVozElevadosTEST_tonosDeVozElevadosValido_TestD2Ev
FN:8,_ZN52tonosDeVozElevadosTEST_tonosDeVozElevadosValido_TestD0Ev
FN:8,_ZN52tonosDeVozElevadosTEST_tonosDeVozElevadosValido_TestD1Ev
FN:18,_ZN53tonosDeVozElevadosTEST_tonosDeVozElevadosValido2_Test8TestBodyEv
FN:18,_ZN53tonosDeVozElevadosTEST_tonosDeVozElevadosValido2_TestD2Ev
FN:18,_ZN53tonosDeVozElevadosTEST_tonosDeVozElevadosValido2_TestD1Ev
FN:18,_ZN53tonosDeVozElevadosTEST_tonosDeVozElevadosValido2_TestD0Ev
FN:18,_ZN53tonosDeVozElevadosTEST_tonosDeVozElevadosValido2_TestC2Ev
FN:18,__cxx_global_var_init.5
FN:18,_ZN53tonosDeVozElevadosTEST_tonosDeVozElevadosValido2_TestC1Ev
FN:28,_ZN53tonosDeVozElevadosTEST_tonosDeVozElevadosValido3_TestC2Ev
FN:28,_ZN53tonosDeVozElevadosTEST_tonosDeVozElevadosValido3_TestC1Ev
FN:28,__cxx_global_var_init.9
FN:28,_ZN53tonosDeVozElevadosTEST_tonosDeVozElevadosValido3_TestD2Ev
FN:28,_ZN53tonosDeVozElevadosTEST_tonosDeVozElevadosValido3_TestD1Ev
FN:28,_ZN53tonosDeVozElevadosTEST_tonosDeVozElevadosValido3_Test8TestBodyEv
FN:28,_ZN53tonosDeVozElevadosTEST_tonosDeVozElevadosValido3_TestD0Ev
FN:39,_ZN53tonosDeVozElevadosTEST_tonosDeVozElevadosValido4_TestD2Ev
FN:39,_ZN53tonosDeVozElevadosTEST_tonosDeVozElevadosValido4_Test8TestBodyEv
FN:39,_ZN53tonosDeVozElevadosTEST_tonosDeVozElevadosValido4_TestC1Ev
FN:39,__cxx_global_var_init.14
FN:39,_ZN53tonosDeVozElevadosTEST_tonosDeVozElevadosValido4_TestD0Ev
FN:39,_ZN53tonosDeVozElevadosTEST_tonosDeVozElevadosValido4_TestD1Ev
FN:39,_ZN53tonosDeVozElevadosTEST_tonosDeVozElevadosValido4_TestC2Ev
FN:50,__cxx_global_var_init.19
FN:50,_ZN53tonosDeVozElevadosTEST_tonosDeVozElevadosValido5_Test8TestBodyEv
FN:50,_ZN53tonosDeVozElevadosTEST_tonosDeVozElevadosValido5_TestD0Ev
FN:50,_ZN53tonosDeVozElevadosTEST_tonosDeVozElevadosValido5_TestC1Ev
FN:50,_ZN53tonosDeVozElevadosTEST_tonosDeVozElevadosValido5_TestC2Ev
FN:50,_ZN53tonosDeVozElevadosTEST_tonosDeVozElevadosValido5_TestD2Ev
FN:50,_ZN53tonosDeVozElevadosTEST_tonosDeVozElevadosValido5_TestD1Ev
FN:61,_ZN53tonosDeVozElevadosTEST_tonosDeVozElevadosValido6_TestD0Ev
FN:61,__cxx_global_var_init.24
FN:61,_ZN53tonosDeVozElevadosTEST_tonosDeVozElevadosValido6_Test8TestBodyEv
FN:61,_ZN53tonosDeVozElevadosTEST_tonosDeVozElevadosValido6_TestD1Ev
FN:61,_ZN53tonosDeVozElevadosTEST_tonosDeVozElevadosValido6_TestC1Ev
FN:61,_ZN53tonosDeVozElevadosTEST_tonosDeVozElevadosValido6_TestC2Ev
FN:61,_ZN53tonosDeVozElevadosTEST_tonosDeVozElevadosValido6_TestD2Ev
FN:76,_ZN53tonosDeVozElevadosTEST_tonosDeVozElevadosValido7_TestC1Ev
FN:76,_ZN53tonosDeVozElevadosTEST_tonosDeVozElevadosValido7_Test8TestBodyEv
FN:76,__cxx_global_var_init.32
FN:76,_ZN53tonosDeVozElevadosTEST_tonosDeVozElevadosValido7_TestD2Ev
FN:76,_ZN53tonosDeVozElevadosTEST_tonosDeVozElevadosValido7_TestD1Ev
FN:76,_ZN53tonosDeVozElevadosTEST_tonosDeVozElevadosValido7_TestD0Ev
FN:76,_ZN53tonosDeVozElevadosTEST_tonosDeVozElevadosValido7_TestC2Ev
FN:91,_ZN53tonosDeVozElevadosTEST_tonosDeVozElevadosValido8_TestC1Ev
FN:91,_ZN53tonosDeVozElevadosTEST_tonosDeVozElevadosValido8_TestC2Ev
FN:91,_ZN53tonosDeVozElevadosTEST_tonosDeVozElevadosValido8_TestD0Ev
FN:91,__cxx_global_var_init.40
FN:91,_ZN53tonosDeVozElevadosTEST_tonosDeVozElevadosValido8_TestD2Ev
FN:91,_ZN53tonosDeVozElevadosTEST_tonosDeVozElevadosValido8_Test8TestBodyEv
FN:91,_ZN53tonosDeVozElevadosTEST_tonosDeVozElevadosValido8_TestD1Ev
FNDA:4,__cxx_global_var_init
FNDA:4,_ZN52tonosDeVozElevadosTEST_tonosDeVozElevadosValido_Test8TestBodyEv
FNDA:4,_ZN52tonosDeVozElevadosTEST_tonosDeVozElevadosValido_TestD1Ev
FNDA:4,_ZN52tonosDeVozElevadosTEST_tonosDeVozElevadosValido_TestD0Ev
FNDA:4,_ZN52tonosDeVozElevadosTEST_tonosDeVozElevadosValido_TestC1Ev
FNDA:4,_ZN52tonosDeVozElevadosTEST_tonosDeVozElevadosValido_TestC2Ev
FNDA:4,_ZN52tonosDeVozElevadosTEST_tonosDeVozElevadosValido_TestD2Ev
FNDA:4,__cxx_global_var_init.5
FNDA:4,_ZN53tonosDeVozElevadosTEST_tonosDeVozElevadosValido2_Test8TestBodyEv
FNDA:4,_ZN53tonosDeVozElevadosTEST_tonosDeVozElevadosValido2_TestD1Ev
FNDA:4,_ZN53tonosDeVozElevadosTEST_tonosDeVozElevadosValido2_TestD0Ev
FNDA:4,_ZN53tonosDeVozElevadosTEST_tonosDeVozElevadosValido2_TestC1Ev
FNDA:4,_ZN53tonosDeVozElevadosTEST_tonosDeVozElevadosValido2_TestC2Ev
FNDA:4,_ZN53tonosDeVozElevadosTEST_tonosDeVozElevadosValido2_TestD2Ev
FNDA:4,__cxx_global_var_init.9
FNDA:4,_ZN53tonosDeVozElevadosTEST_tonosDeVozElevadosValido3_Test8TestBodyEv
FNDA:4,_ZN53tonosDeVozElevadosTEST_tonosDeVozElevadosValido3_TestD1Ev
FNDA:4,_ZN53tonosDeVozElevadosTEST_tonosDeVozElevadosValido3_TestD0Ev
FNDA:4,_ZN53tonosDeVozElevadosTEST_tonosDeVozElevadosValido3_TestC1Ev
FNDA:4,_ZN53tonosDeVozElevadosTEST_tonosDeVozElevadosValido3_TestC2Ev
FNDA:4,_ZN53tonosDeVozElevadosTEST_tonosDeVozElevadosValido3_TestD2Ev
FNDA:4,__cxx_global_var_init.14
FNDA:4,_ZN53tonosDeVozElevadosTEST_tonosDeVozElevadosValido4_Test8TestBodyEv
FNDA:4,_ZN53tonosDeVozElevadosTEST_tonosDeVozElevadosValido4_TestD1Ev
FNDA:4,_ZN53tonosDeVozElevadosTEST_tonosDeVozElevadosValido4_TestD0Ev
FNDA:4,_ZN53tonosDeVozElevadosTEST_tonosDeVozElevadosValido4_TestC1Ev
FNDA:4,_ZN53tonosDeVozElevadosTEST_tonosDeVozElevadosValido4_TestC2Ev
FNDA:4,_ZN53tonosDeVozElevadosTEST_tonosDeVozElevadosValido4_TestD2Ev
FNDA:4,__cxx_global_var_init.19
FNDA:4,_ZN53tonosDeVozElevadosTEST_tonosDeVozElevadosValido5_Test8TestBodyEv
FNDA:4,_ZN53tonosDeVozElevadosTEST_tonosDeVozElevadosValido5_TestD1Ev
FNDA:4,_ZN53tonosDeVozElevadosTEST_tonosDeVozElevadosValido5_TestD0Ev
FNDA:4,_ZN53tonosDeVozElevadosTEST_tonosDeVozElevadosValido5_TestC1Ev
FNDA:4,_ZN53tonosDeVozElevadosTEST_tonosDeVozElevadosValido5_TestC2Ev
FNDA:4,_ZN53tonosDeVozElevadosTEST_tonosDeVozElevadosValido5_TestD2Ev
FNDA:4,__cxx_global_var_init.24
FNDA:4,_ZN53tonosDeVozElevadosTEST_tonosDeVozElevadosValido6_Test8TestBodyEv
FNDA:4,_ZN53tonosDeVozElevadosTEST_tonosDeVozElevadosValido6_TestD1Ev
FNDA:4,_ZN53tonosDeVozElevadosTEST_tonosDeVozElevadosValido6_TestD0Ev
FNDA:4,_ZN53tonosDeVozElevadosTEST_tonosDeVozElevadosValido6_TestC1Ev
FNDA:4,_ZN53tonosDeVozElevadosTEST_tonosDeVozElevadosValido6_TestC2Ev
FNDA:4,_ZN53tonosDeVozElevadosTEST_tonosDeVozElevadosValido6_TestD2Ev
FNDA:4,__cxx_global_var_init.32
FNDA:4,_ZN53tonosDeVozElevadosTEST_tonosDeVozElevadosValido7_Test8TestBodyEv
FNDA:4,_ZN53tonosDeVozElevadosTEST_tonosDeVozElevadosValido7_TestD1Ev
FNDA:4,_ZN53tonosDeVozElevadosTEST_tonosDeVozElevadosValido7_TestD0Ev
FNDA:4,_ZN53tonosDeVozElevadosTEST_tonosDeVozElevadosValido7_TestC1Ev
FNDA:4,_ZN53tonosDeVozElevadosTEST_tonosDeVozElevadosValido7_TestC2Ev
FNDA:4,_ZN53tonosDeVozElevadosTEST_tonosDeVozElevadosValido7_TestD2Ev
FNDA:4,__cxx_global_var_init.40
FNDA:4,_ZN53tonosDeVozElevadosTEST_tonosDeVozElevadosValido8_Test8TestBodyEv
FNDA:4,_ZN53tonosDeVozElevadosTEST_tonosDeVozElevadosValido8_TestD1Ev
FNDA:4,_ZN53tonosDeVozElevadosTEST_tonosDeVozElevadosValido8_TestD0Ev
FNDA:4,_ZN53tonosDeVozElevadosTEST_tonosDeVozElevadosValido8_TestC1Ev
FNDA:4,_ZN53tonosDeVozElevadosTEST_tonosDeVozElevadosValido8_TestC2Ev
FNDA:4,_ZN53tonosDeVozElevadosTEST_tonosDeVozElevadosValido8_TestD2Ev
FNF:56
FNH:56
DA:8,28
DA:9,4
DA:10,4
DA:11,8
DA:12,4
DA:13,4
DA:15,4
DA:16,4
DA:18,28
DA:20,4
DA:21,4
DA:22,4
DA:23,4
DA:25,4
DA:26,4
DA:28,28
DA:30,4
DA:31,4
DA:32,8
DA:33,4
DA:34,4
DA:36,4
DA:37,4
DA:39,28
DA:41,4
DA:42,4
DA:43,8
DA:44,4
DA:45,4
DA:47,4
DA:48,4
DA:50,28
DA:52,4
DA:53,4
DA:54,8
DA:55,4
DA:56,4
DA:58,4
DA:59,4
DA:61,28
DA:63,4
DA:64,4
DA:65,4
DA:66,4
DA:67,4
DA:69,20
DA:70,4
DA:71,4
DA:73,4
DA:74,4
DA:76,28
DA:78,4
DA:79,4
DA:80,4
DA:81,4
DA:82,4
DA:84,20
DA:85,4
DA:86,4
DA:88,4
DA:89,4
DA:91,28
DA:93,4
DA:94,4
DA:95,4
DA:96,4
DA:97,4
DA:99,20
DA:100,4
DA:101,4
DA:103,4
DA:104,4
LF:72
LH:72
end_of_record
TN:
SF:/Library/Developer/CommandLineTools/usr/include/c++/v1/__string
FN:218,_ZNSt3__111char_traitsIcE6lengthEPKc
FNDA:0,_ZNSt3__111char_traitsIcE6lengthEPKc
FNF:1
FNH:0
DA:218,0
LF:1
LH:0
end_of_record
SF:/Library/Developer/CommandLineTools/usr/include/c++/v1/algorithm
FN:716,_ZNKSt3__16__lessImmEclERKmS3_
FN:2454,_ZNSt3__1L3minImNS_6__lessImmEEEERKT_S5_S5_T0_
FN:2462,_ZNSt3__1L3minImEERKT_S3_S3_
FNDA:0,_ZNKSt3__16__lessImmEclERKmS3_
FNDA:0,_ZNSt3__1L3minImNS_6__lessImmEEEERKT_S5_S5_T0_
FNDA:0,_ZNSt3__1L3minImEERKT_S3_S3_
FNF:3
FNH:0
DA:716,0
DA:2454,0
DA:2456,0
DA:2462,0
DA:2464,0
LF:5
LH:0
end_of_record
SF:/Library/Developer/CommandLineTools/usr/include/c++/v1/initializer_list
FN:85,_ZNKSt16initializer_listIiE4sizeEv
FN:85,_ZNKSt16initializer_listINSt3__14pairINS0_6vectorIiNS0_9allocatorIiEEEEiEEE4sizeEv
FN:89,_ZNKSt16initializer_listINSt3__14pairINS0_6vectorIiNS0_9allocatorIiEEEEiEEE5beginEv
FN:89,_ZNKSt16initializer_listIiE5beginEv
FN:93,_ZNKSt16initializer_listINSt3__14pairINS0_6vectorIiNS0_9allocatorIiEEEEiEEE3endEv
FN:93,_ZNKSt16initializer_listIiE3endEv
FNDA:144,_ZNKSt16initializer_listIiE4sizeEv
FNDA:60,_ZNKSt16initializer_listINSt3__14pairINS0_6vectorIiNS0_9allocatorIiEEEEiEEE4sizeEv
FNDA:48,_ZNKSt16initializer_listIiE5beginEv
FNDA:20,_ZNKSt16initializer_listINSt3__14pairINS0_6vectorIiNS0_9allocatorIiEEEEiEEE5beginEv
FNDA:48,_ZNKSt16initializer_listIiE3endEv
FNDA:20,_ZNKSt16initializer_listINSt3__14pairINS0_6vectorIiNS0_9allocatorIiEEEEiEEE3endEv
FNF:6
FNH:6
DA:85,204
DA:89,68
DA:93,68
LF:3
LH:3
end_of_record
SF:/Library/Developer/CommandLineTools/usr/include/c++/v1/limits
FN:215,_ZNSt3__123__libcpp_numeric_limitsIlLb1EE3maxEv
FN:452,_ZNSt3__114numeric_limitsIlE3maxEv
FNDA:0,_ZNSt3__123__libcpp_numeric_limitsIlLb1EE3maxEv
FNDA:0,_ZNSt3__114numeric_limitsIlE3maxEv
FNF:2
FNH:0
DA:215,0
DA:452,0
LF:2
LH:0
end_of_record
SF:/Library/Developer/CommandLineTools/usr/include/c++/v1/memory
FN:988,_ZNSt3__114pointer_traitsIPKcE10pointer_toERS1_
FN:1106,_ZNSt3__1L16__to_raw_pointerIKcEEPT_S3_
FN:1106,_ZNSt3__1L16__to_raw_pointerIiEEPT_S2_
FN:1106,_ZNSt3__1L16__to_raw_pointerINS_4pairINS_6vectorIiNS_9allocatorIiEEEEiEEEEPT_S8_
FN:1546,_ZNSt3__116allocator_traitsINS_9allocatorIiEEE8allocateERS2_m
FN:1546,_ZNSt3__116allocator_traitsINS_9allocatorINS_4pairINS_6vectorIiNS1_IiEEEEiEEEEE8allocateERS7_m
FN:1554,_ZNSt3__116allocator_traitsINS_9allocatorIiEEE10deallocateERS2_Pim
FN:1554,_ZNSt3__116allocator_traitsINS_9allocatorINS_4pairINS_6vectorIiNS1_IiEEEEiEEEEE10deallocateERS7_PS6_m
FN:1560,_ZNSt3__116allocator_traitsINS_9allocatorINS_4pairINS_6vectorIiNS1_IiEEEEiEEEEE9constructIS6_JRKS6_EEEvRS7_PT_DpOT0_
FN:1560,_ZNSt3__116allocator_traitsINS_9allocatorINS_4pairINS_6vectorIiNS1_IiEEEEiEEEEE9constructIS6_JRS6_EEEvRS7_PT_DpOT0_
FN:1595,_ZNSt3__116allocator_traitsINS_9allocatorINS_4pairINS_6vectorIiNS1_IiEEEEiEEEEE7destroyIS6_EEvRS7_PT_
FN:1595,_ZNSt3__116allocator_traitsINS_9allocatorIiEEE7destroyIiEEvRS2_PT_
FN:1599,_ZNSt3__116allocator_traitsINS_9allocatorINS_4pairINS_6vectorIiNS1_IiEEEEiEEEEE8max_sizeERKS7_
FN:1599,_ZNSt3__116allocator_traitsINS_9allocatorIiEEE8max_sizeERKS2_
FN:1604,_ZNSt3__116allocator_traitsINS_9allocatorIiEEE37select_on_container_copy_constructionERKS2_
FN:1604,_ZNSt3__116allocator_traitsINS_9allocatorINS_4pairINS_6vectorIiNS1_IiEEEEiEEEEE37select_on_container_copy_constructionERKS7_
FN:1643,_ZNSt3__116allocator_traitsINS_9allocatorINS_4pairINS_6vectorIiNS1_IiEEEEiEEEEE25__construct_range_forwardIPS6_SA_EEvRS7_T_SC_RT0_
FN:1643,_ZNSt3__116allocator_traitsINS_9allocatorINS_4pairINS_6vectorIiNS1_IiEEEEiEEEEE25__construct_range_forwardIPKS6_PS6_EEvRS7_T_SE_RT0_
FN:1662,_ZNSt3__116allocator_traitsINS_9allocatorIiEEE25__construct_range_forwardIKiiiiEENS_9enable_ifIXaaaasr31is_trivially_move_constructibleIT0_EE5valuesr7is_sameIT1_T2_EE5valueooL_ZNS_17integral_constantIbLb1EE5valueEEntsr15__has_constructIS2_PS7_RT_EE5valueEvE4typeERS2_PSD_SI_RSC_
FN:1662,_ZNSt3__116allocator_traitsINS_9allocatorIiEEE25__construct_range_forwardIiiiiEENS_9enable_ifIXaaaasr31is_trivially_move_constructibleIT0_EE5valuesr7is_sameIT1_T2_EE5valueooL_ZNS_17integral_constantIbLb1EE5valueEEntsr15__has_constructIS2_PS6_RT_EE5valueEvE4typeERS2_PSC_SH_RSB_
FN:1717,_ZNSt3__116allocator_traitsINS_9allocatorINS_4pairINS_6vectorIiNS1_IiEEEEiEEEEE11__constructIS6_JRKS6_EEEvNS_17integral_constantIbLb1EEERS7_PT_DpOT0_
FN:1717,_ZNSt3__116allocator_traitsINS_9allocatorINS_4pairINS_6vectorIiNS1_IiEEEEiEEEEE11__constructIS6_JRS6_EEEvNS_17integral_constantIbLb1EEERS7_PT_DpOT0_
FN:1742,_ZNSt3__116allocator_traitsINS_9allocatorIiEEE9__destroyIiEEvNS_17integral_constantIbLb1EEERS2_PT_
FN:1742,_ZNSt3__116allocator_traitsINS_9allocatorINS_4pairINS_6vectorIiNS1_IiEEEEiEEEEE9__destroyIS6_EEvNS_17integral_constantIbLb1EEERS7_PT_
FN:1752,_ZNSt3__116allocator_traitsINS_9allocatorINS_4pairINS_6vectorIiNS1_IiEEEEiEEEEE10__max_sizeENS_17integral_constantIbLb1EEERKS7_
FN:1752,_ZNSt3__116allocator_traitsINS_9allocatorIiEEE10__max_sizeENS_17integral_constantIbLb1EEERKS2_
FN:1764,_ZNSt3__116allocator_traitsINS_9allocatorINS_4pairINS_6vectorIiNS1_IiEEEEiEEEEE39__select_on_container_copy_constructionENS_17integral_constantIbLb0EEERKS7_
FN:1764,_ZNSt3__116allocator_traitsINS_9allocatorIiEEE39__select_on_container_copy_constructionENS_17integral_constantIbLb0EEERKS2_
FN:1798,_ZNSt3__19allocatorINS_4pairINS_6vectorIiNS0_IiEEEEiEEEC2Ev
FN:1798,_ZNSt3__19allocatorIcEC2Ev
FN:1798,_ZNSt3__19allocatorIiEC2Ev
FN:1809,_ZNSt3__19allocatorINS_4pairINS_6vectorIiNS0_IiEEEEiEEE8allocateEmPKv
FN:1809,_ZNSt3__19allocatorIiE8allocateEmPKv
FN:1816,_ZNSt3__19allocatorINS_4pairINS_6vectorIiNS0_IiEEEEiEEE10deallocateEPS5_m
FN:1816,_ZNSt3__19allocatorIiE10deallocateEPim
FN:1818,_ZNKSt3__19allocatorIiE8max_sizeEv
FN:1818,_ZNKSt3__19allocatorINS_4pairINS_6vectorIiNS0_IiEEEEiEEE8max_sizeEv
FN:1824,_ZNSt3__19allocatorINS_4pairINS_6vectorIiNS0_IiEEEEiEEE9constructIS5_JRS5_EEEvPT_DpOT0_
FN:1824,_ZNSt3__19allocatorINS_4pairINS_6vectorIiNS0_IiEEEEiEEE9constructIS5_JRKS5_EEEvPT_DpOT0_
FN:1881,_ZNSt3__19allocatorIiE7destroyEPi
FN:1881,_ZNSt3__19allocatorINS_4pairINS_6vectorIiNS0_IiEEEEiEEE7destroyEPS5_
FN:2140,_ZNSt3__122__compressed_pair_elemINS_12basic_stringIcNS_11char_traitsIcEENS_9allocatorIcEEE5__repELi0ELb0EEC2Ev
FN:2147,_ZNSt3__122__compressed_pair_elemIPiLi0ELb0EEC2IDnvEEOT_
FN:2147,_ZNSt3__122__compressed_pair_elemIPNS_4pairINS_6vectorIiNS_9allocatorIiEEEEiEELi0ELb0EEC2IDnvEEOT_
FN:2163,_ZNSt3__122__compressed_pair_elemIPiLi0ELb0EE5__getEv
FN:2163,_ZNSt3__122__compressed_pair_elemIPNS_4pairINS_6vectorIiNS_9allocatorIiEEEEiEELi0ELb0EE5__getEv
FN:2165,_ZNKSt3__122__compressed_pair_elemIPiLi0ELb0EE5__getEv
FN:2165,_ZNKSt3__122__compressed_pair_elemIPNS_4pairINS_6vectorIiNS_9allocatorIiEEEEiEELi0ELb0EE5__getEv
FN:2165,_ZNKSt3__122__compressed_pair_elemINS_12basic_stringIcNS_11char_traitsIcEENS_9allocatorIcEEE5__repELi0ELb0EE5__getEv
FN:2179,_ZNSt3__122__compressed_pair_elemINS_9allocatorIcEELi1ELb1EEC2Ev
FN:2179,_ZNSt3__122__compressed_pair_elemINS_9allocatorIiEELi1ELb1EEC2Ev
FN:2179,_ZNSt3__122__compressed_pair_elemINS_9allocatorINS_4pairINS_6vectorIiNS1_IiEEEEiEEEELi1ELb1EEC2Ev
FN:2186,_ZNSt3__122__compressed_pair_elemINS_9allocatorIiEELi1ELb1EEC2IS2_vEEOT_
FN:2186,_ZNSt3__122__compressed_pair_elemINS_9allocatorINS_4pairINS_6vectorIiNS1_IiEEEEiEEEELi1ELb1EEC2IS7_vEEOT_
FN:2202,_ZNSt3__122__compressed_pair_elemINS_9allocatorINS_4pairINS_6vectorIiNS1_IiEEEEiEEEELi1ELb1EE5__getEv
FN:2202,_ZNSt3__122__compressed_pair_elemINS_9allocatorIiEELi1ELb1EE5__getEv
FN:2204,_ZNKSt3__122__compressed_pair_elemINS_9allocatorINS_4pairINS_6vectorIiNS1_IiEEEEiEEEELi1ELb1EE5__getEv
FN:2204,_ZNKSt3__122__compressed_pair_elemINS_9allocatorIiEELi1ELb1EE5__getEv
FN:2234,_ZNSt3__117__compressed_pairINS_12basic_stringIcNS_11char_traitsIcEENS_9allocatorIcEEE5__repES5_EC1ILb1EvEEv
FN:2234,_ZNSt3__117__compressed_pairINS_12basic_stringIcNS_11char_traitsIcEENS_9allocatorIcEEE5__repES5_EC2ILb1EvEEv
FN:2240,_ZNSt3__117__compressed_pairIPNS_4pairINS_6vectorIiNS_9allocatorIiEEEEiEENS3_IS6_EEEC2IDnLb1EEEOT_
FN:2240,_ZNSt3__117__compressed_pairIPiNS_9allocatorIiEEEC1IDnLb1EEEOT_
FN:2240,_ZNSt3__117__compressed_pairIPNS_4pairINS_6vectorIiNS_9allocatorIiEEEEiEENS3_IS6_EEEC1IDnLb1EEEOT_
FN:2240,_ZNSt3__117__compressed_pairIPiNS_9allocatorIiEEEC2IDnLb1EEEOT_
FN:2250,_ZNSt3__117__compressed_pairIPiNS_9allocatorIiEEEC1IDnS3_EEOT_OT0_
FN:2250,_ZNSt3__117__compressed_pairIPNS_4pairINS_6vectorIiNS_9allocatorIiEEEEiEENS3_IS6_EEEC2IDnS8_EEOT_OT0_
FN:2250,_ZNSt3__117__compressed_pairIPNS_4pairINS_6vectorIiNS_9allocatorIiEEEEiEENS3_IS6_EEEC1IDnS8_EEOT_OT0_
FN:2250,_ZNSt3__117__compressed_pairIPiNS_9allocatorIiEEEC2IDnS3_EEOT_OT0_
FN:2279,_ZNSt3__117__compressed_pairIPiNS_9allocatorIiEEE5firstEv
FN:2279,_ZNSt3__117__compressed_pairIPNS_4pairINS_6vectorIiNS_9allocatorIiEEEEiEENS3_IS6_EEE5firstEv
FN:2284,_ZNKSt3__117__compressed_pairIPNS_4pairINS_6vectorIiNS_9allocatorIiEEEEiEENS3_IS6_EEE5firstEv
FN:2284,_ZNKSt3__117__compressed_pairIPiNS_9allocatorIiEEE5firstEv
FN:2284,_ZNKSt3__117__compressed_pairINS_12basic_stringIcNS_11char_traitsIcEENS_9allocatorIcEEE5__repES5_E5firstEv
FN:2289,_ZNSt3__117__compressed_pairIPNS_4pairINS_6vectorIiNS_9allocatorIiEEEEiEENS3_IS6_EEE6secondEv
FN:2289,_ZNSt3__117__compressed_pairIPiNS_9allocatorIiEEE6secondEv
FN:2294,_ZNKSt3__117__compressed_pairIPNS_4pairINS_6vectorIiNS_9allocatorIiEEEEiEENS3_IS6_EEE6secondEv
FN:2294,_ZNKSt3__117__compressed_pairIPiNS_9allocatorIiEEE6secondEv
FNDA:0,_ZNSt3__114pointer_traitsIPKcE10pointer_toERS1_
FNDA:0,_ZNSt3__1L16__to_raw_pointerIKcEEPT_S3_
FNDA:192,_ZNSt3__1L16__to_raw_pointerIiEEPT_S2_
FNDA:160,_ZNSt3__1L16__to_raw_pointerINS_4pairINS_6vectorIiNS_9allocatorIiEEEEiEEEEPT_S8_
FNDA:0,_ZNSt3__116allocator_traitsINS_9allocatorIiEEE8allocateERS2_m
FNDA:0,_ZNSt3__116allocator_traitsINS_9allocatorINS_4pairINS_6vectorIiNS1_IiEEEEiEEEEE8allocateERS7_m
FNDA:0,_ZNSt3__116allocator_traitsINS_9allocatorIiEEE10deallocateERS2_Pim
FNDA:0,_ZNSt3__116allocator_traitsINS_9allocatorINS_4pairINS_6vectorIiNS1_IiEEEEiEEEEE10deallocateERS7_PS6_m
FNDA:0,_ZNSt3__116allocator_traitsINS_9allocatorINS_4pairINS_6vectorIiNS1_IiEEEEiEEEEE9constructIS6_JRKS6_EEEvRS7_PT_DpOT0_
FNDA:0,_ZNSt3__116allocator_traitsINS_9allocatorINS_4pairINS_6vectorIiNS1_IiEEEEiEEEEE9constructIS6_JRS6_EEEvRS7_PT_DpOT0_
FNDA:0,_ZNSt3__116allocator_traitsINS_9allocatorIiEEE7destroyIiEEvRS2_PT_
FNDA:0,_ZNSt3__116allocator_traitsINS_9allocatorINS_4pairINS_6vectorIiNS1_IiEEEEiEEEEE7destroyIS6_EEvRS7_PT_
FNDA:0,_ZNSt3__116allocator_traitsINS_9allocatorIiEEE8max_sizeERKS2_
FNDA:0,_ZNSt3__116allocator_traitsINS_9allocatorINS_4pairINS_6vectorIiNS1_IiEEEEiEEEEE8max_sizeERKS7_
FNDA:0,_ZNSt3__116allocator_traitsINS_9allocatorIiEEE37select_on_container_copy_constructionERKS2_
FNDA:0,_ZNSt3__116allocator_traitsINS_9allocatorINS_4pairINS_6vectorIiNS1_IiEEEEiEEEEE37select_on_container_copy_constructionERKS7_
FNDA:0,_ZNSt3__116allocator_traitsINS_9allocatorINS_4pairINS_6vectorIiNS1_IiEEEEiEEEEE25__construct_range_forwardIPKS6_PS6_EEvRS7_T_SE_RT0_
FNDA:0,_ZNSt3__116allocator_traitsINS_9allocatorINS_4pairINS_6vectorIiNS1_IiEEEEiEEEEE25__construct_range_forwardIPS6_SA_EEvRS7_T_SC_RT0_
FNDA:0,_ZNSt3__116allocator_traitsINS_9allocatorIiEEE25__construct_range_forwardIKiiiiEENS_9enable_ifIXaaaasr31is_trivially_move_constructibleIT0_EE5valuesr7is_sameIT1_T2_EE5valueooL_ZNS_17integral_constantIbLb1EE5valueEEntsr15__has_constructIS2_PS7_RT_EE5valueEvE4typeERS2_PSD_SI_RSC_
FNDA:0,_ZNSt3__116allocator_traitsINS_9allocatorIiEEE25__construct_range_forwardIiiiiEENS_9enable_ifIXaaaasr31is_trivially_move_constructibleIT0_EE5valuesr7is_sameIT1_T2_EE5valueooL_ZNS_17integral_constantIbLb1EE5valueEEntsr15__has_constructIS2_PS6_RT_EE5valueEvE4typeERS2_PSC_SH_RSB_
FNDA:0,_ZNSt3__116allocator_traitsINS_9allocatorINS_4pairINS_6vectorIiNS1_IiEEEEiEEEEE11__constructIS6_JRKS6_EEEvNS_17integral_constantIbLb1EEERS7_PT_DpOT0_
FNDA:0,_ZNSt3__116allocator_traitsINS_9allocatorINS_4pairINS_6vectorIiNS1_IiEEEEiEEEEE11__constructIS6_JRS6_EEEvNS_17integral_constantIbLb1EEERS7_PT_DpOT0_
FNDA:0,_ZNSt3__116allocator_traitsINS_9allocatorIiEEE9__destroyIiEEvNS_17integral_constantIbLb1EEERS2_PT_
FNDA:0,_ZNSt3__116allocator_traitsINS_9allocatorINS_4pairINS_6vectorIiNS1_IiEEEEiEEEEE9__destroyIS6_EEvNS_17integral_constantIbLb1EEERS7_PT_
FNDA:0,_ZNSt3__116allocator_traitsINS_9allocatorIiEEE10__max_sizeENS_17integral_constantIbLb1EEERKS2_
FNDA:0,_ZNSt3__116allocator_traitsINS_9allocatorINS_4pairINS_6vectorIiNS1_IiEEEEiEEEEE10__max_sizeENS_17integral_constantIbLb1EEERKS7_
FNDA:0,_ZNSt3__116allocator_traitsINS_9allocatorIiEEE39__select_on_container_copy_constructionENS_17integral_constantIbLb0EEERKS2_
FNDA:0,_ZNSt3__116allocator_traitsINS_9allocatorINS_4pairINS_6vectorIiNS1_IiEEEEiEEEEE39__select_on_container_copy_constructionENS_17integral_constantIbLb0EEERKS7_
FNDA:20,_ZNSt3__19allocatorIcEC2Ev
FNDA:48,_ZNSt3__19allocatorIiEC2Ev
FNDA:20,_ZNSt3__19allocatorINS_4pairINS_6vectorIiNS0_IiEEEEiEEEC2Ev
FNDA:0,_ZNSt3__19allocatorIiE8allocateEmPKv
FNDA:0,_ZNSt3__19allocatorINS_4pairINS_6vectorIiNS0_IiEEEEiEEE8allocateEmPKv
FNDA:0,_ZNSt3__19allocatorIiE10deallocateEPim
FNDA:0,_ZNSt3__19allocatorINS_4pairINS_6vectorIiNS0_IiEEEEiEEE10deallocateEPS5_m
FNDA:0,_ZNKSt3__19allocatorIiE8max_sizeEv
FNDA:0,_ZNKSt3__19allocatorINS_4pairINS_6vectorIiNS0_IiEEEEiEEE8max_sizeEv
FNDA:0,_ZNSt3__19allocatorINS_4pairINS_6vectorIiNS0_IiEEEEiEEE9constructIS5_JRKS5_EEEvPT_DpOT0_
FNDA:0,_ZNSt3__19allocatorINS_4pairINS_6vectorIiNS0_IiEEEEiEEE9constructIS5_JRS5_EEEvPT_DpOT0_
FNDA:0,_ZNSt3__19allocatorIiE7destroyEPi
FNDA:0,_ZNSt3__19allocatorINS_4pairINS_6vectorIiNS0_IiEEEEiEEE7destroyEPS5_
FNDA:20,_ZNSt3__122__compressed_pair_elemINS_12basic_stringIcNS_11char_traitsIcEENS_9allocatorIcEEE5__repELi0ELb0EEC2Ev
FNDA:48,_ZNSt3__122__compressed_pair_elemIPiLi0ELb0EEC2IDnvEEOT_
FNDA:20,_ZNSt3__122__compressed_pair_elemIPNS_4pairINS_6vectorIiNS_9allocatorIiEEEEiEELi0ELb0EEC2IDnvEEOT_
FNDA:0,_ZNSt3__122__compressed_pair_elemIPiLi0ELb0EE5__getEv
FNDA:0,_ZNSt3__122__compressed_pair_elemIPNS_4pairINS_6vectorIiNS_9allocatorIiEEEEiEELi0ELb0EE5__getEv
FNDA:0,_ZNKSt3__122__compressed_pair_elemINS_12basic_stringIcNS_11char_traitsIcEENS_9allocatorIcEEE5__repELi0ELb0EE5__getEv
FNDA:96,_ZNKSt3__122__compressed_pair_elemIPiLi0ELb0EE5__getEv
FNDA:80,_ZNKSt3__122__compressed_pair_elemIPNS_4pairINS_6vectorIiNS_9allocatorIiEEEEiEELi0ELb0EE5__getEv
FNDA:20,_ZNSt3__122__compressed_pair_elemINS_9allocatorIcEELi1ELb1EEC2Ev
FNDA:48,_ZNSt3__122__compressed_pair_elemINS_9allocatorIiEELi1ELb1EEC2Ev
FNDA:20,_ZNSt3__122__compressed_pair_elemINS_9allocatorINS_4pairINS_6vectorIiNS1_IiEEEEiEEEELi1ELb1EEC2Ev
FNDA:0,_ZNSt3__122__compressed_pair_elemINS_9allocatorIiEELi1ELb1EEC2IS2_vEEOT_
FNDA:0,_ZNSt3__122__compressed_pair_elemINS_9allocatorINS_4pairINS_6vectorIiNS1_IiEEEEiEEEELi1ELb1EEC2IS7_vEEOT_
FNDA:0,_ZNSt3__122__compressed_pair_elemINS_9allocatorIiEELi1ELb1EE5__getEv
FNDA:0,_ZNSt3__122__compressed_pair_elemINS_9allocatorINS_4pairINS_6vectorIiNS1_IiEEEEiEEEELi1ELb1EE5__getEv
FNDA:0,_ZNKSt3__122__compressed_pair_elemINS_9allocatorIiEELi1ELb1EE5__getEv
FNDA:0,_ZNKSt3__122__compressed_pair_elemINS_9allocatorINS_4pairINS_6vectorIiNS1_IiEEEEiEEEELi1ELb1EE5__getEv
FNDA:20,_ZNSt3__117__compressed_pairINS_12basic_stringIcNS_11char_traitsIcEENS_9allocatorIcEEE5__repES5_EC1ILb1EvEEv
FNDA:20,_ZNSt3__117__compressed_pairINS_12basic_stringIcNS_11char_traitsIcEENS_9allocatorIcEEE5__repES5_EC2ILb1EvEEv
FNDA:48,_ZNSt3__117__compressed_pairIPiNS_9allocatorIiEEEC1IDnLb1EEEOT_
FNDA:48,_ZNSt3__117__compressed_pairIPiNS_9allocatorIiEEEC2IDnLb1EEEOT_
FNDA:20,_ZNSt3__117__compressed_pairIPNS_4pairINS_6vectorIiNS_9allocatorIiEEEEiEENS3_IS6_EEEC1IDnLb1EEEOT_
FNDA:20,_ZNSt3__117__compressed_pairIPNS_4pairINS_6vectorIiNS_9allocatorIiEEEEiEENS3_IS6_EEEC2IDnLb1EEEOT_
FNDA:0,_ZNSt3__117__compressed_pairIPiNS_9allocatorIiEEEC1IDnS3_EEOT_OT0_
FNDA:0,_ZNSt3__117__compressed_pairIPiNS_9allocatorIiEEEC2IDnS3_EEOT_OT0_
FNDA:0,_ZNSt3__117__compressed_pairIPNS_4pairINS_6vectorIiNS_9allocatorIiEEEEiEENS3_IS6_EEEC1IDnS8_EEOT_OT0_
FNDA:0,_ZNSt3__117__compressed_pairIPNS_4pairINS_6vectorIiNS_9allocatorIiEEEEiEENS3_IS6_EEEC2IDnS8_EEOT_OT0_
FNDA:0,_ZNSt3__117__compressed_pairIPiNS_9allocatorIiEEE5firstEv
FNDA:0,_ZNSt3__117__compressed_pairIPNS_4pairINS_6vectorIiNS_9allocatorIiEEEEiEENS3_IS6_EEE5firstEv
FNDA:0,_ZNKSt3__117__compressed_pairINS_12basic_stringIcNS_11char_traitsIcEENS_9allocatorIcEEE5__repES5_E5firstEv
FNDA:96,_ZNKSt3__117__compressed_pairIPiNS_9allocatorIiEEE5firstEv
FNDA:80,_ZNKSt3__117__compressed_pairIPNS_4pairINS_6vectorIiNS_9allocatorIiEEEEiEENS3_IS6_EEE5firstEv
FNDA:0,_ZNSt3__117__compressed_pairIPiNS_9allocatorIiEEE6secondEv
FNDA:0,_ZNSt3__117__compressed_pairIPNS_4pairINS_6vectorIiNS_9allocatorIiEEEEiEENS3_IS6_EEE6secondEv
FNDA:0,_ZNKSt3__117__compressed_pairIPiNS_9allocatorIiEEE6secondEv
FNDA:0,_ZNKSt3__117__compressed_pairIPNS_4pairINS_6vectorIiNS_9allocatorIiEEEEiEENS3_IS6_EEE6secondEv
FNF:77
FNH:21
DA:988,0
DA:990,0
DA:1106,352
DA:1108,352
DA:1546,0
DA:1547,0
DA:1554,0
DA:1555,0
DA:1560,0
DA:1561,0
DA:1562,0
DA:1595,0
DA:1596,0
DA:1599,0
DA:1600,0
DA:1604,0
DA:1605,0
DA:1606,0
DA:1607,0
DA:1643,0
DA:1645,0
DA:1646,0
DA:1647,0
DA:1662,0
DA:1664,0
DA:1665,0
DA:1667,0
DA:1668,0
DA:1669,0
DA:1670,0
DA:1717,0
DA:1718,0
DA:1742,0
DA:1743,0
DA:1752,0
DA:1753,0
DA:1764,0
DA:1765,0
DA:1798,88
DA:1809,0
DA:1811,0
DA:1812,0
DA:1814,0
DA:1816,0
DA:1817,0
DA:1818,0
DA:1819,0
DA:1824,0
DA:1826,0
DA:1827,0
DA:1881,0
DA:2140,20
DA:2147,68
DA:2148,68
DA:2150,68
DA:2163,0
DA:2165,176
DA:2179,88
DA:2186,0
DA:2187,0
DA:2188,0
DA:2202,0
DA:2204,0
DA:2234,40
DA:2240,136
DA:2241,136
DA:2250,0
DA:2251,0
DA:2279,0
DA:2280,0
DA:2284,176
DA:2285,176
DA:2289,0
DA:2290,0
DA:2294,0
DA:2295,0
LF:76
LH:14
end_of_record
SF:/Library/Developer/CommandLineTools/usr/include/c++/v1/new
FN:223,_ZNSt3__1L17__libcpp_allocateEmm
FN:245,_ZNSt3__117_DeallocateCaller33__do_deallocate_handle_size_alignEPvmm
FN:275,_ZNSt3__117_DeallocateCaller27__do_deallocate_handle_sizeEPvm
FN:316,_ZNSt3__117_DeallocateCaller9__do_callEPv
FN:325,_ZNSt3__1L19__libcpp_deallocateEPvmm
FNDA:0,_ZNSt3__1L17__libcpp_allocateEmm
FNDA:0,_ZNSt3__117_DeallocateCaller33__do_deallocate_handle_size_alignEPvmm
FNDA:0,_ZNSt3__117_DeallocateCaller27__do_deallocate_handle_sizeEPvm
FNDA:0,_ZNSt3__117_DeallocateCaller9__do_callEPv
FNDA:0,_ZNSt3__1L19__libcpp_deallocateEPvmm
FNF:5
FNH:0
DA:223,0
DA:239,0
DA:245,0
DA:248,0
DA:275,0
DA:278,0
DA:316,0
DA:320,0
DA:325,0
DA:326,0
DA:327,0
LF:11
LH:0
end_of_record
SF:/Library/Developer/CommandLineTools/usr/include/c++/v1/stdexcept
FN:136,_ZNSt12length_errorC2EPKc
FN:136,_ZNSt12length_errorC1EPKc
FN:222,_ZNSt3__1L20__throw_length_errorEPKc
FNDA:0,_ZNSt12length_errorC1EPKc
FNDA:0,_ZNSt12length_errorC2EPKc
FNDA:0,_ZNSt3__1L20__throw_length_errorEPKc
FNF:3
FNH:0
DA:136,0
DA:222,0
DA:225,0
DA:230,0
LF:4
LH:0
end_of_record
SF:/Library/Developer/CommandLineTools/usr/include/c++/v1/string
[...]
FNDA:128,_ZNSt3__16vectorIiNS_9allocatorIiEEEC2EmRKi
FNDA:13860,_ZNSt3__16vectorIiNS_9allocatorIiEEEC1INS_11__wrap_iterIPiEEEET_NS_9enable_ifIXaasr21__is_forward_iteratorIS8_EE5valuesr16is_constructibleIiNS_15iterator_traitsIS8_E9referenceEEE5valueES8_E4typeE
FNDA:13860,_ZNSt3__16vectorIiNS_9allocatorIiEEEC2INS_11__wrap_iterIPiEEEET_NS_9enable_ifIXaasr21__is_forward_iteratorIS8_EE5valuesr16is_constructibleIiNS_15iterator_traitsIS8_E9referenceEEE5valueES8_E4typeE
FNDA:34808,_ZNSt3__16vectorIiNS_9allocatorIiEEEC1ERKS3_
FNDA:936,_ZNSt3__16vectorINS_4pairINS0_IiNS_9allocatorIiEEEEiEENS2_IS5_EEEC1ERKS7_
FNDA:96,_ZNSt3__16vectorINS_4pairIiiEENS_9allocatorIS2_EEEC1ERKS5_
FNDA:34808,_ZNSt3__16vectorIiNS_9allocatorIiEEEC2ERKS3_
FNDA:936,_ZNSt3__16vectorINS_4pairINS0_IiNS_9allocatorIiEEEEiEENS2_IS5_EEEC2ERKS7_
FNDA:96,_ZNSt3__16vectorINS_4pairIiiEENS_9allocatorIS2_EEEC2ERKS5_
FNDA:84,_ZNSt3__16vectorIiNS_9allocatorIiEEEC1EOS3_
FNDA:84,_ZNSt3__16vectorIiNS_9allocatorIiEEEC2EOS3_
FNDA:56,_ZNSt3__16vectorIiNS_9allocatorIiEEEaSEOS3_
FNDA:68,_ZNSt3__16vectorIiNS_9allocatorIiEEE13__move_assignERS3_NS_17integral_constantIbLb1EEE
FNDA:60,_ZNSt3__16vectorIiNS_9allocatorIiEEEaSERKS3_
FNDA:60,_ZNSt3__16vectorIiNS_9allocatorIiEEE6assignIPiEENS_9enable_ifIXaasr21__is_forward_iteratorIT_EE5valuesr16is_constructibleIiNS_15iterator_traitsIS7_E9referenceEEE5valueEvE4typeES7_S7_
FNDA:44,_ZNSt3__16vectorIiNS_9allocatorIiEEE6assignIPKiEENS_9enable_ifIXaasr21__is_forward_iteratorIT_EE5valuesr16is_constructibleIiNS_15iterator_traitsIS8_E9referenceEEE5valueEvE4typeES8_S8_
FNDA:29368,_ZNSt3__16vectorIiNS_9allocatorIiEEE11__make_iterEPi
FNDA:272,_ZNSt3__16vectorINS_4pairIifEENS_9allocatorIS2_EEE11__make_iterEPS2_
FNDA:408,_ZNSt3__16vectorINS_4pairINS0_IiNS_9allocatorIiEEEEiEENS2_IS5_EEE11__make_iterEPS5_
FNDA:128,_ZNSt3__16vectorINS_4pairIiiEENS_9allocatorIS2_EEE11__make_iterEPS2_
FNDA:728,_ZNKSt3__16vectorIiNS_9allocatorIiEEE11__make_iterEPKi
FNDA:28544,_ZNSt3__16vectorIiNS_9allocatorIiEEE5beginEv
FNDA:272,_ZNSt3__16vectorINS_4pairIifEENS_9allocatorIS2_EEE5beginEv
FNDA:408,_ZNSt3__16vectorINS_4pairINS0_IiNS_9allocatorIiEEEEiEENS2_IS5_EEE5beginEv
FNDA:64,_ZNSt3__16vectorINS_4pairIiiEENS_9allocatorIS2_EEE5beginEv
FNDA:728,_ZNKSt3__16vectorIiNS_9allocatorIiEEE5beginEv
FNDA:96,_ZNSt3__16vectorIiNS_9allocatorIiEEE3endEv
FNDA:64,_ZNSt3__16vectorINS_4pairIiiEENS_9allocatorIS2_EEE3endEv
FNDA:657308,_ZNSt3__16vectorIiNS_9allocatorIiEEEixEm
FNDA:3788,_ZNSt3__16vectorINS_4pairINS0_IiNS_9allocatorIiEEEEiEENS2_IS5_EEEixEm
FNDA:1048,_ZNSt3__16vectorINS_4pairIifEENS_9allocatorIS2_EEEixEm
FNDA:136,_ZNSt3__16vectorINS_4pairIiiEENS_9allocatorIS2_EEEixEm
FNDA:252,_ZNSt3__16vectorIiNS_9allocatorIiEEE21__push_back_slow_pathIRKiEEvOT_
FNDA:80,_ZNSt3__16vectorINS_4pairIifEENS_9allocatorIS2_EEE21__push_back_slow_pathIRKS2_EEvOT_
FNDA:68,_ZNSt3__16vectorINS_4pairIiiEENS_9allocatorIS2_EEE21__push_back_slow_pathIRKS2_EEvOT_
FNDA:340,_ZNSt3__16vectorIiNS_9allocatorIiEEE9push_backERKi
FNDA:136,_ZNSt3__16vectorINS_4pairIifEENS_9allocatorIS2_EEE9push_backERKS2_
FNDA:72,_ZNSt3__16vectorINS_4pairIiiEENS_9allocatorIS2_EEE9push_backERKS2_
FNDA:728,_ZNSt3__16vectorIiNS_9allocatorIiEEE5eraseENS_11__wrap_iterIPKiEE
FNDA:204,_ZNSt3__16vectorIiNS_9allocatorIiEEE4swapERS3_
FNDA:680,_ZNSt3__16vectorIiNS_9allocatorIiEEE26__invalidate_all_iteratorsEv
FNDA:80,_ZNSt3__16vectorINS_4pairIifEENS_9allocatorIS2_EEE26__invalidate_all_iteratorsEv
FNDA:68,_ZNSt3__16vectorINS_4pairIiiEENS_9allocatorIS2_EEE26__invalidate_all_iteratorsEv
FNDA:1468,_ZNSt3__16vectorIiNS_9allocatorIiEEE27__invalidate_iterators_pastEPi
FNDA:204,_ZNSt3__1L4swapIiNS_9allocatorIiEEEEvRNS_6vectorIT_T0_EES7_
FNF:168
FNH:164
DA:304,50080
DA:348,2168744
DA:349,2168744
DA:351,87560
DA:352,87560
DA:354,53156
DA:355,53156
DA:357,255140
DA:358,255140
DA:361,14156
DA:365,35924
DA:370,51184
DA:372,255140
DA:373,255140
DA:379,60
DA:380,60
DA:381,60
DA:384,68
DA:388,68
DA:389,68
DA:404,60
DA:405,60
DA:408,68
DA:411,68
DA:412,68
DA:423,51924
DA:425,51924
DA:426,2065992
DA:427,2014068
DA:428,51924
DA:429,51924
DA:433,14156
DA:435,14156
DA:436,14156
DA:437,14156
DA:438,14156
DA:439,14156
DA:453,35924
DA:454,35924
DA:455,35924
DA:456,35924
DA:460,51340
DA:462,51340
DA:464,51068
DA:465,51068
DA:466,51068
DA:467,51340
DA:496,264
DA:497,264
DA:501,264
DA:514,36
DA:518,128
DA:536,13860
DA:550,98032
DA:551,49016
DA:552,49016
DA:556,98032
DA:585,44
DA:586,44
DA:643,728
DA:644,728
DA:656,784400
DA:657,784400
DA:659,204072
DA:660,204072
DA:698,408432
DA:699,408432
DA:770,116
DA:772,116
DA:773,116
DA:774,116
DA:775,116
DA:776,116
DA:830,740
DA:832,740
DA:833,740
DA:834,740
DA:835,740
DA:836,740
DA:862,102108
DA:863,102108
DA:866,51628
DA:867,103256
DA:868,51628
DA:869,51628
DA:872,49624
DA:873,99248
DA:874,49624
DA:875,49624
DA:885,856
DA:887,1712
DA:888,856
DA:889,856
DA:910,106888
DA:911,53444
DA:935,608
DA:937,608
DA:938,608
DA:939,608
DA:940,608
DA:941,608
DA:942,608
DA:943,608
DA:944,608
DA:945,608
DA:973,51020
DA:975,51020
DA:976,0
DA:977,51020
DA:978,51020
DA:979,51020
DA:980,51020
DA:984,160
DA:986,160
DA:988,116
DA:989,116
DA:990,116
DA:991,116
DA:992,160
DA:996,51720
DA:998,103440
DA:999,51720
DA:1006,492
DA:1008,492
DA:1009,492
DA:1010,0
DA:1011,492
DA:1012,492
DA:1013,0
DA:1014,492
DA:1015,492
DA:1024,0
DA:1026,0
DA:1027,0
DA:1029,0
DA:1030,0
DA:1031,0
DA:1032,0
DA:1033,0
DA:1034,0
DA:1035,0
DA:1046,128
DA:1048,128
DA:1049,128
DA:1051,2736
DA:1052,2736
DA:1053,2736
DA:1054,2736
DA:1055,2736
DA:1056,2736
DA:1057,128
DA:1066,50560
DA:1068,50560
DA:1069,50560
DA:1070,50560
DA:1071,50560
DA:1072,50560
DA:1113,72
DA:1114,72
DA:1118,36
DA:1120,0
DA:1121,0
DA:1122,0
DA:1123,72
DA:1142,256
DA:1143,256
DA:1147,128
DA:1149,128
DA:1150,128
DA:1151,128
DA:1152,256
DA:1204,27720
DA:1210,27720
DA:1214,13860
DA:1215,13860
DA:1217,13860
DA:1218,13860
DA:1219,13860
DA:1220,27720
DA:1243,71680
DA:1244,35840
DA:1245,71680
DA:1249,35840
DA:1250,35840
DA:1252,35776
DA:1253,35776
DA:1254,35776
DA:1255,71680
DA:1276,168
DA:1282,84
DA:1283,168
DA:1288,84
DA:1289,84
DA:1290,84
DA:1291,84
DA:1292,168
DA:1351,56
DA:1354,56
DA:1356,56
DA:1375,68
DA:1378,68
DA:1379,68
DA:1380,68
DA:1381,68
DA:1382,68
DA:1383,68
DA:1387,68
DA:1394,60
DA:1396,60
DA:1398,60
DA:1399,60
DA:1400,60
DA:1401,60
DA:1432,104
DA:1434,104
DA:1435,104
DA:1437,12
DA:1438,12
DA:1439,12
DA:1441,0
DA:1442,0
DA:1443,0
DA:1444,0
DA:1445,12
DA:1446,12
DA:1447,0
DA:1449,12
DA:1450,12
DA:1453,92
DA:1454,92
DA:1455,92
DA:1457,104
DA:1458,104
DA:1485,30176
DA:1490,30176
DA:1497,728
DA:1502,728
DA:1509,29288
DA:1511,29288
DA:1517,728
DA:1519,728
DA:1525,160
DA:1527,160
DA:1541,662280
DA:1544,662280
DA:1612,400
DA:1617,400
DA:1618,400
DA:1620,400
DA:1621,400
DA:1622,400
DA:1623,400
DA:1628,548
DA:1630,548
DA:1632,148
DA:1633,296
DA:1634,148
DA:1635,148
DA:1636,148
DA:1637,148
DA:1639,400
DA:1640,548
DA:1715,728
DA:1724,728
DA:1725,728
DA:1726,728
DA:1727,728
DA:1728,728
DA:1729,728
DA:2066,204
DA:2078,204
DA:2079,204
DA:2080,204
DA:2081,204
DA:2086,204
DA:2146,828
DA:2151,828
DA:2157,1468
DA:2173,1468
DA:3410,204
DA:3413,204
DA:3414,204
LF:282
LH:261
end_of_record
SF:/Users/usuario/Desktop/LabAlgo1/tp2/reunionesRemotas/lib/gtest.h
FN:2394,_ZN7testing8internal10scoped_ptrINSt3__112basic_stringIcNS2_11char_traitsIcEENS2_9allocatorIcEEEEEC1EPS8_
FN:2394,_ZN7testing8internal10scoped_ptrINSt3__112basic_stringIcNS2_11char_traitsIcEENS2_9allocatorIcEEEEEC2EPS8_
FN:2395,_ZN7testing8internal10scoped_ptrINSt3__118basic_stringstreamIcNS2_11char_traitsIcEENS2_9allocatorIcEEEEED1Ev
FN:2395,_ZN7testing8internal10scoped_ptrINSt3__112basic_stringIcNS2_11char_traitsIcEENS2_9allocatorIcEEEEED2Ev
FN:2395,_ZN7testing8internal10scoped_ptrINSt3__118basic_stringstreamIcNS2_11char_traitsIcEENS2_9allocatorIcEEEEED2Ev
FN:2395,_ZN7testing8internal10scoped_ptrINSt3__112basic_stringIcNS2_11char_traitsIcEENS2_9allocatorIcEEEEED1Ev
FN:2407,_ZN7testing8internal10scoped_ptrINSt3__118basic_stringstreamIcNS2_11char_traitsIcEENS2_9allocatorIcEEEEE5resetEPS8_
FN:2407,_ZN7testing8internal10scoped_ptrINSt3__112basic_stringIcNS2_11char_traitsIcEENS2_9allocatorIcEEEEE5resetEPS8_
FN:3935,_ZN7testing7MessageD2Ev
FN:3935,_ZN7testing7MessageD1Ev
FN:18855,_ZN7testing15AssertionResultD1Ev
FN:18855,_ZN7testing15AssertionResultD2Ev
FN:18871,_ZN7testing15AssertionResultC1IbEERKT_PNS_8internal8EnableIfIXntsr8internal21ImplicitlyConvertibleIS2_S0_EE5valueEE4typeE
FN:18871,_ZN7testing15AssertionResultC2IbEERKT_PNS_8internal8EnableIfIXntsr8internal21ImplicitlyConvertibleIS2_S0_EE5valueEE4typeE
FN:18887,_ZNK7testing15AssertionResultcvbEv
FNDA:408,_ZN7testing8internal10scoped_ptrINSt3__112basic_stringIcNS2_11char_traitsIcEENS2_9allocatorIcEEEEEC1EPS8_
FNDA:408,_ZN7testing8internal10scoped_ptrINSt3__112basic_stringIcNS2_11char_traitsIcEENS2_9allocatorIcEEEEEC2EPS8_
FNDA:704,_ZN7testing8internal10scoped_ptrINSt3__118basic_stringstreamIcNS2_11char_traitsIcEENS2_9allocatorIcEEEEED1Ev
FNDA:704,_ZN7testing8internal10scoped_ptrINSt3__118basic_stringstreamIcNS2_11char_traitsIcEENS2_9allocatorIcEEEEED2Ev
FNDA:408,_ZN7testing8internal10scoped_ptrINSt3__112basic_stringIcNS2_11char_traitsIcEENS2_9allocatorIcEEEEED1Ev
FNDA:408,_ZN7testing8internal10scoped_ptrINSt3__112basic_stringIcNS2_11char_traitsIcEENS2_9allocatorIcEEEEED2Ev
FNDA:704,_ZN7testing8internal10scoped_ptrINSt3__118basic_stringstreamIcNS2_11char_traitsIcEENS2_9allocatorIcEEEEE5resetEPS8_
FNDA:408,_ZN7testing8internal10scoped_ptrINSt3__112basic_stringIcNS2_11char_traitsIcEENS2_9allocatorIcEEEEE5resetEPS8_
FNDA:704,_ZN7testing7MessageD1Ev
FNDA:704,_ZN7testing7MessageD2Ev
FNDA:408,_ZN7testing15AssertionResultD1Ev
FNDA:408,_ZN7testing15AssertionResultD2Ev
FNDA:408,_ZN7testing15AssertionResultC1IbEERKT_PNS_8internal8EnableIfIXntsr8internal21ImplicitlyConvertibleIS2_S0_EE5valueEE4typeE
FNDA:408,_ZN7testing15AssertionResultC2IbEERKT_PNS_8internal8EnableIfIXntsr8internal21ImplicitlyConvertibleIS2_S0_EE5valueEE4typeE
FNDA:408,_ZNK7testing15AssertionResultcvbEv
FNF:15
FNH:15
DA:2394,816
DA:2395,2224
DA:2407,1112
DA:2408,1112
DA:2409,704
DA:2410,704
DA:2411,704
DA:2412,704
DA:2413,704
DA:2414,1112
DA:3935,1408
DA:18855,816
DA:18871,816
DA:18876,1224
DA:18887,408
LF:15
LH:15
end_of_record
SF:/Users/usuario/Desktop/LabAlgo1/tp2/reunionesRemotas/src/auxiliares.cpp
FN:7,_Z10freqValidai
FN:12,_Z7enRangoNSt3__16vectorIiNS_9allocatorIiEEEEi
FN:25,_Z10profValidai
FN:30,_Z9duraMasDeNSt3__16vectorIiNS_9allocatorIiEEEEif
FN:35,_Z8esValidaNSt3__16vectorIiNS_9allocatorIiEEEEii
FN:42,_Z4tonoNSt3__16vectorIiNS_9allocatorIiEEEE
FN:53,_Z12superaUmbralNSt3__16vectorIiNS_9allocatorIiEEEEi
FN:58,_Z19existeSubseqEnojadaNSt3__16vectorIiNS_9allocatorIiEEEEiii
FN:79,_Z8esMatrizNSt3__16vectorINS_4pairINS0_IiNS_9allocatorIiEEEEiEENS2_IS5_EEEE
FN:93,_Z15senialesValidasNSt3__16vectorINS_4pairINS0_IiNS_9allocatorIiEEEEiEENS2_IS5_EEEEii
FN:104,_Z23todosHablantesDistintosNSt3__16vectorINS_4pairINS0_IiNS_9allocatorIiEEEEiEENS2_IS5_EEEE
FN:117,_Z25hablantesDeReunionValidosNSt3__16vectorINS_4pairINS0_IiNS_9allocatorIiEEEEiEENS2_IS5_EEEEii
FN:128,_Z13reunionValidaNSt3__16vectorINS_4pairINS0_IiNS_9allocatorIiEEEEiEENS2_IS5_EEEEii
FN:135,_Z14acelerarSenialRNSt3__16vectorIiNS_9allocatorIiEEEEii
FN:144,_Z16ralentizarSenialRNSt3__16vectorIiNS_9allocatorIiEEEEii
FN:162,_Z25hablantesConTonosElevadosNSt3__16vectorINS_4pairINS0_IiNS_9allocatorIiEEEEiEENS2_IS5_EEEEii
FN:184,_Z22agregarParHablanteTonoRNSt3__16vectorINS_4pairIifEENS_9allocatorIS2_EEEENS0_INS1_INS0_IiNS3_IiEEEEiEENS3_IS9_EEEEi
FN:193,_Z30ordenarReunionAcordeAPromediosRNSt3__16vectorINS_4pairINS0_IiNS_9allocatorIiEEEEiEENS2_IS5_EEEE
FN:222,_Z12superaUmbralii
FN:227,_Z23actualizarIndicesYFlagsRiiRbS0_i
FN:240,_Z16agregarIntervaloRNSt3__16vectorINS_4pairIiiEENS_9allocatorIS2_EEEEii
FN:250,_Z16obtenerSilenciosNSt3__16vectorIiNS_9allocatorIiEEEEii
FN:283,_Z13valorAbsolutoi
FN:288,_Z24hayHablantesSuperpuestosNSt3__16vectorINS_4pairINS0_IiNS_9allocatorIiEEEEiEENS2_IS5_EEEEii
FN:307,_Z5valorNSt3__16vectorIiNS_9allocatorIiEEEEi
FN:329,_Z5signoi
FN:340,_Z15esPasajePorCeroNSt3__16vectorIiNS_9allocatorIiEEEEi
FN:345,_Z17reconstruirSenialNSt3__16vectorIiNS_9allocatorIiEEEE
FN:363,_Z17coincidenExtremosNSt3__16vectorIiNS_9allocatorIiEEEEii
FN:368,_Z6subSecNSt3__16vectorIiNS_9allocatorIiEEEEii
FN:377,_Z4swapRNSt3__16vectorIiNS_9allocatorIiEEEEii
FN:384,_Z8insertarRNSt3__16vectorIiNS_9allocatorIiEEEEi
FN:392,_Z13insertionSortNSt3__16vectorIiNS_9allocatorIiEEEE
FN:400,_Z14ordenarSenialWNSt3__16vectorIiNS_9allocatorIiEEEE
FN:405,_Z8filtradaNSt3__16vectorIiNS_9allocatorIiEEEEi
FN:422,_Z10leerSenialNSt3__112basic_stringIcNS_11char_traitsIcEENS_9allocatorIcEEEE
FN:454,_Z14escribirSenialNSt3__16vectorIiNS_9allocatorIiEEEENS_12basic_stringIcNS_11char_traitsIcEENS1_IcEEEE
FN:474,_Z24senialesOrdenadasIgualesNSt3__16vectorIiNS_9allocatorIiEEEES3_
FN:488,_Z16reunionesIgualesNSt3__16vectorINS_4pairINS0_IiNS_9allocatorIiEEEEiEENS2_IS5_EEEES7_
FN:506,_Z25hablantesOrdenadosIgualesNSt3__16vectorIiNS_9allocatorIiEEEES3_
FN:519,_Z26intervalosOrdenadosIgualesNSt3__16vectorINS_4pairIiiEENS_9allocatorIS2_EEEES5_
FN:532,_Z16ASSERT_SENIAL_EQNSt3__16vectorIiNS_9allocatorIiEEEES3_
FN:536,_Z17ASSERT_REUNION_EQNSt3__16vectorINS_4pairINS0_IiNS_9allocatorIiEEEEiEENS2_IS5_EEEES7_
FN:540,_Z19ASSERT_HABLANTES_EQNSt3__16vectorIiNS_9allocatorIiEEEES3_
FN:544,_Z20ASSERT_INTERVALOS_EQNSt3__16vectorINS_4pairIiiEENS_9allocatorIS2_EEEES5_
FNDA:200,_Z10freqValidai
FNDA:184,_Z7enRangoNSt3__16vectorIiNS_9allocatorIiEEEEi
FNDA:152,_Z10profValidai
FNDA:148,_Z9duraMasDeNSt3__16vectorIiNS_9allocatorIiEEEEif
FNDA:200,_Z8esValidaNSt3__16vectorIiNS_9allocatorIiEEEEii
FNDA:14132,_Z4tonoNSt3__16vectorIiNS_9allocatorIiEEEE
FNDA:13900,_Z12superaUmbralNSt3__16vectorIiNS_9allocatorIiEEEEi
FNDA:56,_Z19existeSubseqEnojadaNSt3__16vectorIiNS_9allocatorIiEEEEiii
FNDA:64,_Z8esMatrizNSt3__16vectorINS_4pairINS0_IiNS_9allocatorIiEEEEiEENS2_IS5_EEEE
FNDA:56,_Z15senialesValidasNSt3__16vectorINS_4pairINS0_IiNS_9allocatorIiEEEEiEENS2_IS5_EEEEii
FNDA:36,_Z23todosHablantesDistintosNSt3__16vectorINS_4pairINS0_IiNS_9allocatorIiEEEEiEENS2_IS5_EEEE
FNDA:36,_Z25hablantesDeReunionValidosNSt3__16vectorINS_4pairINS0_IiNS_9allocatorIiEEEEiEENS2_IS5_EEEEii
FNDA:68,_Z13reunionValidaNSt3__16vectorINS_4pairINS0_IiNS_9allocatorIiEEEEiEENS2_IS5_EEEEii
FNDA:68,_Z14acelerarSenialRNSt3__16vectorIiNS_9allocatorIiEEEEii
FNDA:60,_Z16ralentizarSenialRNSt3__16vectorIiNS_9allocatorIiEEEEii
FNDA:32,_Z25hablantesConTonosElevadosNSt3__16vectorINS_4pairINS0_IiNS_9allocatorIiEEEEiEENS2_IS5_EEEEii
FNDA:136,_Z22agregarParHablanteTonoRNSt3__16vectorINS_4pairIifEENS_9allocatorIS2_EEEENS0_INS1_INS0_IiNS3_IiEEEEiEENS3_IS9_EEEEi
FNDA:32,_Z30ordenarReunionAcordeAPromediosRNSt3__16vectorINS_4pairINS0_IiNS_9allocatorIiEEEEiEENS2_IS5_EEEE
FNDA:524,_Z12superaUmbralii
FNDA:328,_Z23actualizarIndicesYFlagsRiiRbS0_i
FNDA:72,_Z16agregarIntervaloRNSt3__16vectorINS_4pairIiiEENS_9allocatorIS2_EEEEii
FNDA:36,_Z16obtenerSilenciosNSt3__16vectorIiNS_9allocatorIiEEEEii
FNDA:416,_Z13valorAbsolutoi
FNDA:20,_Z24hayHablantesSuperpuestosNSt3__16vectorINS_4pairINS0_IiNS_9allocatorIiEEEEiEENS2_IS5_EEEEii
FNDA:56,_Z5valorNSt3__16vectorIiNS_9allocatorIiEEEEi
FNDA:128,_Z5signoi
FNDA:64,_Z15esPasajePorCeroNSt3__16vectorIiNS_9allocatorIiEEEEi
FNDA:16,_Z17reconstruirSenialNSt3__16vectorIiNS_9allocatorIiEEEE
FNDA:120,_Z17coincidenExtremosNSt3__16vectorIiNS_9allocatorIiEEEEii
FNDA:56,_Z6subSecNSt3__16vectorIiNS_9allocatorIiEEEEii
FNDA:264,_Z4swapRNSt3__16vectorIiNS_9allocatorIiEEEEii
FNDA:312,_Z8insertarRNSt3__16vectorIiNS_9allocatorIiEEEEi
FNDA:56,_Z13insertionSortNSt3__16vectorIiNS_9allocatorIiEEEE
FNDA:56,_Z14ordenarSenialWNSt3__16vectorIiNS_9allocatorIiEEEE
FNDA:12,_Z8filtradaNSt3__16vectorIiNS_9allocatorIiEEEEi
FNDA:0,_Z10leerSenialNSt3__112basic_stringIcNS_11char_traitsIcEENS_9allocatorIcEEEE
FNDA:0,_Z14escribirSenialNSt3__16vectorIiNS_9allocatorIiEEEENS_12basic_stringIcNS_11char_traitsIcEENS1_IcEEEE
FNDA:284,_Z24senialesOrdenadasIgualesNSt3__16vectorIiNS_9allocatorIiEEEES3_
FNDA:92,_Z16reunionesIgualesNSt3__16vectorINS_4pairINS0_IiNS_9allocatorIiEEEEiEENS2_IS5_EEEES7_
FNDA:48,_Z25hablantesOrdenadosIgualesNSt3__16vectorIiNS_9allocatorIiEEEES3_
FNDA:32,_Z26intervalosOrdenadosIgualesNSt3__16vectorINS_4pairIiiEENS_9allocatorIS2_EEEES5_
FNDA:12,_Z16ASSERT_SENIAL_EQNSt3__16vectorIiNS_9allocatorIiEEEES3_
FNDA:92,_Z17ASSERT_REUNION_EQNSt3__16vectorINS_4pairINS0_IiNS_9allocatorIiEEEEiEENS2_IS5_EEEES7_
FNDA:48,_Z19ASSERT_HABLANTES_EQNSt3__16vectorIiNS_9allocatorIiEEEES3_
FNDA:32,_Z20ASSERT_INTERVALOS_EQNSt3__16vectorINS_4pairIiiEENS_9allocatorIS2_EEEES5_
FNF:45
FNH:43
DA:7,200
DA:9,200
DA:12,184
DA:14,184
DA:15,184
DA:16,184
DA:18,2056
DA:19,1872
DA:20,1872
DA:22,184
DA:25,152
DA:27,152
DA:30,148
DA:32,148
DA:35,200
DA:37,348
DA:38,0
DA:42,14132
DA:44,14132
DA:46,652452
DA:47,638320
DA:48,638320
DA:50,14132
DA:53,13900
DA:55,13900
DA:56,0
DA:58,56
DA:60,56
DA:62,56
DA:64,40
DA:66,452
DA:67,14272
DA:68,13860
DA:70,13860
DA:71,13860
DA:72,412
DA:74,40
DA:75,56
DA:79,64
DA:81,64
DA:82,64
DA:84,140
DA:85,76
DA:87,76
DA:88,76
DA:90,64
DA:91,64
DA:93,56
DA:95,56
DA:97,176
DA:98,120
DA:99,120
DA:101,56
DA:102,0
DA:104,36
DA:106,36
DA:108,120
DA:109,168
DA:110,84
DA:111,84
DA:112,84
DA:114,36
DA:117,36
DA:119,36
DA:121,108
DA:122,72
DA:123,72
DA:125,36
DA:126,0
DA:128,68
DA:130,104
DA:131,0
DA:135,68
DA:137,796
DA:138,728
DA:139,728
DA:140,68
DA:144,60
DA:146,60
DA:147,60
DA:149,1304
DA:150,1244
DA:151,652
DA:152,652
DA:153,592
DA:155,1244
DA:157,60
DA:158,60
DA:162,32
DA:164,32
DA:165,32
DA:167,128
DA:168,96
DA:170,96
DA:171,44
DA:172,44
DA:173,44
DA:174,52
DA:175,28
DA:176,28
DA:177,96
DA:179,32
DA:180,32
DA:184,136
DA:186,136
DA:187,136
DA:188,136
DA:190,136
DA:191,136
DA:193,32
DA:195,32
DA:197,32
DA:198,8
DA:201,160
DA:202,136
DA:205,272
DA:206,136
DA:207,136
DA:208,136
DA:211,136
DA:213,316
DA:214,204
DA:215,204
DA:216,112
DA:218,32
DA:222,524
DA:224,524
DA:227,328
DA:229,328
DA:230,128
DA:231,128
DA:233,328
DA:235,328
DA:236,200
DA:237,200
DA:238,328
DA:240,72
DA:242,72
DA:244,72
DA:245,72
DA:247,72
DA:248,72
DA:250,36
DA:252,36
DA:253,36
DA:254,36
DA:255,36
DA:258,560
DA:260,524
DA:261,328
DA:262,328
DA:265,196
DA:266,60
DA:267,60
DA:268,196
DA:269,196
DA:271,524
DA:274,36
DA:275,12
DA:276,12
DA:278,36
DA:279,36
DA:283,416
DA:285,416
DA:288,20
DA:290,176
DA:291,168
DA:292,572
DA:293,416
DA:294,60
DA:295,60
DA:296,416
DA:297,12
DA:299,404
DA:301,156
DA:302,8
DA:303,20
DA:307,56
DA:309,56
DA:310,56
DA:311,152
DA:312,96
DA:314,56
DA:315,40
DA:317,96
DA:318,168
DA:319,112
DA:321,56
DA:322,56
DA:324,112
DA:326,56
DA:329,128
DA:331,128
DA:332,24
DA:333,104
DA:334,40
DA:336,64
DA:338,128
DA:340,64
DA:342,64
DA:345,16
DA:347,16
DA:348,196
DA:349,180
DA:350,64
DA:352,8
DA:353,56
DA:355,64
DA:356,180
DA:358,16
DA:359,16
DA:363,120
DA:365,120
DA:368,56
DA:370,56
DA:371,368
DA:372,312
DA:373,312
DA:374,56
DA:375,56
DA:377,264
DA:379,264
DA:380,264
DA:381,264
DA:382,264
DA:384,312
DA:386,576
DA:387,264
DA:388,264
DA:390,312
DA:392,56
DA:394,368
DA:395,312
DA:396,312
DA:397,56
DA:400,56
DA:402,56
DA:403,0
DA:405,12
DA:407,12
DA:408,12
DA:409,132
DA:410,120
DA:411,56
DA:412,56
DA:413,56
DA:414,120
DA:415,12
DA:416,12
DA:422,0
DA:424,0
DA:425,0
DA:426,0
DA:429,0
DA:430,0
DA:431,0
DA:434,0
DA:436,0
DA:438,0
DA:440,0
DA:441,0
DA:442,0
DA:443,0
DA:445,0
DA:446,0
DA:448,0
DA:450,0
DA:451,0
DA:452,0
DA:454,0
DA:456,0
DA:458,0
DA:459,0
DA:460,0
DA:463,0
DA:464,0
DA:465,0
DA:467,0
DA:468,0
DA:474,284
DA:476,284
DA:477,0
DA:479,4120
DA:480,3836
DA:481,0
DA:483,3836
DA:485,284
DA:486,284
DA:488,92
DA:489,92
DA:490,0
DA:492,364
DA:493,272
DA:494,0
DA:496,272
DA:497,0
DA:499,272
DA:500,0
DA:501,272
DA:503,92
DA:504,92
DA:506,48
DA:507,48
DA:508,0
DA:510,48
DA:511,48
DA:513,272
DA:514,224
DA:516,48
DA:517,48
DA:519,32
DA:520,32
DA:521,0
DA:523,32
DA:524,32
DA:526,100
DA:527,68
DA:529,32
DA:530,32
DA:532,12
DA:533,12
DA:534,12
DA:536,92
DA:537,92
DA:538,92
DA:540,48
DA:541,48
DA:542,48
DA:544,32
DA:545,32
DA:546,32
LF:331
LH:287
end_of_record
