        -:    0:Source:/Users/usuario/Desktop/LabAlgo1/tp2/reunionesRemotas/tests/acelerar.cpp
        -:    0:Graph:/Users/usuario/Desktop/LabAlgo1/tp2/reunionesRemotas/cmake-build-debug/CMakeFiles/reunionesRemotas.dir/tests/acelerar.cpp.gcno
        -:    0:Data:/Users/usuario/Desktop/LabAlgo1/tp2/reunionesRemotas/cmake-build-debug/CMakeFiles/reunionesRemotas.dir/tests/acelerar.cpp.gcda
        -:    0:Runs:1
        -:    0:Programs:1
        -:    1:#include "../src/solucion.h"
        -:    2:#include "../src/auxiliares.h"
        -:    3:#include "../lib/gtest.h"
        -:    4:
        -:    5:
        -:    6:using namespace std;
        -:    7:
        7:    8:TEST(acelerarTEST, aceleracionValidaSenialesLongitudImpar){
        1:    8-block  0
        1:    8-block  1
        1:    8-block  2
        1:    8-block  3
        1:    8-block  4
        1:    8-block  5
        1:    8-block  6
    $$$$$:    8-block  7
    $$$$$:    8-block  8
    $$$$$:    8-block  9
    $$$$$:    8-block 10
    $$$$$:    8-block 11
    $$$$$:    8-block 12
        1:    8-block 13
        1:    8-block 14
        1:    8-block 15
        1:    8-block 16
        1:    8-block 17
        1:    8-block 18
        1:    8-block 19
        1:    8-block 20
        1:    8-block 21
        1:    8-block 22
        1:    8-block 23
        1:    9:    senial hablante1 = {1, 3, -3, 4, 6, 0, -2, -8, 9, -15, 7, 1, 3, -3, 4, 6, 0, -2, -8, 9, -15};
        1:   10:    senial hablante2 = {1, 3, -3, 4, 6, 0, -2, -8, 9, -15, 7, 1, 3, -3, 4, 6, 0, -2, -8, 9, -15};
        1:   10-block  0
        2:   11:    reunion reunionOriginal = {make_pair(hablante1, 0), make_pair(hablante2, 1)};
        1:   11-block  0
        1:   11-block  1
        1:   11-block  2
        1:   11-block  3
        2:   11-block  4
    $$$$$:   11-block  5
    $$$$$:   11-block  6
    $$$$$:   11-block  7
    $$$$$:   11-block  8
    $$$$$:   11-block  9
    $$$$$:   11-block 10
        1:   12:    int prof = 8;
        1:   13:    int freq = 10;
        -:   14:
        1:   15:    senial hablante1Acelerado = {3, 4, 0, -8, -15, 1, -3, 6, -2, 9};
        1:   15-block  0
        1:   16:    senial hablante2Acelerado = {3, 4, 0, -8, -15, 1, -3, 6, -2, 9};
        1:   16-block  0
        2:   17:    reunion reunionAcelerada = {make_pair(hablante1Acelerado, 0), make_pair(hablante2Acelerado, 1)};
        1:   17-block  0
        1:   17-block  1
        1:   17-block  2
        1:   17-block  3
        2:   17-block  4
    $$$$$:   17-block  5
    $$$$$:   17-block  6
    $$$$$:   17-block  7
    $$$$$:   17-block  8
    $$$$$:   17-block  9
    $$$$$:   17-block 10
        -:   18:
        1:   19:    acelerar(reunionOriginal, prof, freq);
        1:   19-block  0
        -:   20:
        1:   21:    ASSERT_REUNION_EQ(reunionOriginal, reunionAcelerada);
        1:   21-block  0
        1:   21-block  1
        1:   21-block  2
    $$$$$:   21-block  3
    $$$$$:   21-block  4
        1:   22:}
        1:   22-block  0
    $$$$$:   22-block  1
    $$$$$:   22-block  2
    $$$$$:   22-block  3
    $$$$$:   22-block  4
    $$$$$:   22-block  5
    $$$$$:   22-block  6
    $$$$$:   22-block  7
    $$$$$:   22-block  8
    $$$$$:   22-block  9
    $$$$$:   22-block 10
    $$$$$:   22-block 11
    $$$$$:   22-block 12
        -:   23:
        7:   24:TEST(acelerarTEST, aceleracionValidaSenialesLongitudPar){
        1:   24-block  0
        1:   24-block  1
        1:   24-block  2
        1:   24-block  3
        1:   24-block  4
        1:   24-block  5
        1:   24-block  6
    $$$$$:   24-block  7
    $$$$$:   24-block  8
    $$$$$:   24-block  9
    $$$$$:   24-block 10
    $$$$$:   24-block 11
    $$$$$:   24-block 12
        1:   24-block 13
        1:   24-block 14
        1:   24-block 15
        1:   24-block 16
        1:   24-block 17
        1:   24-block 18
        1:   24-block 19
        1:   24-block 20
        1:   24-block 21
        1:   24-block 22
        1:   24-block 23
        1:   25:    senial hablante1 = {1, 3, -3, 4, 6, 0, -2, -8, 9, -15, 7, 1, 3, -3, 4, 6, 0, -2, -8, 9, -15, 0};
        1:   26:    senial hablante2 = {1, 3, -3, 4, 6, 0, -2, -8, 9, -15, 7, 1, 3, -3, 4, 6, 0, -2, -8, 9, -15, 0};
        1:   26-block  0
        2:   27:    reunion reunionOriginal = {make_pair(hablante1, 0), make_pair(hablante2, 1)};
        1:   27-block  0
        1:   27-block  1
        1:   27-block  2
        1:   27-block  3
        2:   27-block  4
    $$$$$:   27-block  5
    $$$$$:   27-block  6
    $$$$$:   27-block  7
    $$$$$:   27-block  8
    $$$$$:   27-block  9
    $$$$$:   27-block 10
        1:   28:    int prof = 8;
        1:   29:    int freq = 10;
        -:   30:
        1:   31:    senial hablante1Acelerado = {3, 4, 0, -8, -15, 1, -3, 6, -2, 9, 0};
        1:   31-block  0
        1:   32:    senial hablante2Acelerado = {3, 4, 0, -8, -15, 1, -3, 6, -2, 9, 0};
        1:   32-block  0
        2:   33:    reunion reunionAcelerada = {make_pair(hablante1Acelerado, 0), make_pair(hablante2Acelerado, 1)};
        1:   33-block  0
        1:   33-block  1
        1:   33-block  2
        1:   33-block  3
        2:   33-block  4
    $$$$$:   33-block  5
    $$$$$:   33-block  6
    $$$$$:   33-block  7
    $$$$$:   33-block  8
    $$$$$:   33-block  9
    $$$$$:   33-block 10
        -:   34:
        1:   35:    acelerar(reunionOriginal, prof, freq);
        1:   35-block  0
        -:   36:
        1:   37:    ASSERT_REUNION_EQ(reunionOriginal, reunionAcelerada);
        1:   37-block  0
        1:   37-block  1
        1:   37-block  2
    $$$$$:   37-block  3
    $$$$$:   37-block  4
        1:   38:}
        1:   38-block  0
    $$$$$:   38-block  1
    $$$$$:   38-block  2
    $$$$$:   38-block  3
    $$$$$:   38-block  4
    $$$$$:   38-block  5
    $$$$$:   38-block  6
    $$$$$:   38-block  7
    $$$$$:   38-block  8
    $$$$$:   38-block  9
    $$$$$:   38-block 10
    $$$$$:   38-block 11
    $$$$$:   38-block 12
        -:   39:
        7:   40:TEST(acelerarTEST, aceleracionValida1)
        1:   40-block  0
        1:   40-block  1
        1:   40-block  2
        1:   40-block  3
        1:   40-block  4
        1:   40-block  5
        1:   40-block  6
    $$$$$:   40-block  7
    $$$$$:   40-block  8
    $$$$$:   40-block  9
    $$$$$:   40-block 10
    $$$$$:   40-block 11
    $$$$$:   40-block 12
        1:   40-block 13
        1:   40-block 14
        1:   40-block 15
        1:   40-block 16
        1:   40-block 17
        1:   40-block 18
        1:   40-block 19
        1:   40-block 20
        1:   40-block 21
        1:   40-block 22
        1:   40-block 23
        -:   41:{
        1:   42:    senial hablante1 = { 1, 2, 3, 4, 5, 6, 7, 8, 9, 10, 1, 2, 3, 4, 5, 6, 7, 8, 9, 10 };
        1:   43:    senial hablante2 = { 2, 3, 4, 5, 6, 7, 8, 9, 10, 11, 2, 3, 4, 5, 6, 7, 8, 9, 10, 11 };
        1:   43-block  0
        1:   44:    senial hablante3 = { 10, 9, 8, 7, 6, 5, 4, 3, 2, 1, 10, 9, 8, 7, 6, 5, 4, 3, 2, 1 };
        1:   44-block  0
        1:   45:    senial hablante4 = { -1, 1, -1, 1, -1, 1, -1, 1, -1, 1, -1, 1, -1, 1, -1, 1, -1, 1, -1, 1 };
        1:   45-block  0
        4:   46:    reunion reunionOriginal = { make_pair(hablante1, 0), make_pair(hablante2, 1), make_pair(hablante3, 2), make_pair(hablante4, 3) };
        1:   46-block  0
        1:   46-block  1
        1:   46-block  2
        1:   46-block  3
        1:   46-block  4
        1:   46-block  5
        4:   46-block  6
    $$$$$:   46-block  7
    $$$$$:   46-block  8
    $$$$$:   46-block  9
    $$$$$:   46-block 10
    $$$$$:   46-block 11
    $$$$$:   46-block 12
        1:   47:    int prof = 8;
        1:   48:    int freq = 10;
        -:   49:
        1:   50:    senial hablante1Acelerado = { 2, 4, 6, 8, 10, 2, 4, 6, 8, 10 };
        1:   50-block  0
        1:   51:    senial hablante2Acelerado = { 3, 5, 7, 9, 11, 3, 5, 7, 9, 11 };
        1:   51-block  0
        1:   52:    senial hablante3Acelerado = { 9, 7, 5, 3, 1, 9, 7, 5, 3, 1 };
        1:   52-block  0
        1:   53:    senial hablante4Acelerado = { 1, 1, 1, 1, 1, 1, 1, 1, 1, 1 };
        1:   53-block  0
        4:   54:    reunion reunionAcelerada = { make_pair(hablante1Acelerado, 0), make_pair(hablante2Acelerado, 1), make_pair(hablante3Acelerado, 2), make_pair(
        1:   54-block  0
        1:   54-block  1
        1:   54-block  2
        1:   54-block  3
        1:   54-block  4
        1:   54-block  5
        1:   54-block  6
        4:   54-block  7
    $$$$$:   54-block  8
    $$$$$:   54-block  9
    $$$$$:   54-block 10
    $$$$$:   54-block 11
    $$$$$:   54-block 12
    $$$$$:   54-block 13
        1:   55:            hablante4Acelerado, 3) };
        -:   56:
        1:   57:    acelerar(reunionOriginal, prof, freq);
        1:   57-block  0
        -:   58:
        1:   59:    ASSERT_REUNION_EQ(reunionOriginal, reunionAcelerada);
        1:   59-block  0
        1:   59-block  1
        1:   59-block  2
    $$$$$:   59-block  3
    $$$$$:   59-block  4
        1:   60:}
        1:   60-block  0
    $$$$$:   60-block  1
    $$$$$:   60-block  2
    $$$$$:   60-block  3
    $$$$$:   60-block  4
    $$$$$:   60-block  5
    $$$$$:   60-block  6
    $$$$$:   60-block  7
    $$$$$:   60-block  8
    $$$$$:   60-block  9
    $$$$$:   60-block 10
    $$$$$:   60-block 11
    $$$$$:   60-block 12
    $$$$$:   60-block 13
    $$$$$:   60-block 14
    $$$$$:   60-block 15
    $$$$$:   60-block 16
    $$$$$:   60-block 17
    $$$$$:   60-block 18
    $$$$$:   60-block 19
    $$$$$:   60-block 20
        -:   61:
        7:   62:TEST(acelerarTEST, aceleracionValida2)
        1:   62-block  0
        1:   62-block  1
        1:   62-block  2
        1:   62-block  3
        1:   62-block  4
        1:   62-block  5
        1:   62-block  6
    $$$$$:   62-block  7
    $$$$$:   62-block  8
    $$$$$:   62-block  9
    $$$$$:   62-block 10
    $$$$$:   62-block 11
    $$$$$:   62-block 12
        1:   62-block 13
        1:   62-block 14
        1:   62-block 15
        1:   62-block 16
        1:   62-block 17
        1:   62-block 18
        1:   62-block 19
        1:   62-block 20
        1:   62-block 21
        1:   62-block 22
        1:   62-block 23
        -:   63:{
        1:   64:    senial hablante1 = { 1, 2, 3, 4, 5, 6, 7, 8, 9, 10, 10, 9, 8, 7, 6, 5, 4, 3, 2, 1 };
        1:   65:    reunion reunionOriginal = { make_pair(hablante1, 0) };
        1:   65-block  0
        1:   65-block  1
        1:   65-block  2
        1:   65-block  3
    $$$$$:   65-block  4
    $$$$$:   65-block  5
    $$$$$:   65-block  6
    $$$$$:   65-block  7
    $$$$$:   65-block  8
    $$$$$:   65-block  9
        1:   66:    int prof = 8;
        1:   67:    int freq = 10;
        -:   68:
        1:   69:    senial hablante1Acelerado = { 2, 4, 6, 8, 10, 9, 7, 5, 3, 1 };
        1:   69-block  0
        1:   70:    reunion reunionAcelerada = { make_pair(hablante1Acelerado, 0) };
        1:   70-block  0
        1:   70-block  1
        1:   70-block  2
        1:   70-block  3
    $$$$$:   70-block  4
    $$$$$:   70-block  5
    $$$$$:   70-block  6
    $$$$$:   70-block  7
    $$$$$:   70-block  8
    $$$$$:   70-block  9
        -:   71:
        1:   72:    acelerar(reunionOriginal, prof, freq);
        1:   72-block  0
        -:   73:
        1:   74:    ASSERT_REUNION_EQ(reunionOriginal, reunionAcelerada);
        1:   74-block  0
        1:   74-block  1
        1:   74-block  2
    $$$$$:   74-block  3
    $$$$$:   74-block  4
        1:   75:}
        1:   75-block  0
    $$$$$:   75-block  1
    $$$$$:   75-block  2
    $$$$$:   75-block  3
    $$$$$:   75-block  4
    $$$$$:   75-block  5
    $$$$$:   75-block  6
    $$$$$:   75-block  7
    $$$$$:   75-block  8
        -:   76:
        7:   77:TEST(acelerarTEST, aceleracionValida3)
        1:   77-block  0
        1:   77-block  1
        1:   77-block  2
        1:   77-block  3
        1:   77-block  4
        1:   77-block  5
        1:   77-block  6
    $$$$$:   77-block  7
    $$$$$:   77-block  8
    $$$$$:   77-block  9
    $$$$$:   77-block 10
    $$$$$:   77-block 11
    $$$$$:   77-block 12
        1:   77-block 13
        1:   77-block 14
        1:   77-block 15
        1:   77-block 16
        1:   77-block 17
        1:   77-block 18
        1:   77-block 19
        1:   77-block 20
        1:   77-block 21
        1:   77-block 22
        1:   77-block 23
        -:   78:{
        1:   79:    senial hablante1 = { 1, 2, 3, 4, 5, 6, 7, 8, 9, 10, 10, 9, 8, 7, 6, 5, 4, 3, 2, 1, 30 };
        1:   80:    reunion reunionOriginal = { make_pair(hablante1, 0) };
        1:   80-block  0
        1:   80-block  1
        1:   80-block  2
        1:   80-block  3
    $$$$$:   80-block  4
    $$$$$:   80-block  5
    $$$$$:   80-block  6
    $$$$$:   80-block  7
    $$$$$:   80-block  8
    $$$$$:   80-block  9
        1:   81:    int prof = 8;
        1:   82:    int freq = 10;
        -:   83:
        1:   84:    senial hablante1Acelerado = { 2, 4, 6, 8, 10, 9, 7, 5, 3, 1 };
        1:   84-block  0
        1:   85:    reunion reunionAcelerada = { make_pair(hablante1Acelerado, 0) };
        1:   85-block  0
        1:   85-block  1
        1:   85-block  2
        1:   85-block  3
    $$$$$:   85-block  4
    $$$$$:   85-block  5
    $$$$$:   85-block  6
    $$$$$:   85-block  7
    $$$$$:   85-block  8
    $$$$$:   85-block  9
        -:   86:
        1:   87:    acelerar(reunionOriginal, prof, freq);
        1:   87-block  0
        -:   88:
        1:   89:    ASSERT_REUNION_EQ(reunionOriginal, reunionAcelerada);
        1:   89-block  0
        1:   89-block  1
        1:   89-block  2
    $$$$$:   89-block  3
    $$$$$:   89-block  4
        1:   90:}
        1:   90-block  0
    $$$$$:   90-block  1
    $$$$$:   90-block  2
    $$$$$:   90-block  3
    $$$$$:   90-block  4
    $$$$$:   90-block  5
    $$$$$:   90-block  6
    $$$$$:   90-block  7
    $$$$$:   90-block  8
        -:   91:
        7:   92:TEST(acelerarTEST, aceleracionValida4)
        1:   92-block  0
        1:   92-block  1
        1:   92-block  2
        1:   92-block  3
        1:   92-block  4
        1:   92-block  5
        1:   92-block  6
    $$$$$:   92-block  7
    $$$$$:   92-block  8
    $$$$$:   92-block  9
    $$$$$:   92-block 10
    $$$$$:   92-block 11
    $$$$$:   92-block 12
        1:   92-block 13
        1:   92-block 14
        1:   92-block 15
        1:   92-block 16
        1:   92-block 17
        1:   92-block 18
        1:   92-block 19
        1:   92-block 20
        1:   92-block 21
        1:   92-block 22
        1:   92-block 23
        -:   93:{
        1:   94:    senial hablante1 = { 1, -2, 3, 4, 5, -6, 7, 8, 9, -10, 10, 9, 8, -7, 6, 5, 4, -3, 2, 1, 30 };
        1:   95:    reunion reunionOriginal = { make_pair(hablante1, 0) };
        1:   95-block  0
        1:   95-block  1
        1:   95-block  2
        1:   95-block  3
    $$$$$:   95-block  4
    $$$$$:   95-block  5
    $$$$$:   95-block  6
    $$$$$:   95-block  7
    $$$$$:   95-block  8
    $$$$$:   95-block  9
        1:   96:    int prof = 8;
        1:   97:    int freq = 10;
        -:   98:
        1:   99:    senial hablante1Acelerado = { -2, 4, -6, 8, -10, 9, -7, 5, -3, 1 };
        1:   99-block  0
        1:  100:    reunion reunionAcelerada = { make_pair(hablante1Acelerado, 0) };
        1:  100-block  0
        1:  100-block  1
        1:  100-block  2
        1:  100-block  3
    $$$$$:  100-block  4
    $$$$$:  100-block  5
    $$$$$:  100-block  6
    $$$$$:  100-block  7
    $$$$$:  100-block  8
    $$$$$:  100-block  9
        -:  101:
        1:  102:    acelerar(reunionOriginal, prof, freq);
        1:  102-block  0
        -:  103:
        1:  104:    ASSERT_REUNION_EQ(reunionOriginal, reunionAcelerada);
        1:  104-block  0
        1:  104-block  1
        1:  104-block  2
    $$$$$:  104-block  3
    $$$$$:  104-block  4
        1:  105:}
        1:  105-block  0
    $$$$$:  105-block  1
    $$$$$:  105-block  2
    $$$$$:  105-block  3
    $$$$$:  105-block  4
    $$$$$:  105-block  5
    $$$$$:  105-block  6
    $$$$$:  105-block  7
    $$$$$:  105-block  8
        -:  106:
        7:  107:TEST(acelerarTEST, aceleracionValida5)
        1:  107-block  0
        1:  107-block  1
        1:  107-block  2
        1:  107-block  3
        1:  107-block  4
        1:  107-block  5
        1:  107-block  6
    $$$$$:  107-block  7
    $$$$$:  107-block  8
    $$$$$:  107-block  9
    $$$$$:  107-block 10
    $$$$$:  107-block 11
    $$$$$:  107-block 12
        1:  107-block 13
        1:  107-block 14
        1:  107-block 15
        1:  107-block 16
        1:  107-block 17
        1:  107-block 18
        1:  107-block 19
        1:  107-block 20
        1:  107-block 21
        1:  107-block 22
        1:  107-block 23
        -:  108:{
        1:  109:    senial hablante1 = { 1, -2, 3, 4, 5, -6, 7, 8, 9, -10, 10, 9, 8, -7, 6, 5, 4, -3, 2, 1, 30 };
        1:  110:    senial hablante2 = { 1, 10, 3, 4, 5, -6, 7, 8, 9, -10, 10, 9, 8, -7, 6, 5, 4, -3, 2, 1, 30 };
        1:  110-block  0
        2:  111:    reunion reunionOriginal = { make_pair(hablante1, 0), make_pair(hablante1, 1) };
        1:  111-block  0
        1:  111-block  1
        1:  111-block  2
        1:  111-block  3
        2:  111-block  4
    $$$$$:  111-block  5
    $$$$$:  111-block  6
    $$$$$:  111-block  7
    $$$$$:  111-block  8
    $$$$$:  111-block  9
    $$$$$:  111-block 10
        1:  112:    int prof = 8;
        1:  113:    int freq = 10;
        -:  114:
        1:  115:    senial hablante1Acelerado = { -2, 4, -6, 8, -10, 9, -7, 5, -3, 1 };
        1:  115-block  0
        1:  116:    senial hablante2Acelerado = { 10, 4, -6, 8, -10, 9, -7, 5, -3, 1 };
        1:  116-block  0
        2:  117:    reunion reunionAcelerada = { make_pair(hablante1Acelerado, 0), make_pair(hablante1Acelerado, 1) };
        1:  117-block  0
        1:  117-block  1
        1:  117-block  2
        1:  117-block  3
        2:  117-block  4
    $$$$$:  117-block  5
    $$$$$:  117-block  6
    $$$$$:  117-block  7
    $$$$$:  117-block  8
    $$$$$:  117-block  9
    $$$$$:  117-block 10
        -:  118:
        1:  119:    acelerar(reunionOriginal, prof, freq);
        1:  119-block  0
        -:  120:
        1:  121:    ASSERT_REUNION_EQ(reunionOriginal, reunionAcelerada);
        1:  121-block  0
        1:  121-block  1
        1:  121-block  2
    $$$$$:  121-block  3
    $$$$$:  121-block  4
        1:  122:}
        1:  122-block  0
    $$$$$:  122-block  1
    $$$$$:  122-block  2
    $$$$$:  122-block  3
    $$$$$:  122-block  4
    $$$$$:  122-block  5
    $$$$$:  122-block  6
    $$$$$:  122-block  7
    $$$$$:  122-block  8
    $$$$$:  122-block  9
    $$$$$:  122-block 10
    $$$$$:  122-block 11
    $$$$$:  122-block 12
        -:  123:
        7:  124:TEST(acelerarTEST, aceleracionValida6)
        1:  124-block  0
        1:  124-block  1
        1:  124-block  2
        1:  124-block  3
        1:  124-block  4
        1:  124-block  5
        1:  124-block  6
    $$$$$:  124-block  7
    $$$$$:  124-block  8
    $$$$$:  124-block  9
    $$$$$:  124-block 10
    $$$$$:  124-block 11
    $$$$$:  124-block 12
        1:  124-block 13
        1:  124-block 14
        1:  124-block 15
        1:  124-block 16
        1:  124-block 17
        1:  124-block 18
        1:  124-block 19
        1:  124-block 20
        1:  124-block 21
        1:  124-block 22
        1:  124-block 23
        -:  125:{
        1:  126:    senial hablante1 = { 1, -2, 3, 4, 5, -6, 7, 8, 9, -10, 10, 9, 8, -7, 6, 5, 4, -3, 2, 1, 30 };
        1:  127:    senial hablante2 = { 1, 10, 3, 4, 5, -6, 7, 8, 9, -10, 10, 9, 8, -7, 6, 5, 4, -3, 2, 1, 30 };
        1:  127-block  0
        1:  128:    senial hablante3 = { 1, 15, 3, 4, 5, -6, 7, 8, 9, -10, 10, 9, 8, -7, 6, 5, 4, -3, 2, 1, 30 };
        1:  128-block  0
        1:  129:    senial hablante4 = { 1, 40, 3, 4, 5, -6, 7, 8, 9, -10, 10, 9, 8, -7, 6, 5, 4, -3, 2, 1, 30 };
        1:  129-block  0
        4:  130:    reunion reunionOriginal = { make_pair(hablante1, 2), make_pair(hablante2, 3), make_pair(hablante3, 0), make_pair(hablante4, 1) };
        1:  130-block  0
        1:  130-block  1
        1:  130-block  2
        1:  130-block  3
        1:  130-block  4
        1:  130-block  5
        4:  130-block  6
    $$$$$:  130-block  7
    $$$$$:  130-block  8
    $$$$$:  130-block  9
    $$$$$:  130-block 10
    $$$$$:  130-block 11
    $$$$$:  130-block 12
        1:  131:    int prof = 8;
        1:  132:    int freq = 10;
        -:  133:
        1:  134:    senial hablante1Acelerado = { -2, 4, -6, 8, -10, 9, -7, 5, -3, 1 };
        1:  134-block  0
        1:  135:    senial hablante2Acelerado = { 10, 4, -6, 8, -10, 9, -7, 5, -3, 1 };
        1:  135-block  0
        1:  136:    senial hablante3Acelerado = { 15, 4, -6, 8, -10, 9, -7, 5, -3, 1 };
        1:  136-block  0
        1:  137:    senial hablante4Acelerado = { 40, 4, -6, 8, -10, 9, -7, 5, -3, 1 };
        1:  137-block  0
        4:  138:    reunion reunionAcelerada = { make_pair(hablante1Acelerado, 2), make_pair(hablante2Acelerado, 3), make_pair(hablante3Acelerado, 0), make_pair(
        1:  138-block  0
        1:  138-block  1
        1:  138-block  2
        1:  138-block  3
        1:  138-block  4
        1:  138-block  5
        1:  138-block  6
        4:  138-block  7
    $$$$$:  138-block  8
    $$$$$:  138-block  9
    $$$$$:  138-block 10
    $$$$$:  138-block 11
    $$$$$:  138-block 12
    $$$$$:  138-block 13
        1:  139:            hablante4Acelerado, 1) };
        -:  140:
        1:  141:    acelerar(reunionOriginal, prof, freq);
        1:  141-block  0
        -:  142:
        1:  143:    ASSERT_REUNION_EQ(reunionOriginal, reunionAcelerada);
        1:  143-block  0
        1:  143-block  1
        1:  143-block  2
    $$$$$:  143-block  3
    $$$$$:  143-block  4
        1:  144:}
        1:  144-block  0
    $$$$$:  144-block  1
    $$$$$:  144-block  2
    $$$$$:  144-block  3
    $$$$$:  144-block  4
    $$$$$:  144-block  5
    $$$$$:  144-block  6
    $$$$$:  144-block  7
    $$$$$:  144-block  8
    $$$$$:  144-block  9
    $$$$$:  144-block 10
    $$$$$:  144-block 11
    $$$$$:  144-block 12
    $$$$$:  144-block 13
    $$$$$:  144-block 14
    $$$$$:  144-block 15
    $$$$$:  144-block 16
    $$$$$:  144-block 17
    $$$$$:  144-block 18
    $$$$$:  144-block 19
    $$$$$:  144-block 20
