        -:    0:Source:/Users/usuario/Desktop/LabAlgo1/tp2/reunionesRemotas/tests/esReunionValida.cpp
        -:    0:Graph:/Users/usuario/Desktop/LabAlgo1/tp2/reunionesRemotas/cmake-build-debug/CMakeFiles/reunionesRemotas.dir/tests/esReunionValida.cpp.gcno
        -:    0:Data:/Users/usuario/Desktop/LabAlgo1/tp2/reunionesRemotas/cmake-build-debug/CMakeFiles/reunionesRemotas.dir/tests/esReunionValida.cpp.gcda
        -:    0:Runs:1
        -:    0:Programs:1
        -:    1:#include "../src/solucion.h"
        -:    2:#include "../src/auxiliares.h"
        -:    3:#include "../lib/gtest.h"
        -:    4:
        -:    5:
        -:    6:using namespace std;
        -:    7:
        7:    8:TEST(esReunionValidaTEST, reunionValida){
        1:    8-block  0
        1:    8-block  1
        1:    8-block  2
        1:    8-block  3
        1:    8-block  4
        1:    8-block  5
        1:    8-block  6
    $$$$$:    8-block  7
    $$$$$:    8-block  8
    $$$$$:    8-block  9
    $$$$$:    8-block 10
    $$$$$:    8-block 11
    $$$$$:    8-block 12
        1:    8-block 13
        1:    8-block 14
        1:    8-block 15
        1:    8-block 16
        1:    8-block 17
        1:    8-block 18
        1:    8-block 19
        1:    8-block 20
        1:    8-block 21
        1:    8-block 22
        1:    8-block 23
        1:    9:    senial hablante1 = {1, 3, -3, 4, 6, 0, -2, -8, 9, -15, 7};
        1:   10:    senial hablante2 = {1, 3, -3, 4, 6, 0, -2, -8, 9, -15, 7};
        1:   10-block  0
        2:   11:    reunion reunion = {make_pair(hablante1, 0), make_pair(hablante2, 1)};
        1:   11-block  0
        1:   11-block  1
        1:   11-block  2
        1:   11-block  3
        2:   11-block  4
    $$$$$:   11-block  5
    $$$$$:   11-block  6
    $$$$$:   11-block  7
    $$$$$:   11-block  8
    $$$$$:   11-block  9
    $$$$$:   11-block 10
        1:   12:    int prof = 8;
        1:   13:    int freq = 10;
        -:   14:
        1:   15:    ASSERT_TRUE(esReunionValida(reunion, prof, freq));
        1:   15-block  0
        1:   15-block  1
        1:   15-block  2
        1:   15-block  3
        1:   15-block  4
        1:   15-block  5
    $$$$$:   15-block  6
    $$$$$:   15-block  7
    $$$$$:   15-block  8
    $$$$$:   15-block  9
    $$$$$:   15-block 10
    $$$$$:   15-block 11
    $$$$$:   15-block 12
    $$$$$:   15-block 13
    $$$$$:   15-block 14
        1:   15-block 15
        1:   15-block 16
    $$$$$:   15-block 17
        1:   16:}
    $$$$$:   16-block  0
    $$$$$:   16-block  1
    $$$$$:   16-block  2
    $$$$$:   16-block  3
    $$$$$:   16-block  4
        1:   16-block  5
        1:   16-block  6
        1:   16-block  7
    $$$$$:   16-block  8
    $$$$$:   16-block  9
    $$$$$:   16-block 10
    $$$$$:   16-block 11
        -:   17:
        7:   18:TEST(esReunionValidaTEST, reunionValida2)
        1:   18-block  0
        1:   18-block  1
        1:   18-block  2
        1:   18-block  3
        1:   18-block  4
        1:   18-block  5
        1:   18-block  6
    $$$$$:   18-block  7
    $$$$$:   18-block  8
    $$$$$:   18-block  9
    $$$$$:   18-block 10
    $$$$$:   18-block 11
    $$$$$:   18-block 12
        1:   18-block 13
        1:   18-block 14
        1:   18-block 15
        1:   18-block 16
        1:   18-block 17
        1:   18-block 18
        1:   18-block 19
        1:   18-block 20
        1:   18-block 21
        1:   18-block 22
        1:   18-block 23
        -:   19:{
        1:   20:    senial hablante1 = { 1, 3, -3, 4, 6, 0, -2, -8, 9, -15, 7 };
        1:   21:    senial hablante2 = { 1, 3, -3, 4, 6, 0, -2, -8, 9, -15, 7 };
        1:   21-block  0
        2:   22:    reunion reunion = { make_pair(hablante1, 1), make_pair(hablante2, 0) };
        1:   22-block  0
        1:   22-block  1
        1:   22-block  2
        1:   22-block  3
        2:   22-block  4
    $$$$$:   22-block  5
    $$$$$:   22-block  6
    $$$$$:   22-block  7
    $$$$$:   22-block  8
    $$$$$:   22-block  9
    $$$$$:   22-block 10
        1:   23:    int prof = 8;
        1:   24:    int freq = 10;
        -:   25:
        1:   26:    ASSERT_TRUE(esReunionValida(reunion, prof, freq));
        1:   26-block  0
        1:   26-block  1
        1:   26-block  2
        1:   26-block  3
        1:   26-block  4
        1:   26-block  5
    $$$$$:   26-block  6
    $$$$$:   26-block  7
    $$$$$:   26-block  8
    $$$$$:   26-block  9
    $$$$$:   26-block 10
    $$$$$:   26-block 11
    $$$$$:   26-block 12
    $$$$$:   26-block 13
    $$$$$:   26-block 14
        1:   26-block 15
        1:   26-block 16
    $$$$$:   26-block 17
        1:   27:}
    $$$$$:   27-block  0
    $$$$$:   27-block  1
    $$$$$:   27-block  2
    $$$$$:   27-block  3
    $$$$$:   27-block  4
        1:   27-block  5
        1:   27-block  6
        1:   27-block  7
    $$$$$:   27-block  8
    $$$$$:   27-block  9
    $$$$$:   27-block 10
    $$$$$:   27-block 11
        -:   28:
        7:   29:TEST(esReunionValidaTEST, reunionValida3)
        1:   29-block  0
        1:   29-block  1
        1:   29-block  2
        1:   29-block  3
        1:   29-block  4
        1:   29-block  5
        1:   29-block  6
    $$$$$:   29-block  7
    $$$$$:   29-block  8
    $$$$$:   29-block  9
    $$$$$:   29-block 10
    $$$$$:   29-block 11
    $$$$$:   29-block 12
        1:   29-block 13
        1:   29-block 14
        1:   29-block 15
        1:   29-block 16
        1:   29-block 17
        1:   29-block 18
        1:   29-block 19
        1:   29-block 20
        1:   29-block 21
        1:   29-block 22
        1:   29-block 23
        -:   30:{
        1:   31:    senial hablante1 = { 1, 3, -3, 4, 6, 0, -2, -8, 9, -15, 7, 1, 1, 1 };
        1:   32:    senial hablante2 = { 1, 3, -3, 4, 6, 0, -2, -8, 9, -15, 7, 6, 7, 4 };
        1:   32-block  0
        2:   33:    reunion reunion = { make_pair(hablante1, 0), make_pair(hablante2, 1) };
        1:   33-block  0
        1:   33-block  1
        1:   33-block  2
        1:   33-block  3
        2:   33-block  4
    $$$$$:   33-block  5
    $$$$$:   33-block  6
    $$$$$:   33-block  7
    $$$$$:   33-block  8
    $$$$$:   33-block  9
    $$$$$:   33-block 10
        1:   34:    int prof = 8;
        1:   35:    int freq = 10;
        -:   36:
        1:   37:    ASSERT_TRUE(esReunionValida(reunion, prof, freq));
        1:   37-block  0
        1:   37-block  1
        1:   37-block  2
        1:   37-block  3
        1:   37-block  4
        1:   37-block  5
    $$$$$:   37-block  6
    $$$$$:   37-block  7
    $$$$$:   37-block  8
    $$$$$:   37-block  9
    $$$$$:   37-block 10
    $$$$$:   37-block 11
    $$$$$:   37-block 12
    $$$$$:   37-block 13
    $$$$$:   37-block 14
        1:   37-block 15
        1:   37-block 16
    $$$$$:   37-block 17
        1:   38:}
    $$$$$:   38-block  0
    $$$$$:   38-block  1
    $$$$$:   38-block  2
    $$$$$:   38-block  3
    $$$$$:   38-block  4
        1:   38-block  5
        1:   38-block  6
        1:   38-block  7
    $$$$$:   38-block  8
    $$$$$:   38-block  9
    $$$$$:   38-block 10
    $$$$$:   38-block 11
        -:   39:
        7:   40:TEST(esReunionValidaTEST, reunionValida4)
        1:   40-block  0
        1:   40-block  1
        1:   40-block  2
        1:   40-block  3
        1:   40-block  4
        1:   40-block  5
        1:   40-block  6
    $$$$$:   40-block  7
    $$$$$:   40-block  8
    $$$$$:   40-block  9
    $$$$$:   40-block 10
    $$$$$:   40-block 11
    $$$$$:   40-block 12
        1:   40-block 13
        1:   40-block 14
        1:   40-block 15
        1:   40-block 16
        1:   40-block 17
        1:   40-block 18
        1:   40-block 19
        1:   40-block 20
        1:   40-block 21
        1:   40-block 22
        1:   40-block 23
        -:   41:{
        1:   42:    senial hablante1 = { 1, 3, -3, 4, 6, 0, -2, -8, 9, -15, 7, 1, 1, 1 };
        1:   43:    senial hablante2 = { 1, 3, -3, 4, 6, 0, -2, -8, 9, -15, 7, 6, 7, 4 };
        1:   43-block  0
        4:   44:    reunion reunion = { make_pair(hablante1, 0), make_pair(hablante2, 1), make_pair(hablante2, 3), make_pair(hablante2, 2) };
        1:   44-block  0
        1:   44-block  1
        1:   44-block  2
        1:   44-block  3
        1:   44-block  4
        1:   44-block  5
        4:   44-block  6
    $$$$$:   44-block  7
    $$$$$:   44-block  8
    $$$$$:   44-block  9
    $$$$$:   44-block 10
    $$$$$:   44-block 11
    $$$$$:   44-block 12
        1:   45:    int prof = 8;
        1:   46:    int freq = 10;
        -:   47:
        1:   48:    ASSERT_TRUE(esReunionValida(reunion, prof, freq));
        1:   48-block  0
        1:   48-block  1
        1:   48-block  2
        1:   48-block  3
        1:   48-block  4
        1:   48-block  5
    $$$$$:   48-block  6
    $$$$$:   48-block  7
    $$$$$:   48-block  8
    $$$$$:   48-block  9
    $$$$$:   48-block 10
    $$$$$:   48-block 11
    $$$$$:   48-block 12
    $$$$$:   48-block 13
    $$$$$:   48-block 14
        1:   48-block 15
        1:   48-block 16
    $$$$$:   48-block 17
        1:   49:}
    $$$$$:   49-block  0
    $$$$$:   49-block  1
    $$$$$:   49-block  2
    $$$$$:   49-block  3
    $$$$$:   49-block  4
        1:   49-block  5
        1:   49-block  6
        1:   49-block  7
    $$$$$:   49-block  8
    $$$$$:   49-block  9
    $$$$$:   49-block 10
    $$$$$:   49-block 11
        -:   50:
        7:   51:TEST(esReunionValidaTEST, reunionValida5)
        1:   51-block  0
        1:   51-block  1
        1:   51-block  2
        1:   51-block  3
        1:   51-block  4
        1:   51-block  5
        1:   51-block  6
    $$$$$:   51-block  7
    $$$$$:   51-block  8
    $$$$$:   51-block  9
    $$$$$:   51-block 10
    $$$$$:   51-block 11
    $$$$$:   51-block 12
        1:   51-block 13
        1:   51-block 14
        1:   51-block 15
        1:   51-block 16
        1:   51-block 17
        1:   51-block 18
        1:   51-block 19
        1:   51-block 20
        1:   51-block 21
        1:   51-block 22
        1:   51-block 23
        -:   52:{
        1:   53:    senial hablante1 = { 1, 3, -3, 4, 6, 0, -2, -8, 9, -15, 7, 1, 1, 1 };
        1:   54:    senial hablante2 = { 1, 3, -3, 4, 6, 0, -2, -8, 9, -15, 7, 6, 7, 4 };
        1:   54-block  0
        4:   55:    reunion reunion = { make_pair(hablante1, 0), make_pair(hablante2, 1), make_pair(hablante2, 3), make_pair(hablante1, 2) };
        1:   55-block  0
        1:   55-block  1
        1:   55-block  2
        1:   55-block  3
        1:   55-block  4
        1:   55-block  5
        4:   55-block  6
    $$$$$:   55-block  7
    $$$$$:   55-block  8
    $$$$$:   55-block  9
    $$$$$:   55-block 10
    $$$$$:   55-block 11
    $$$$$:   55-block 12
        1:   56:    int prof = 8;
        1:   57:    int freq = 10;
        -:   58:
        1:   59:    ASSERT_TRUE(esReunionValida(reunion, prof, freq));
        1:   59-block  0
        1:   59-block  1
        1:   59-block  2
        1:   59-block  3
        1:   59-block  4
        1:   59-block  5
    $$$$$:   59-block  6
    $$$$$:   59-block  7
    $$$$$:   59-block  8
    $$$$$:   59-block  9
    $$$$$:   59-block 10
    $$$$$:   59-block 11
    $$$$$:   59-block 12
    $$$$$:   59-block 13
    $$$$$:   59-block 14
        1:   59-block 15
        1:   59-block 16
    $$$$$:   59-block 17
        1:   60:}
    $$$$$:   60-block  0
    $$$$$:   60-block  1
    $$$$$:   60-block  2
    $$$$$:   60-block  3
    $$$$$:   60-block  4
        1:   60-block  5
        1:   60-block  6
        1:   60-block  7
    $$$$$:   60-block  8
    $$$$$:   60-block  9
    $$$$$:   60-block 10
    $$$$$:   60-block 11
        -:   61:
        7:   62:TEST(esReunionValidaTEST, reunionValidaDeUnSoloHablante){
        1:   62-block  0
        1:   62-block  1
        1:   62-block  2
        1:   62-block  3
        1:   62-block  4
        1:   62-block  5
        1:   62-block  6
    $$$$$:   62-block  7
    $$$$$:   62-block  8
    $$$$$:   62-block  9
    $$$$$:   62-block 10
    $$$$$:   62-block 11
    $$$$$:   62-block 12
        1:   62-block 13
        1:   62-block 14
        1:   62-block 15
        1:   62-block 16
        1:   62-block 17
        1:   62-block 18
        1:   62-block 19
        1:   62-block 20
        1:   62-block 21
        1:   62-block 22
        1:   62-block 23
        1:   63:    senial hablante1 = {1, 3, -3, 4, 6, 0, -2, -8, 9, -15, 7};
        1:   64:    reunion reunion = {make_pair(hablante1, 0)};
        1:   64-block  0
        1:   64-block  1
        1:   64-block  2
        1:   64-block  3
    $$$$$:   64-block  4
    $$$$$:   64-block  5
    $$$$$:   64-block  6
    $$$$$:   64-block  7
    $$$$$:   64-block  8
    $$$$$:   64-block  9
        1:   65:    int prof = 8;
        1:   66:    int freq = 10;
        -:   67:
        1:   68:    ASSERT_TRUE(esReunionValida(reunion, prof, freq));
        1:   68-block  0
        1:   68-block  1
        1:   68-block  2
        1:   68-block  3
        1:   68-block  4
        1:   68-block  5
    $$$$$:   68-block  6
    $$$$$:   68-block  7
    $$$$$:   68-block  8
    $$$$$:   68-block  9
    $$$$$:   68-block 10
    $$$$$:   68-block 11
    $$$$$:   68-block 12
    $$$$$:   68-block 13
    $$$$$:   68-block 14
        1:   68-block 15
        1:   68-block 16
    $$$$$:   68-block 17
        1:   69:}
    $$$$$:   69-block  0
    $$$$$:   69-block  1
    $$$$$:   69-block  2
    $$$$$:   69-block  3
        1:   69-block  4
        1:   69-block  5
        1:   69-block  6
    $$$$$:   69-block  7
    $$$$$:   69-block  8
    $$$$$:   69-block  9
        -:   70:
        7:   71:TEST(esReunionValidaTEST, reunionVacia){
        1:   71-block  0
        1:   71-block  1
        1:   71-block  2
        1:   71-block  3
        1:   71-block  4
        1:   71-block  5
        1:   71-block  6
    $$$$$:   71-block  7
    $$$$$:   71-block  8
    $$$$$:   71-block  9
    $$$$$:   71-block 10
    $$$$$:   71-block 11
    $$$$$:   71-block 12
        1:   71-block 13
        1:   71-block 14
        1:   71-block 15
        1:   71-block 16
        1:   71-block 17
        1:   71-block 18
        1:   71-block 19
        1:   71-block 20
        1:   71-block 21
        1:   71-block 22
        1:   71-block 23
        1:   72:    reunion reunion = {};
        1:   73:    int prof = 8;
        1:   74:    int freq = 10;
        -:   75:
        1:   76:    ASSERT_FALSE(esReunionValida(reunion, prof, freq));
        1:   76-block  0
        1:   76-block  1
        1:   76-block  2
        1:   76-block  3
        1:   76-block  4
        1:   76-block  5
    $$$$$:   76-block  6
    $$$$$:   76-block  7
    $$$$$:   76-block  8
    $$$$$:   76-block  9
    $$$$$:   76-block 10
    $$$$$:   76-block 11
    $$$$$:   76-block 12
    $$$$$:   76-block 13
    $$$$$:   76-block 14
        1:   76-block 15
        1:   76-block 16
    $$$$$:   76-block 17
        1:   77:}
    $$$$$:   77-block  0
    $$$$$:   77-block  1
    $$$$$:   77-block  2
    $$$$$:   77-block  3
        1:   77-block  4
        1:   77-block  5
        1:   77-block  6
    $$$$$:   77-block  7
    $$$$$:   77-block  8
        -:   78:
        7:   79:TEST(esReunionValidaTEST, ProfundidadFueraDeRango)
        1:   79-block  0
        1:   79-block  1
        1:   79-block  2
        1:   79-block  3
        1:   79-block  4
        1:   79-block  5
        1:   79-block  6
    $$$$$:   79-block  7
    $$$$$:   79-block  8
    $$$$$:   79-block  9
    $$$$$:   79-block 10
    $$$$$:   79-block 11
    $$$$$:   79-block 12
        1:   79-block 13
        1:   79-block 14
        1:   79-block 15
        1:   79-block 16
        1:   79-block 17
        1:   79-block 18
        1:   79-block 19
        1:   79-block 20
        1:   79-block 21
        1:   79-block 22
        1:   79-block 23
        -:   80:{
        1:   81:    senial hablante1(15, 0);
        1:   82:    senial hablante2(15, 300);
        1:   82-block  0
        2:   83:    reunion reunion = { make_pair(hablante1, 0), make_pair(hablante2, 1) };
        1:   83-block  0
        1:   83-block  1
        1:   83-block  2
        1:   83-block  3
        2:   83-block  4
    $$$$$:   83-block  5
    $$$$$:   83-block  6
    $$$$$:   83-block  7
    $$$$$:   83-block  8
    $$$$$:   83-block  9
    $$$$$:   83-block 10
        1:   84:    int prof = 8;
        1:   85:    int freq = 10;
        -:   86:
        1:   87:    ASSERT_FALSE(esReunionValida(reunion, prof, freq));
        1:   87-block  0
        1:   87-block  1
        1:   87-block  2
        1:   87-block  3
        1:   87-block  4
        1:   87-block  5
    $$$$$:   87-block  6
    $$$$$:   87-block  7
    $$$$$:   87-block  8
    $$$$$:   87-block  9
    $$$$$:   87-block 10
    $$$$$:   87-block 11
    $$$$$:   87-block 12
    $$$$$:   87-block 13
    $$$$$:   87-block 14
        1:   87-block 15
        1:   87-block 16
    $$$$$:   87-block 17
        1:   88:}
    $$$$$:   88-block  0
    $$$$$:   88-block  1
    $$$$$:   88-block  2
    $$$$$:   88-block  3
    $$$$$:   88-block  4
        1:   88-block  5
        1:   88-block  6
        1:   88-block  7
    $$$$$:   88-block  8
    $$$$$:   88-block  9
    $$$$$:   88-block 10
    $$$$$:   88-block 11
        -:   89:
        7:   90:TEST(esReunionValidaTEST, FrecuenciaInvalida)
        1:   90-block  0
        1:   90-block  1
        1:   90-block  2
        1:   90-block  3
        1:   90-block  4
        1:   90-block  5
        1:   90-block  6
    $$$$$:   90-block  7
    $$$$$:   90-block  8
    $$$$$:   90-block  9
    $$$$$:   90-block 10
    $$$$$:   90-block 11
    $$$$$:   90-block 12
        1:   90-block 13
        1:   90-block 14
        1:   90-block 15
        1:   90-block 16
        1:   90-block 17
        1:   90-block 18
        1:   90-block 19
        1:   90-block 20
        1:   90-block 21
        1:   90-block 22
        1:   90-block 23
        -:   91:{
        1:   92:    senial hablante1(15, 0);
        1:   93:    senial hablante2(15, 1);
        1:   93-block  0
        2:   94:    reunion reunion = { make_pair(hablante1, 0), make_pair(hablante1, 1) };
        1:   94-block  0
        1:   94-block  1
        1:   94-block  2
        1:   94-block  3
        2:   94-block  4
    $$$$$:   94-block  5
    $$$$$:   94-block  6
    $$$$$:   94-block  7
    $$$$$:   94-block  8
    $$$$$:   94-block  9
    $$$$$:   94-block 10
        1:   95:    int prof = 8;
        1:   96:    int freq = 9;
        -:   97:
        1:   98:    ASSERT_FALSE(esReunionValida(reunion, prof, freq));
        1:   98-block  0
        1:   98-block  1
        1:   98-block  2
        1:   98-block  3
        1:   98-block  4
        1:   98-block  5
    $$$$$:   98-block  6
    $$$$$:   98-block  7
    $$$$$:   98-block  8
    $$$$$:   98-block  9
    $$$$$:   98-block 10
    $$$$$:   98-block 11
    $$$$$:   98-block 12
    $$$$$:   98-block 13
    $$$$$:   98-block 14
        1:   98-block 15
        1:   98-block 16
    $$$$$:   98-block 17
        1:   99:}
    $$$$$:   99-block  0
    $$$$$:   99-block  1
    $$$$$:   99-block  2
    $$$$$:   99-block  3
    $$$$$:   99-block  4
        1:   99-block  5
        1:   99-block  6
        1:   99-block  7
    $$$$$:   99-block  8
    $$$$$:   99-block  9
    $$$$$:   99-block 10
    $$$$$:   99-block 11
        -:  100:
        7:  101:TEST(esReunionValidaTEST, reunionInvalidaDeUnSoloHablante1)
        1:  101-block  0
        1:  101-block  1
        1:  101-block  2
        1:  101-block  3
        1:  101-block  4
        1:  101-block  5
        1:  101-block  6
    $$$$$:  101-block  7
    $$$$$:  101-block  8
    $$$$$:  101-block  9
    $$$$$:  101-block 10
    $$$$$:  101-block 11
    $$$$$:  101-block 12
        1:  101-block 13
        1:  101-block 14
        1:  101-block 15
        1:  101-block 16
        1:  101-block 17
        1:  101-block 18
        1:  101-block 19
        1:  101-block 20
        1:  101-block 21
        1:  101-block 22
        1:  101-block 23
        -:  102:{
        1:  103:    senial hablante1 = { 1, 3, -3, 4, 6 };
        1:  104:    reunion reunion = { make_pair(hablante1, 0) };
        1:  104-block  0
        1:  104-block  1
        1:  104-block  2
        1:  104-block  3
    $$$$$:  104-block  4
    $$$$$:  104-block  5
    $$$$$:  104-block  6
    $$$$$:  104-block  7
    $$$$$:  104-block  8
    $$$$$:  104-block  9
        1:  105:    int prof = 8;
        1:  106:    int freq = 10;
        -:  107:
        1:  108:    ASSERT_FALSE(esReunionValida(reunion, prof, freq));
        1:  108-block  0
        1:  108-block  1
        1:  108-block  2
        1:  108-block  3
        1:  108-block  4
        1:  108-block  5
    $$$$$:  108-block  6
    $$$$$:  108-block  7
    $$$$$:  108-block  8
    $$$$$:  108-block  9
    $$$$$:  108-block 10
    $$$$$:  108-block 11
    $$$$$:  108-block 12
    $$$$$:  108-block 13
    $$$$$:  108-block 14
        1:  108-block 15
        1:  108-block 16
    $$$$$:  108-block 17
        1:  109:}
    $$$$$:  109-block  0
    $$$$$:  109-block  1
    $$$$$:  109-block  2
    $$$$$:  109-block  3
        1:  109-block  4
        1:  109-block  5
        1:  109-block  6
    $$$$$:  109-block  7
    $$$$$:  109-block  8
    $$$$$:  109-block  9
        -:  110:
        7:  111:TEST(esReunionValidaTEST, reunionInvalidaDeUnSoloHablante2)
        1:  111-block  0
        1:  111-block  1
        1:  111-block  2
        1:  111-block  3
        1:  111-block  4
        1:  111-block  5
        1:  111-block  6
    $$$$$:  111-block  7
    $$$$$:  111-block  8
    $$$$$:  111-block  9
    $$$$$:  111-block 10
    $$$$$:  111-block 11
    $$$$$:  111-block 12
        1:  111-block 13
        1:  111-block 14
        1:  111-block 15
        1:  111-block 16
        1:  111-block 17
        1:  111-block 18
        1:  111-block 19
        1:  111-block 20
        1:  111-block 21
        1:  111-block 22
        1:  111-block 23
        -:  112:{
        1:  113:    senial hablante1(15, 0);
        1:  114:    reunion reunion = { make_pair(hablante1, 0) };
        1:  114-block  0
        1:  114-block  1
        1:  114-block  2
        1:  114-block  3
    $$$$$:  114-block  4
    $$$$$:  114-block  5
    $$$$$:  114-block  6
    $$$$$:  114-block  7
    $$$$$:  114-block  8
    $$$$$:  114-block  9
        1:  115:    int prof = 9;
        1:  116:    int freq = 10;
        -:  117:
        1:  118:    ASSERT_FALSE(esReunionValida(reunion, prof, freq));
        1:  118-block  0
        1:  118-block  1
        1:  118-block  2
        1:  118-block  3
        1:  118-block  4
        1:  118-block  5
    $$$$$:  118-block  6
    $$$$$:  118-block  7
    $$$$$:  118-block  8
    $$$$$:  118-block  9
    $$$$$:  118-block 10
    $$$$$:  118-block 11
    $$$$$:  118-block 12
    $$$$$:  118-block 13
    $$$$$:  118-block 14
        1:  118-block 15
        1:  118-block 16
    $$$$$:  118-block 17
        1:  119:}
    $$$$$:  119-block  0
    $$$$$:  119-block  1
    $$$$$:  119-block  2
    $$$$$:  119-block  3
        1:  119-block  4
        1:  119-block  5
        1:  119-block  6
    $$$$$:  119-block  7
    $$$$$:  119-block  8
    $$$$$:  119-block  9
        -:  120:
        7:  121:TEST(esReunionValidaTEST, reunionInvalidaDeDosHablantes)
        1:  121-block  0
        1:  121-block  1
        1:  121-block  2
        1:  121-block  3
        1:  121-block  4
        1:  121-block  5
        1:  121-block  6
    $$$$$:  121-block  7
    $$$$$:  121-block  8
    $$$$$:  121-block  9
    $$$$$:  121-block 10
    $$$$$:  121-block 11
    $$$$$:  121-block 12
        1:  121-block 13
        1:  121-block 14
        1:  121-block 15
        1:  121-block 16
        1:  121-block 17
        1:  121-block 18
        1:  121-block 19
        1:  121-block 20
        1:  121-block 21
        1:  121-block 22
        1:  121-block 23
        -:  122:{
        1:  123:    senial hablante1(15, 0);
        1:  124:    senial hablante2(15, 300);
        1:  124-block  0
        2:  125:    reunion reunion = { make_pair(hablante1, 0), make_pair(hablante2, 0) };
        1:  125-block  0
        1:  125-block  1
        1:  125-block  2
        1:  125-block  3
        2:  125-block  4
    $$$$$:  125-block  5
    $$$$$:  125-block  6
    $$$$$:  125-block  7
    $$$$$:  125-block  8
    $$$$$:  125-block  9
    $$$$$:  125-block 10
        1:  126:    int prof = 8;
        1:  127:    int freq = 10;
        -:  128:
        1:  129:    ASSERT_FALSE(esReunionValida(reunion, prof, freq));
        1:  129-block  0
        1:  129-block  1
        1:  129-block  2
        1:  129-block  3
        1:  129-block  4
        1:  129-block  5
    $$$$$:  129-block  6
    $$$$$:  129-block  7
    $$$$$:  129-block  8
    $$$$$:  129-block  9
    $$$$$:  129-block 10
    $$$$$:  129-block 11
    $$$$$:  129-block 12
    $$$$$:  129-block 13
    $$$$$:  129-block 14
        1:  129-block 15
        1:  129-block 16
    $$$$$:  129-block 17
        1:  130:}
    $$$$$:  130-block  0
    $$$$$:  130-block  1
    $$$$$:  130-block  2
    $$$$$:  130-block  3
    $$$$$:  130-block  4
        1:  130-block  5
        1:  130-block  6
        1:  130-block  7
    $$$$$:  130-block  8
    $$$$$:  130-block  9
    $$$$$:  130-block 10
    $$$$$:  130-block 11
        -:  131:
        7:  132:TEST(esReunionValidaTEST, hablantesFaltantes)
        1:  132-block  0
        1:  132-block  1
        1:  132-block  2
        1:  132-block  3
        1:  132-block  4
        1:  132-block  5
        1:  132-block  6
    $$$$$:  132-block  7
    $$$$$:  132-block  8
    $$$$$:  132-block  9
    $$$$$:  132-block 10
    $$$$$:  132-block 11
    $$$$$:  132-block 12
        1:  132-block 13
        1:  132-block 14
        1:  132-block 15
        1:  132-block 16
        1:  132-block 17
        1:  132-block 18
        1:  132-block 19
        1:  132-block 20
        1:  132-block 21
        1:  132-block 22
        1:  132-block 23
        -:  133:{
        1:  134:    senial hablante1(15, 0);
        1:  135:    senial hablante2(15, 1);
        1:  135-block  0
        2:  136:    reunion reunion = { make_pair(hablante1, 0), make_pair(hablante1, 2) };
        1:  136-block  0
        1:  136-block  1
        1:  136-block  2
        1:  136-block  3
        2:  136-block  4
    $$$$$:  136-block  5
    $$$$$:  136-block  6
    $$$$$:  136-block  7
    $$$$$:  136-block  8
    $$$$$:  136-block  9
    $$$$$:  136-block 10
        1:  137:    int prof = 8;
        1:  138:    int freq = 10;
        -:  139:
        1:  140:    ASSERT_FALSE(esReunionValida(reunion, prof, freq));
        1:  140-block  0
        1:  140-block  1
        1:  140-block  2
        1:  140-block  3
        1:  140-block  4
        1:  140-block  5
    $$$$$:  140-block  6
    $$$$$:  140-block  7
    $$$$$:  140-block  8
    $$$$$:  140-block  9
    $$$$$:  140-block 10
    $$$$$:  140-block 11
    $$$$$:  140-block 12
    $$$$$:  140-block 13
    $$$$$:  140-block 14
        1:  140-block 15
        1:  140-block 16
    $$$$$:  140-block 17
        1:  141:}
    $$$$$:  141-block  0
    $$$$$:  141-block  1
    $$$$$:  141-block  2
    $$$$$:  141-block  3
    $$$$$:  141-block  4
        1:  141-block  5
        1:  141-block  6
        1:  141-block  7
    $$$$$:  141-block  8
    $$$$$:  141-block  9
    $$$$$:  141-block 10
    $$$$$:  141-block 11
        -:  142:
        7:  143:TEST(esReunionValidaTEST, noEsMatriz){
        1:  143-block  0
        1:  143-block  1
        1:  143-block  2
        1:  143-block  3
        1:  143-block  4
        1:  143-block  5
        1:  143-block  6
    $$$$$:  143-block  7
    $$$$$:  143-block  8
    $$$$$:  143-block  9
    $$$$$:  143-block 10
    $$$$$:  143-block 11
    $$$$$:  143-block 12
        1:  143-block 13
        1:  143-block 14
        1:  143-block 15
        1:  143-block 16
        1:  143-block 17
        1:  143-block 18
        1:  143-block 19
        1:  143-block 20
        1:  143-block 21
        1:  143-block 22
        1:  143-block 23
        1:  144:    senial hablante1 = {1, 3, -3, 4, 6, 0, -2, -8, 9, -15, 7, 4, 1, -4};
        1:  145:    senial hablante2 = {0, 1, 4, 6, 0, -2, 3, -3, 4, -9, 5};
        1:  145-block  0
        2:  146:    reunion reunion = {make_pair(hablante1, 0), make_pair(hablante2, 1)};
        1:  146-block  0
        1:  146-block  1
        1:  146-block  2
        1:  146-block  3
        2:  146-block  4
    $$$$$:  146-block  5
    $$$$$:  146-block  6
    $$$$$:  146-block  7
    $$$$$:  146-block  8
    $$$$$:  146-block  9
    $$$$$:  146-block 10
        1:  147:    int prof = 8;
        1:  148:    int freq = 10;
        -:  149:
        1:  150:    ASSERT_FALSE(esReunionValida(reunion, prof, freq));
        1:  150-block  0
        1:  150-block  1
        1:  150-block  2
        1:  150-block  3
        1:  150-block  4
        1:  150-block  5
    $$$$$:  150-block  6
    $$$$$:  150-block  7
    $$$$$:  150-block  8
    $$$$$:  150-block  9
    $$$$$:  150-block 10
    $$$$$:  150-block 11
    $$$$$:  150-block 12
    $$$$$:  150-block 13
    $$$$$:  150-block 14
        1:  150-block 15
        1:  150-block 16
    $$$$$:  150-block 17
        1:  151:}
    $$$$$:  151-block  0
    $$$$$:  151-block  1
    $$$$$:  151-block  2
    $$$$$:  151-block  3
    $$$$$:  151-block  4
        1:  151-block  5
        1:  151-block  6
        1:  151-block  7
    $$$$$:  151-block  8
    $$$$$:  151-block  9
    $$$$$:  151-block 10
    $$$$$:  151-block 11
        -:  152:
        7:  153:TEST(esReunionValidaTEST, hablanteConSenialNoValida){
        1:  153-block  0
        1:  153-block  1
        1:  153-block  2
        1:  153-block  3
        1:  153-block  4
        1:  153-block  5
        1:  153-block  6
    $$$$$:  153-block  7
    $$$$$:  153-block  8
    $$$$$:  153-block  9
    $$$$$:  153-block 10
    $$$$$:  153-block 11
    $$$$$:  153-block 12
        1:  153-block 13
        1:  153-block 14
        1:  153-block 15
        1:  153-block 16
        1:  153-block 17
        1:  153-block 18
        1:  153-block 19
        1:  153-block 20
        1:  153-block 21
        1:  153-block 22
        1:  153-block 23
        1:  154:    senial hablante1 = {1, 3, -3, 4, 6, 0, -2, -8, 9, -15, 7};
        1:  155:    senial hablante2 = {-2, -8, 9, -15, 7};
        1:  155-block  0
        2:  156:    reunion reunion = {make_pair(hablante1, 0), make_pair(hablante2, 1)};
        1:  156-block  0
        1:  156-block  1
        1:  156-block  2
        1:  156-block  3
        2:  156-block  4
    $$$$$:  156-block  5
    $$$$$:  156-block  6
    $$$$$:  156-block  7
    $$$$$:  156-block  8
    $$$$$:  156-block  9
    $$$$$:  156-block 10
        1:  157:    int prof = 8;
        1:  158:    int freq = 10;
        -:  159:
        1:  160:    ASSERT_FALSE(esReunionValida(reunion, prof, freq));
        1:  160-block  0
        1:  160-block  1
        1:  160-block  2
        1:  160-block  3
        1:  160-block  4
        1:  160-block  5
    $$$$$:  160-block  6
    $$$$$:  160-block  7
    $$$$$:  160-block  8
    $$$$$:  160-block  9
    $$$$$:  160-block 10
    $$$$$:  160-block 11
    $$$$$:  160-block 12
    $$$$$:  160-block 13
    $$$$$:  160-block 14
        1:  160-block 15
        1:  160-block 16
    $$$$$:  160-block 17
        1:  161:}
    $$$$$:  161-block  0
    $$$$$:  161-block  1
    $$$$$:  161-block  2
    $$$$$:  161-block  3
    $$$$$:  161-block  4
        1:  161-block  5
        1:  161-block  6
        1:  161-block  7
    $$$$$:  161-block  8
    $$$$$:  161-block  9
    $$$$$:  161-block 10
    $$$$$:  161-block 11
        -:  162:
        7:  163:TEST(esReunionValidaTEST, hablantesRepetidos){
        1:  163-block  0
        1:  163-block  1
        1:  163-block  2
        1:  163-block  3
        1:  163-block  4
        1:  163-block  5
        1:  163-block  6
    $$$$$:  163-block  7
    $$$$$:  163-block  8
    $$$$$:  163-block  9
    $$$$$:  163-block 10
    $$$$$:  163-block 11
    $$$$$:  163-block 12
        1:  163-block 13
        1:  163-block 14
        1:  163-block 15
        1:  163-block 16
        1:  163-block 17
        1:  163-block 18
        1:  163-block 19
        1:  163-block 20
        1:  163-block 21
        1:  163-block 22
        1:  163-block 23
        1:  164:    senial hablante1 = {1, 3, -3, 4, 6, 0, -2, -8, 9, -15, 7};
        1:  165:    senial hablante2 = {1, 3, -3, 4, 6, 0, -2, -8, 9, -15, 7};
        1:  165-block  0
        1:  166:    senial hablante3 = {1, 3, -3, 4, 6, 0, -2, -8, 9, -15, 7};
        1:  166-block  0
        3:  167:    reunion reunion = {make_pair(hablante1, 0), make_pair(hablante2, 1), make_pair(hablante3, 0)};
        1:  167-block  0
        1:  167-block  1
        1:  167-block  2
        1:  167-block  3
        1:  167-block  4
        3:  167-block  5
    $$$$$:  167-block  6
    $$$$$:  167-block  7
    $$$$$:  167-block  8
    $$$$$:  167-block  9
    $$$$$:  167-block 10
    $$$$$:  167-block 11
        1:  168:    int prof = 8;
        1:  169:    int freq = 10;
        -:  170:
        1:  171:    ASSERT_FALSE(esReunionValida(reunion, prof, freq));
        1:  171-block  0
        1:  171-block  1
        1:  171-block  2
        1:  171-block  3
        1:  171-block  4
        1:  171-block  5
    $$$$$:  171-block  6
    $$$$$:  171-block  7
    $$$$$:  171-block  8
    $$$$$:  171-block  9
    $$$$$:  171-block 10
    $$$$$:  171-block 11
    $$$$$:  171-block 12
    $$$$$:  171-block 13
    $$$$$:  171-block 14
        1:  171-block 15
        1:  171-block 16
    $$$$$:  171-block 17
        1:  172:}
    $$$$$:  172-block  0
    $$$$$:  172-block  1
    $$$$$:  172-block  2
    $$$$$:  172-block  3
    $$$$$:  172-block  4
    $$$$$:  172-block  5
        1:  172-block  6
        1:  172-block  7
        1:  172-block  8
    $$$$$:  172-block  9
    $$$$$:  172-block 10
    $$$$$:  172-block 11
    $$$$$:  172-block 12
    $$$$$:  172-block 13
        -:  173:
        7:  174:TEST(esReunionValidaTEST, hablanteConNumeroFueraDeRango){
        1:  174-block  0
        1:  174-block  1
        1:  174-block  2
        1:  174-block  3
        1:  174-block  4
        1:  174-block  5
        1:  174-block  6
    $$$$$:  174-block  7
    $$$$$:  174-block  8
    $$$$$:  174-block  9
    $$$$$:  174-block 10
    $$$$$:  174-block 11
    $$$$$:  174-block 12
        1:  174-block 13
        1:  174-block 14
        1:  174-block 15
        1:  174-block 16
        1:  174-block 17
        1:  174-block 18
        1:  174-block 19
        1:  174-block 20
        1:  174-block 21
        1:  174-block 22
        1:  174-block 23
        1:  175:    senial hablante1 = {1, 3, -3, 4, 6, 0, -2, -8, 9, -15, 7};
        1:  176:    senial hablante2 = {1, 3, -3, 4, 6, 0, -2, -8, 9, -15, 7};
        1:  176-block  0
        1:  177:    senial hablante3 = {1, 3, -3, 4, 6, 0, -2, -8, 9, -15, 7};
        1:  177-block  0
        3:  178:    reunion reunion = {make_pair(hablante1, 5), make_pair(hablante2, 1), make_pair(hablante3, 0)};
        1:  178-block  0
        1:  178-block  1
        1:  178-block  2
        1:  178-block  3
        1:  178-block  4
        3:  178-block  5
    $$$$$:  178-block  6
    $$$$$:  178-block  7
    $$$$$:  178-block  8
    $$$$$:  178-block  9
    $$$$$:  178-block 10
    $$$$$:  178-block 11
        1:  179:    int prof = 8;
        1:  180:    int freq = 10;
        -:  181:
        1:  182:    ASSERT_FALSE(esReunionValida(reunion, prof, freq));
        1:  182-block  0
        1:  182-block  1
        1:  182-block  2
        1:  182-block  3
        1:  182-block  4
        1:  182-block  5
    $$$$$:  182-block  6
    $$$$$:  182-block  7
    $$$$$:  182-block  8
    $$$$$:  182-block  9
    $$$$$:  182-block 10
    $$$$$:  182-block 11
    $$$$$:  182-block 12
    $$$$$:  182-block 13
    $$$$$:  182-block 14
        1:  182-block 15
        1:  182-block 16
    $$$$$:  182-block 17
        1:  183:}
    $$$$$:  183-block  0
    $$$$$:  183-block  1
    $$$$$:  183-block  2
    $$$$$:  183-block  3
    $$$$$:  183-block  4
    $$$$$:  183-block  5
        1:  183-block  6
        1:  183-block  7
        1:  183-block  8
    $$$$$:  183-block  9
    $$$$$:  183-block 10
    $$$$$:  183-block 11
    $$$$$:  183-block 12
    $$$$$:  183-block 13
        -:  184:
        -:  185:
