        -:    0:Source:/Users/usuario/Desktop/LabAlgo1/tp2/reunionesRemotas/tests/esSenial.cpp
        -:    0:Graph:/Users/usuario/Desktop/LabAlgo1/tp2/reunionesRemotas/cmake-build-debug/CMakeFiles/reunionesRemotas.dir/tests/esSenial.cpp.gcno
        -:    0:Data:/Users/usuario/Desktop/LabAlgo1/tp2/reunionesRemotas/cmake-build-debug/CMakeFiles/reunionesRemotas.dir/tests/esSenial.cpp.gcda
        -:    0:Runs:1
        -:    0:Programs:1
        -:    1:#include "../src/solucion.h"
        -:    2:#include "../src/auxiliares.h"
        -:    3:#include "../lib/gtest.h"
        -:    4:
        -:    5:
        -:    6:using namespace std;
        -:    7:
        7:    8:TEST(esSenialTEST, frecuenciaValida){
        1:    8-block  0
        1:    8-block  1
        1:    8-block  2
        1:    8-block  3
        1:    8-block  4
        1:    8-block  5
        1:    8-block  6
    $$$$$:    8-block  7
    $$$$$:    8-block  8
    $$$$$:    8-block  9
    $$$$$:    8-block 10
    $$$$$:    8-block 11
    $$$$$:    8-block 12
        1:    8-block 13
        1:    8-block 14
        1:    8-block 15
        1:    8-block 16
        1:    8-block 17
        1:    8-block 18
        1:    8-block 19
        1:    8-block 20
        1:    8-block 21
        1:    8-block 22
        1:    8-block 23
        1:    9:    senial s = {1,3,-3,4,6,0,-2,-8,9,-15,7};
        1:   10:    int prof = 8;
        1:   11:    int freq = 10;
        -:   12:
        1:   13:    ASSERT_TRUE(esSenial(s, prof, freq));
        1:   13-block  0
        1:   13-block  1
        1:   13-block  2
        1:   13-block  3
        1:   13-block  4
        1:   13-block  5
    $$$$$:   13-block  6
    $$$$$:   13-block  7
    $$$$$:   13-block  8
    $$$$$:   13-block  9
    $$$$$:   13-block 10
    $$$$$:   13-block 11
    $$$$$:   13-block 12
    $$$$$:   13-block 13
    $$$$$:   13-block 14
        1:   13-block 15
        1:   13-block 16
    $$$$$:   13-block 17
        1:   14:}
    $$$$$:   14-block  0
    $$$$$:   14-block  1
    $$$$$:   14-block  2
    $$$$$:   14-block  3
        1:   14-block  4
        1:   14-block  5
        1:   14-block  6
    $$$$$:   14-block  7
    $$$$$:   14-block  8
        -:   15:
        7:   16:TEST(esSenialTEST, frecuenciaInvalida){
        1:   16-block  0
        1:   16-block  1
        1:   16-block  2
        1:   16-block  3
        1:   16-block  4
        1:   16-block  5
        1:   16-block  6
    $$$$$:   16-block  7
    $$$$$:   16-block  8
    $$$$$:   16-block  9
    $$$$$:   16-block 10
    $$$$$:   16-block 11
    $$$$$:   16-block 12
        1:   16-block 13
        1:   16-block 14
        1:   16-block 15
        1:   16-block 16
        1:   16-block 17
        1:   16-block 18
        1:   16-block 19
        1:   16-block 20
        1:   16-block 21
        1:   16-block 22
        1:   16-block 23
        1:   17:    senial s = {1,3,-3,4,6,0,-2,-8,9,-15,7};
        1:   18:    int prof = 8;
        1:   19:    int freq = 25;
        -:   20:
        1:   21:    ASSERT_FALSE(esSenial(s, prof, freq));
        1:   21-block  0
        1:   21-block  1
        1:   21-block  2
        1:   21-block  3
        1:   21-block  4
        1:   21-block  5
    $$$$$:   21-block  6
    $$$$$:   21-block  7
    $$$$$:   21-block  8
    $$$$$:   21-block  9
    $$$$$:   21-block 10
    $$$$$:   21-block 11
    $$$$$:   21-block 12
    $$$$$:   21-block 13
    $$$$$:   21-block 14
        1:   21-block 15
        1:   21-block 16
    $$$$$:   21-block 17
        1:   22:}
    $$$$$:   22-block  0
    $$$$$:   22-block  1
    $$$$$:   22-block  2
    $$$$$:   22-block  3
        1:   22-block  4
        1:   22-block  5
        1:   22-block  6
    $$$$$:   22-block  7
    $$$$$:   22-block  8
        -:   23:
        7:   24:TEST(esSenialTEST, frecuenciaNegativa){
        1:   24-block  0
        1:   24-block  1
        1:   24-block  2
        1:   24-block  3
        1:   24-block  4
        1:   24-block  5
        1:   24-block  6
    $$$$$:   24-block  7
    $$$$$:   24-block  8
    $$$$$:   24-block  9
    $$$$$:   24-block 10
    $$$$$:   24-block 11
    $$$$$:   24-block 12
        1:   24-block 13
        1:   24-block 14
        1:   24-block 15
        1:   24-block 16
        1:   24-block 17
        1:   24-block 18
        1:   24-block 19
        1:   24-block 20
        1:   24-block 21
        1:   24-block 22
        1:   24-block 23
        1:   25:    senial s = {1,3,-3,4,6,0,-2,-8,9,-15,7};
        1:   26:    int prof = 8;
        1:   27:    int freq = -10;
        -:   28:
        1:   29:    ASSERT_FALSE(esSenial(s, prof, freq));
        1:   29-block  0
        1:   29-block  1
        1:   29-block  2
        1:   29-block  3
        1:   29-block  4
        1:   29-block  5
    $$$$$:   29-block  6
    $$$$$:   29-block  7
    $$$$$:   29-block  8
    $$$$$:   29-block  9
    $$$$$:   29-block 10
    $$$$$:   29-block 11
    $$$$$:   29-block 12
    $$$$$:   29-block 13
    $$$$$:   29-block 14
        1:   29-block 15
        1:   29-block 16
    $$$$$:   29-block 17
        1:   30:}
    $$$$$:   30-block  0
    $$$$$:   30-block  1
    $$$$$:   30-block  2
    $$$$$:   30-block  3
        1:   30-block  4
        1:   30-block  5
        1:   30-block  6
    $$$$$:   30-block  7
    $$$$$:   30-block  8
        -:   31:
        7:   32:TEST(esSenialTEST, frecuenciaIgualACero){
        1:   32-block  0
        1:   32-block  1
        1:   32-block  2
        1:   32-block  3
        1:   32-block  4
        1:   32-block  5
        1:   32-block  6
    $$$$$:   32-block  7
    $$$$$:   32-block  8
    $$$$$:   32-block  9
    $$$$$:   32-block 10
    $$$$$:   32-block 11
    $$$$$:   32-block 12
        1:   32-block 13
        1:   32-block 14
        1:   32-block 15
        1:   32-block 16
        1:   32-block 17
        1:   32-block 18
        1:   32-block 19
        1:   32-block 20
        1:   32-block 21
        1:   32-block 22
        1:   32-block 23
        1:   33:    senial s = {1,3,-3,4,6,0,-2,-8,9,-15,7};
        1:   34:    int prof = 8;
        1:   35:    int freq = 0;
        -:   36:
        1:   37:    ASSERT_FALSE(esSenial(s, prof, freq));
        1:   37-block  0
        1:   37-block  1
        1:   37-block  2
        1:   37-block  3
        1:   37-block  4
        1:   37-block  5
    $$$$$:   37-block  6
    $$$$$:   37-block  7
    $$$$$:   37-block  8
    $$$$$:   37-block  9
    $$$$$:   37-block 10
    $$$$$:   37-block 11
    $$$$$:   37-block 12
    $$$$$:   37-block 13
    $$$$$:   37-block 14
        1:   37-block 15
        1:   37-block 16
    $$$$$:   37-block 17
        1:   38:}
    $$$$$:   38-block  0
    $$$$$:   38-block  1
    $$$$$:   38-block  2
    $$$$$:   38-block  3
        1:   38-block  4
        1:   38-block  5
        1:   38-block  6
    $$$$$:   38-block  7
    $$$$$:   38-block  8
        -:   39:
        7:   40:TEST(esSenialTEST, muestrasEnRango){
        1:   40-block  0
        1:   40-block  1
        1:   40-block  2
        1:   40-block  3
        1:   40-block  4
        1:   40-block  5
        1:   40-block  6
    $$$$$:   40-block  7
    $$$$$:   40-block  8
    $$$$$:   40-block  9
    $$$$$:   40-block 10
    $$$$$:   40-block 11
    $$$$$:   40-block 12
        1:   40-block 13
        1:   40-block 14
        1:   40-block 15
        1:   40-block 16
        1:   40-block 17
        1:   40-block 18
        1:   40-block 19
        1:   40-block 20
        1:   40-block 21
        1:   40-block 22
        1:   40-block 23
        1:   41:    senial s = {1,3,-3,127,6,0,-128,-8,9,-15,7};
        1:   42:    int prof = 8;
        1:   43:    int freq = 10;
        -:   44:
        1:   45:    ASSERT_TRUE(esSenial(s, prof, freq));
        1:   45-block  0
        1:   45-block  1
        1:   45-block  2
        1:   45-block  3
        1:   45-block  4
        1:   45-block  5
    $$$$$:   45-block  6
    $$$$$:   45-block  7
    $$$$$:   45-block  8
    $$$$$:   45-block  9
    $$$$$:   45-block 10
    $$$$$:   45-block 11
    $$$$$:   45-block 12
    $$$$$:   45-block 13
    $$$$$:   45-block 14
        1:   45-block 15
        1:   45-block 16
    $$$$$:   45-block 17
        1:   46:}
    $$$$$:   46-block  0
    $$$$$:   46-block  1
    $$$$$:   46-block  2
    $$$$$:   46-block  3
        1:   46-block  4
        1:   46-block  5
        1:   46-block  6
    $$$$$:   46-block  7
    $$$$$:   46-block  8
        -:   47:
        7:   48:TEST(esSenialTEST, muestrasNoEnRango1){
        1:   48-block  0
        1:   48-block  1
        1:   48-block  2
        1:   48-block  3
        1:   48-block  4
        1:   48-block  5
        1:   48-block  6
    $$$$$:   48-block  7
    $$$$$:   48-block  8
    $$$$$:   48-block  9
    $$$$$:   48-block 10
    $$$$$:   48-block 11
    $$$$$:   48-block 12
        1:   48-block 13
        1:   48-block 14
        1:   48-block 15
        1:   48-block 16
        1:   48-block 17
        1:   48-block 18
        1:   48-block 19
        1:   48-block 20
        1:   48-block 21
        1:   48-block 22
        1:   48-block 23
        1:   49:    senial s = {1,3,-3,4,6,0,-2,-8,9,-15,145};
        1:   50:    int prof = 8;
        1:   51:    int freq = 10;
        -:   52:
        1:   53:    ASSERT_FALSE(esSenial(s, prof, freq));
        1:   53-block  0
        1:   53-block  1
        1:   53-block  2
        1:   53-block  3
        1:   53-block  4
        1:   53-block  5
    $$$$$:   53-block  6
    $$$$$:   53-block  7
    $$$$$:   53-block  8
    $$$$$:   53-block  9
    $$$$$:   53-block 10
    $$$$$:   53-block 11
    $$$$$:   53-block 12
    $$$$$:   53-block 13
    $$$$$:   53-block 14
        1:   53-block 15
        1:   53-block 16
    $$$$$:   53-block 17
        1:   54:}
    $$$$$:   54-block  0
    $$$$$:   54-block  1
    $$$$$:   54-block  2
    $$$$$:   54-block  3
        1:   54-block  4
        1:   54-block  5
        1:   54-block  6
    $$$$$:   54-block  7
    $$$$$:   54-block  8
        -:   55:
        7:   56:TEST(esSenialTEST, muestrasNoEnRango2){
        1:   56-block  0
        1:   56-block  1
        1:   56-block  2
        1:   56-block  3
        1:   56-block  4
        1:   56-block  5
        1:   56-block  6
    $$$$$:   56-block  7
    $$$$$:   56-block  8
    $$$$$:   56-block  9
    $$$$$:   56-block 10
    $$$$$:   56-block 11
    $$$$$:   56-block 12
        1:   56-block 13
        1:   56-block 14
        1:   56-block 15
        1:   56-block 16
        1:   56-block 17
        1:   56-block 18
        1:   56-block 19
        1:   56-block 20
        1:   56-block 21
        1:   56-block 22
        1:   56-block 23
        1:   57:    senial s = {1,3,-313,4,6,0,-2,-8,9,-223,145};
        1:   58:    int prof = 8;
        1:   59:    int freq = 10;
        -:   60:
        1:   61:    ASSERT_FALSE(esSenial(s, prof, freq));
        1:   61-block  0
        1:   61-block  1
        1:   61-block  2
        1:   61-block  3
        1:   61-block  4
        1:   61-block  5
    $$$$$:   61-block  6
    $$$$$:   61-block  7
    $$$$$:   61-block  8
    $$$$$:   61-block  9
    $$$$$:   61-block 10
    $$$$$:   61-block 11
    $$$$$:   61-block 12
    $$$$$:   61-block 13
    $$$$$:   61-block 14
        1:   61-block 15
        1:   61-block 16
    $$$$$:   61-block 17
        1:   62:}
    $$$$$:   62-block  0
    $$$$$:   62-block  1
    $$$$$:   62-block  2
    $$$$$:   62-block  3
        1:   62-block  4
        1:   62-block  5
        1:   62-block  6
    $$$$$:   62-block  7
    $$$$$:   62-block  8
        -:   63:
        7:   64:TEST(esSenialTEST, profundidadValida1){
        1:   64-block  0
        1:   64-block  1
        1:   64-block  2
        1:   64-block  3
        1:   64-block  4
        1:   64-block  5
        1:   64-block  6
    $$$$$:   64-block  7
    $$$$$:   64-block  8
    $$$$$:   64-block  9
    $$$$$:   64-block 10
    $$$$$:   64-block 11
    $$$$$:   64-block 12
        1:   64-block 13
        1:   64-block 14
        1:   64-block 15
        1:   64-block 16
        1:   64-block 17
        1:   64-block 18
        1:   64-block 19
        1:   64-block 20
        1:   64-block 21
        1:   64-block 22
        1:   64-block 23
        1:   65:    senial s = {1,3,-3,4,6,0,-2,-8,9,-15,7};
        1:   66:    int prof = 8;
        1:   67:    int freq = 10;
        -:   68:
        1:   69:    ASSERT_TRUE(esSenial(s, prof, freq));
        1:   69-block  0
        1:   69-block  1
        1:   69-block  2
        1:   69-block  3
        1:   69-block  4
        1:   69-block  5
    $$$$$:   69-block  6
    $$$$$:   69-block  7
    $$$$$:   69-block  8
    $$$$$:   69-block  9
    $$$$$:   69-block 10
    $$$$$:   69-block 11
    $$$$$:   69-block 12
    $$$$$:   69-block 13
    $$$$$:   69-block 14
        1:   69-block 15
        1:   69-block 16
    $$$$$:   69-block 17
        1:   70:}
    $$$$$:   70-block  0
    $$$$$:   70-block  1
    $$$$$:   70-block  2
    $$$$$:   70-block  3
        1:   70-block  4
        1:   70-block  5
        1:   70-block  6
    $$$$$:   70-block  7
    $$$$$:   70-block  8
        -:   71:
        7:   72:TEST(esSenialTEST, profundidadValida2){
        1:   72-block  0
        1:   72-block  1
        1:   72-block  2
        1:   72-block  3
        1:   72-block  4
        1:   72-block  5
        1:   72-block  6
    $$$$$:   72-block  7
    $$$$$:   72-block  8
    $$$$$:   72-block  9
    $$$$$:   72-block 10
    $$$$$:   72-block 11
    $$$$$:   72-block 12
        1:   72-block 13
        1:   72-block 14
        1:   72-block 15
        1:   72-block 16
        1:   72-block 17
        1:   72-block 18
        1:   72-block 19
        1:   72-block 20
        1:   72-block 21
        1:   72-block 22
        1:   72-block 23
        1:   73:    senial s = { 1, 3, -3, 4, 6, 32000, -2, -8, 9, -15, 7 };
        1:   74:    int prof = 16;
        1:   75:    int freq = 10;
        -:   76:
        1:   77:    ASSERT_TRUE(esSenial(s, prof, freq));
        1:   77-block  0
        1:   77-block  1
        1:   77-block  2
        1:   77-block  3
        1:   77-block  4
        1:   77-block  5
    $$$$$:   77-block  6
    $$$$$:   77-block  7
    $$$$$:   77-block  8
    $$$$$:   77-block  9
    $$$$$:   77-block 10
    $$$$$:   77-block 11
    $$$$$:   77-block 12
    $$$$$:   77-block 13
    $$$$$:   77-block 14
        1:   77-block 15
        1:   77-block 16
    $$$$$:   77-block 17
        1:   78:}
    $$$$$:   78-block  0
    $$$$$:   78-block  1
    $$$$$:   78-block  2
    $$$$$:   78-block  3
        1:   78-block  4
        1:   78-block  5
        1:   78-block  6
    $$$$$:   78-block  7
    $$$$$:   78-block  8
        -:   79:
        7:   80:TEST(esSenialTEST, profundidadValida3){
        1:   80-block  0
        1:   80-block  1
        1:   80-block  2
        1:   80-block  3
        1:   80-block  4
        1:   80-block  5
        1:   80-block  6
    $$$$$:   80-block  7
    $$$$$:   80-block  8
    $$$$$:   80-block  9
    $$$$$:   80-block 10
    $$$$$:   80-block 11
    $$$$$:   80-block 12
        1:   80-block 13
        1:   80-block 14
        1:   80-block 15
        1:   80-block 16
        1:   80-block 17
        1:   80-block 18
        1:   80-block 19
        1:   80-block 20
        1:   80-block 21
        1:   80-block 22
        1:   80-block 23
        1:   81:    senial s = {1,3,-3,4,6,0,-2,-8,9,-15,7};
        1:   82:    int prof = 32;
        1:   83:    int freq = 10;
        -:   84:
        1:   85:    ASSERT_TRUE(esSenial(s, prof, freq));
        1:   85-block  0
        1:   85-block  1
        1:   85-block  2
        1:   85-block  3
        1:   85-block  4
        1:   85-block  5
    $$$$$:   85-block  6
    $$$$$:   85-block  7
    $$$$$:   85-block  8
    $$$$$:   85-block  9
    $$$$$:   85-block 10
    $$$$$:   85-block 11
    $$$$$:   85-block 12
    $$$$$:   85-block 13
    $$$$$:   85-block 14
        1:   85-block 15
        1:   85-block 16
    $$$$$:   85-block 17
        1:   86:}
    $$$$$:   86-block  0
    $$$$$:   86-block  1
    $$$$$:   86-block  2
    $$$$$:   86-block  3
        1:   86-block  4
        1:   86-block  5
        1:   86-block  6
    $$$$$:   86-block  7
    $$$$$:   86-block  8
        -:   87:
        7:   88:TEST(esSenialTEST, profundidadValida4)
        1:   88-block  0
        1:   88-block  1
        1:   88-block  2
        1:   88-block  3
        1:   88-block  4
        1:   88-block  5
        1:   88-block  6
    $$$$$:   88-block  7
    $$$$$:   88-block  8
    $$$$$:   88-block  9
    $$$$$:   88-block 10
    $$$$$:   88-block 11
    $$$$$:   88-block 12
        1:   88-block 13
        1:   88-block 14
        1:   88-block 15
        1:   88-block 16
        1:   88-block 17
        1:   88-block 18
        1:   88-block 19
        1:   88-block 20
        1:   88-block 21
        1:   88-block 22
        1:   88-block 23
        -:   89:{
        1:   90:    senial s = { 1, 3, -3, 4, 6, 0, -2, -8, 70000, -15, 7 };
        1:   91:    int prof = 32;
        1:   92:    int freq = 10;
        -:   93:
        1:   94:    ASSERT_TRUE(esSenial(s, prof, freq));
        1:   94-block  0
        1:   94-block  1
        1:   94-block  2
        1:   94-block  3
        1:   94-block  4
        1:   94-block  5
    $$$$$:   94-block  6
    $$$$$:   94-block  7
    $$$$$:   94-block  8
    $$$$$:   94-block  9
    $$$$$:   94-block 10
    $$$$$:   94-block 11
    $$$$$:   94-block 12
    $$$$$:   94-block 13
    $$$$$:   94-block 14
        1:   94-block 15
        1:   94-block 16
    $$$$$:   94-block 17
        1:   95:}
    $$$$$:   95-block  0
    $$$$$:   95-block  1
    $$$$$:   95-block  2
    $$$$$:   95-block  3
        1:   95-block  4
        1:   95-block  5
        1:   95-block  6
    $$$$$:   95-block  7
    $$$$$:   95-block  8
        -:   96:
        7:   97:TEST(esSenialTEST, profundidadInvalida){
        1:   97-block  0
        1:   97-block  1
        1:   97-block  2
        1:   97-block  3
        1:   97-block  4
        1:   97-block  5
        1:   97-block  6
    $$$$$:   97-block  7
    $$$$$:   97-block  8
    $$$$$:   97-block  9
    $$$$$:   97-block 10
    $$$$$:   97-block 11
    $$$$$:   97-block 12
        1:   97-block 13
        1:   97-block 14
        1:   97-block 15
        1:   97-block 16
        1:   97-block 17
        1:   97-block 18
        1:   97-block 19
        1:   97-block 20
        1:   97-block 21
        1:   97-block 22
        1:   97-block 23
        1:   98:    senial s = {1,3,-3,4,6,0,-2,-8,9,-15,7};
        1:   99:    int prof = 3;
        1:  100:    int freq = 10;
        -:  101:
        1:  102:    ASSERT_FALSE(esSenial(s, prof, freq));
        1:  102-block  0
        1:  102-block  1
        1:  102-block  2
        1:  102-block  3
        1:  102-block  4
        1:  102-block  5
    $$$$$:  102-block  6
    $$$$$:  102-block  7
    $$$$$:  102-block  8
    $$$$$:  102-block  9
    $$$$$:  102-block 10
    $$$$$:  102-block 11
    $$$$$:  102-block 12
    $$$$$:  102-block 13
    $$$$$:  102-block 14
        1:  102-block 15
        1:  102-block 16
    $$$$$:  102-block 17
        1:  103:}
    $$$$$:  103-block  0
    $$$$$:  103-block  1
    $$$$$:  103-block  2
    $$$$$:  103-block  3
        1:  103-block  4
        1:  103-block  5
        1:  103-block  6
    $$$$$:  103-block  7
    $$$$$:  103-block  8
        -:  104:
        7:  105:TEST(esSenialTEST, profundidadInvalida2)
        1:  105-block  0
        1:  105-block  1
        1:  105-block  2
        1:  105-block  3
        1:  105-block  4
        1:  105-block  5
        1:  105-block  6
    $$$$$:  105-block  7
    $$$$$:  105-block  8
    $$$$$:  105-block  9
    $$$$$:  105-block 10
    $$$$$:  105-block 11
    $$$$$:  105-block 12
        1:  105-block 13
        1:  105-block 14
        1:  105-block 15
        1:  105-block 16
        1:  105-block 17
        1:  105-block 18
        1:  105-block 19
        1:  105-block 20
        1:  105-block 21
        1:  105-block 22
        1:  105-block 23
        -:  106:{
        1:  107:    senial s = { 1, 3, -3, 4, 6, 0, -2, -8, 70000, -15, 7 };
        1:  108:    int prof = 16;
        1:  109:    int freq = 10;
        -:  110:
        1:  111:    ASSERT_FALSE(esSenial(s, prof, freq));
        1:  111-block  0
        1:  111-block  1
        1:  111-block  2
        1:  111-block  3
        1:  111-block  4
        1:  111-block  5
    $$$$$:  111-block  6
    $$$$$:  111-block  7
    $$$$$:  111-block  8
    $$$$$:  111-block  9
    $$$$$:  111-block 10
    $$$$$:  111-block 11
    $$$$$:  111-block 12
    $$$$$:  111-block 13
    $$$$$:  111-block 14
        1:  111-block 15
        1:  111-block 16
    $$$$$:  111-block 17
        1:  112:}
    $$$$$:  112-block  0
    $$$$$:  112-block  1
    $$$$$:  112-block  2
    $$$$$:  112-block  3
        1:  112-block  4
        1:  112-block  5
        1:  112-block  6
    $$$$$:  112-block  7
    $$$$$:  112-block  8
        -:  113:
        7:  114:TEST(esSenialTEST, profundidadInvalidaNegativa){
        1:  114-block  0
        1:  114-block  1
        1:  114-block  2
        1:  114-block  3
        1:  114-block  4
        1:  114-block  5
        1:  114-block  6
    $$$$$:  114-block  7
    $$$$$:  114-block  8
    $$$$$:  114-block  9
    $$$$$:  114-block 10
    $$$$$:  114-block 11
    $$$$$:  114-block 12
        1:  114-block 13
        1:  114-block 14
        1:  114-block 15
        1:  114-block 16
        1:  114-block 17
        1:  114-block 18
        1:  114-block 19
        1:  114-block 20
        1:  114-block 21
        1:  114-block 22
        1:  114-block 23
        1:  115:    senial s = {1,3,-3,4,6,0,-2,-8,9,-15,7};
        1:  116:    int prof = -8;
        1:  117:    int freq = 10;
        -:  118:
        1:  119:    ASSERT_FALSE(esSenial(s, prof, freq));
        1:  119-block  0
        1:  119-block  1
        1:  119-block  2
        1:  119-block  3
        1:  119-block  4
        1:  119-block  5
    $$$$$:  119-block  6
    $$$$$:  119-block  7
    $$$$$:  119-block  8
    $$$$$:  119-block  9
    $$$$$:  119-block 10
    $$$$$:  119-block 11
    $$$$$:  119-block 12
    $$$$$:  119-block 13
    $$$$$:  119-block 14
        1:  119-block 15
        1:  119-block 16
    $$$$$:  119-block 17
        1:  120:}
    $$$$$:  120-block  0
    $$$$$:  120-block  1
    $$$$$:  120-block  2
    $$$$$:  120-block  3
        1:  120-block  4
        1:  120-block  5
        1:  120-block  6
    $$$$$:  120-block  7
    $$$$$:  120-block  8
        -:  121:
        7:  122:TEST(esSenialTEST, profundidadIgualACero){
        1:  122-block  0
        1:  122-block  1
        1:  122-block  2
        1:  122-block  3
        1:  122-block  4
        1:  122-block  5
        1:  122-block  6
    $$$$$:  122-block  7
    $$$$$:  122-block  8
    $$$$$:  122-block  9
    $$$$$:  122-block 10
    $$$$$:  122-block 11
    $$$$$:  122-block 12
        1:  122-block 13
        1:  122-block 14
        1:  122-block 15
        1:  122-block 16
        1:  122-block 17
        1:  122-block 18
        1:  122-block 19
        1:  122-block 20
        1:  122-block 21
        1:  122-block 22
        1:  122-block 23
        1:  123:    senial s = {1,3,-3,4,6,0,-2,-8,9,-15,7};
        1:  124:    int prof = 0;
        1:  125:    int freq = 10;
        -:  126:
        1:  127:    ASSERT_FALSE(esSenial(s, prof, freq));
        1:  127-block  0
        1:  127-block  1
        1:  127-block  2
        1:  127-block  3
        1:  127-block  4
        1:  127-block  5
    $$$$$:  127-block  6
    $$$$$:  127-block  7
    $$$$$:  127-block  8
    $$$$$:  127-block  9
    $$$$$:  127-block 10
    $$$$$:  127-block 11
    $$$$$:  127-block 12
    $$$$$:  127-block 13
    $$$$$:  127-block 14
        1:  127-block 15
        1:  127-block 16
    $$$$$:  127-block 17
        1:  128:}
    $$$$$:  128-block  0
    $$$$$:  128-block  1
    $$$$$:  128-block  2
    $$$$$:  128-block  3
        1:  128-block  4
        1:  128-block  5
        1:  128-block  6
    $$$$$:  128-block  7
    $$$$$:  128-block  8
        -:  129:
        7:  130:TEST(esSenialTEST, duracionValida){
        1:  130-block  0
        1:  130-block  1
        1:  130-block  2
        1:  130-block  3
        1:  130-block  4
        1:  130-block  5
        1:  130-block  6
    $$$$$:  130-block  7
    $$$$$:  130-block  8
    $$$$$:  130-block  9
    $$$$$:  130-block 10
    $$$$$:  130-block 11
    $$$$$:  130-block 12
        1:  130-block 13
        1:  130-block 14
        1:  130-block 15
        1:  130-block 16
        1:  130-block 17
        1:  130-block 18
        1:  130-block 19
        1:  130-block 20
        1:  130-block 21
        1:  130-block 22
        1:  130-block 23
        1:  131:    senial s = {1,3,-3,4,6,0,-2,-8,9,-15,7};
        1:  132:    int prof = 8;
        1:  133:    int freq = 10;
        -:  134:
        1:  135:    ASSERT_TRUE(esSenial(s, prof, freq));
        1:  135-block  0
        1:  135-block  1
        1:  135-block  2
        1:  135-block  3
        1:  135-block  4
        1:  135-block  5
    $$$$$:  135-block  6
    $$$$$:  135-block  7
    $$$$$:  135-block  8
    $$$$$:  135-block  9
    $$$$$:  135-block 10
    $$$$$:  135-block 11
    $$$$$:  135-block 12
    $$$$$:  135-block 13
    $$$$$:  135-block 14
        1:  135-block 15
        1:  135-block 16
    $$$$$:  135-block 17
        1:  136:}
    $$$$$:  136-block  0
    $$$$$:  136-block  1
    $$$$$:  136-block  2
    $$$$$:  136-block  3
        1:  136-block  4
        1:  136-block  5
        1:  136-block  6
    $$$$$:  136-block  7
    $$$$$:  136-block  8
        -:  137:
        7:  138:TEST(esSenialTEST, duracionBorde){
        1:  138-block  0
        1:  138-block  1
        1:  138-block  2
        1:  138-block  3
        1:  138-block  4
        1:  138-block  5
        1:  138-block  6
    $$$$$:  138-block  7
    $$$$$:  138-block  8
    $$$$$:  138-block  9
    $$$$$:  138-block 10
    $$$$$:  138-block 11
    $$$$$:  138-block 12
        1:  138-block 13
        1:  138-block 14
        1:  138-block 15
        1:  138-block 16
        1:  138-block 17
        1:  138-block 18
        1:  138-block 19
        1:  138-block 20
        1:  138-block 21
        1:  138-block 22
        1:  138-block 23
        1:  139:    senial s = {1,3,-3,4,6,0,-2,-8,9,-15};
        1:  140:    int prof = 8;
        1:  141:    int freq = 10;
        -:  142:
        1:  143:    ASSERT_TRUE(esSenial(s, prof, freq));
        1:  143-block  0
        1:  143-block  1
        1:  143-block  2
        1:  143-block  3
        1:  143-block  4
        1:  143-block  5
    $$$$$:  143-block  6
    $$$$$:  143-block  7
    $$$$$:  143-block  8
    $$$$$:  143-block  9
    $$$$$:  143-block 10
    $$$$$:  143-block 11
    $$$$$:  143-block 12
    $$$$$:  143-block 13
    $$$$$:  143-block 14
        1:  143-block 15
        1:  143-block 16
    $$$$$:  143-block 17
        1:  144:}
    $$$$$:  144-block  0
    $$$$$:  144-block  1
    $$$$$:  144-block  2
    $$$$$:  144-block  3
        1:  144-block  4
        1:  144-block  5
        1:  144-block  6
    $$$$$:  144-block  7
    $$$$$:  144-block  8
        -:  145:
        7:  146:TEST(esSenialTEST, duracionInvalida){
        1:  146-block  0
        1:  146-block  1
        1:  146-block  2
        1:  146-block  3
        1:  146-block  4
        1:  146-block  5
        1:  146-block  6
    $$$$$:  146-block  7
    $$$$$:  146-block  8
    $$$$$:  146-block  9
    $$$$$:  146-block 10
    $$$$$:  146-block 11
    $$$$$:  146-block 12
        1:  146-block 13
        1:  146-block 14
        1:  146-block 15
        1:  146-block 16
        1:  146-block 17
        1:  146-block 18
        1:  146-block 19
        1:  146-block 20
        1:  146-block 21
        1:  146-block 22
        1:  146-block 23
        1:  147:    senial s = {1,3,-3,4,6,0,-2,-8};
        1:  148:    int prof = 8;
        1:  149:    int freq = 10;
        -:  150:
        1:  151:    ASSERT_FALSE(esSenial(s, prof, freq));
        1:  151-block  0
        1:  151-block  1
        1:  151-block  2
        1:  151-block  3
        1:  151-block  4
        1:  151-block  5
    $$$$$:  151-block  6
    $$$$$:  151-block  7
    $$$$$:  151-block  8
    $$$$$:  151-block  9
    $$$$$:  151-block 10
    $$$$$:  151-block 11
    $$$$$:  151-block 12
    $$$$$:  151-block 13
    $$$$$:  151-block 14
        1:  151-block 15
        1:  151-block 16
    $$$$$:  151-block 17
        1:  152:}
    $$$$$:  152-block  0
    $$$$$:  152-block  1
    $$$$$:  152-block  2
    $$$$$:  152-block  3
        1:  152-block  4
        1:  152-block  5
        1:  152-block  6
    $$$$$:  152-block  7
    $$$$$:  152-block  8
        -:  153:
        7:  154:TEST(esSenialTEST, secuenciaVacia){
        1:  154-block  0
        1:  154-block  1
        1:  154-block  2
        1:  154-block  3
        1:  154-block  4
        1:  154-block  5
        1:  154-block  6
    $$$$$:  154-block  7
    $$$$$:  154-block  8
    $$$$$:  154-block  9
    $$$$$:  154-block 10
    $$$$$:  154-block 11
    $$$$$:  154-block 12
        1:  154-block 13
        1:  154-block 14
        1:  154-block 15
        1:  154-block 16
        1:  154-block 17
        1:  154-block 18
        1:  154-block 19
        1:  154-block 20
        1:  154-block 21
        1:  154-block 22
        1:  154-block 23
        1:  155:    senial s = { };
        1:  156:    int prof = 8;
        1:  157:    int freq = 10;
        -:  158:
        1:  159:    ASSERT_FALSE(esSenial(s, prof, freq));
        1:  159-block  0
        1:  159-block  1
        1:  159-block  2
        1:  159-block  3
        1:  159-block  4
        1:  159-block  5
    $$$$$:  159-block  6
    $$$$$:  159-block  7
    $$$$$:  159-block  8
    $$$$$:  159-block  9
    $$$$$:  159-block 10
    $$$$$:  159-block 11
    $$$$$:  159-block 12
    $$$$$:  159-block 13
    $$$$$:  159-block 14
        1:  159-block 15
        1:  159-block 16
    $$$$$:  159-block 17
        1:  160:}
    $$$$$:  160-block  0
    $$$$$:  160-block  1
    $$$$$:  160-block  2
    $$$$$:  160-block  3
        1:  160-block  4
        1:  160-block  5
        1:  160-block  6
    $$$$$:  160-block  7
    $$$$$:  160-block  8
        -:  161:
        7:  162:TEST(esSenialTEST, secuenciaDeSolo1Elemento){
        1:  162-block  0
        1:  162-block  1
        1:  162-block  2
        1:  162-block  3
        1:  162-block  4
        1:  162-block  5
        1:  162-block  6
    $$$$$:  162-block  7
    $$$$$:  162-block  8
    $$$$$:  162-block  9
    $$$$$:  162-block 10
    $$$$$:  162-block 11
    $$$$$:  162-block 12
        1:  162-block 13
        1:  162-block 14
        1:  162-block 15
        1:  162-block 16
        1:  162-block 17
        1:  162-block 18
        1:  162-block 19
        1:  162-block 20
        1:  162-block 21
        1:  162-block 22
        1:  162-block 23
        1:  163:    senial s = { 7 };
        1:  164:    int prof = 8;
        1:  165:    int freq = 10;
        -:  166:
        1:  167:    ASSERT_FALSE(esSenial(s, prof, freq));
        1:  167-block  0
        1:  167-block  1
        1:  167-block  2
        1:  167-block  3
        1:  167-block  4
        1:  167-block  5
    $$$$$:  167-block  6
    $$$$$:  167-block  7
    $$$$$:  167-block  8
    $$$$$:  167-block  9
    $$$$$:  167-block 10
    $$$$$:  167-block 11
    $$$$$:  167-block 12
    $$$$$:  167-block 13
    $$$$$:  167-block 14
        1:  167-block 15
        1:  167-block 16
    $$$$$:  167-block 17
        1:  168:}
    $$$$$:  168-block  0
    $$$$$:  168-block  1
    $$$$$:  168-block  2
    $$$$$:  168-block  3
        1:  168-block  4
        1:  168-block  5
        1:  168-block  6
    $$$$$:  168-block  7
    $$$$$:  168-block  8
