        -:    0:Source:/Users/usuario/Desktop/LabAlgo1/tp2/reunionesRemotas/tests/filtradoMediana.cpp
        -:    0:Graph:/Users/usuario/Desktop/LabAlgo1/tp2/reunionesRemotas/cmake-build-debug/CMakeFiles/reunionesRemotas.dir/tests/filtradoMediana.cpp.gcno
        -:    0:Data:/Users/usuario/Desktop/LabAlgo1/tp2/reunionesRemotas/cmake-build-debug/CMakeFiles/reunionesRemotas.dir/tests/filtradoMediana.cpp.gcda
        -:    0:Runs:1
        -:    0:Programs:1
        -:    1:#include "../src/solucion.h"
        -:    2:#include "../src/auxiliares.h"
        -:    3:#include "../lib/gtest.h"
        -:    4:
        -:    5:
        -:    6:using namespace std;
        -:    7:
        1:    8:TEST(filtradoMedianaTEST, filtradoMedianaValidos){
        1:    8-block  0
        1:    8-block  1
        1:    8-block  2
        1:    8-block  3
        1:    8-block  4
        1:    8-block  5
        1:    8-block  6
    $$$$$:    8-block  7
    $$$$$:    8-block  8
    $$$$$:    8-block  9
    $$$$$:    8-block 10
    $$$$$:    8-block 11
    $$$$$:    8-block 12
    $$$$$:    8-block 13
    $$$$$:    8-block 14
    $$$$$:    8-block 15
    $$$$$:    8-block 16
    $$$$$:    8-block 17
    $$$$$:    8-block 18
    $$$$$:    8-block 19
    $$$$$:    8-block 20
    $$$$$:    8-block 21
    $$$$$:    8-block 22
    $$$$$:    8-block 23
    #####:    9:    senial hablante = {1, 3, -3, 4, 6, 0, -2, -8, 9, -15};
        -:   10:
    #####:   11:    int prof = 8;
    #####:   12:    int freq = 10;
    #####:   13:    int R = 4;
        -:   14:
    #####:   15:    senial hablanteResultante = {1, 3, -3, 4, 1, 0, -2, -8, 9, -15};
    $$$$$:   15-block  0
        -:   16:
    #####:   17:    filtradoMediana(hablante, R, prof, freq);
    $$$$$:   17-block  0
        -:   18:
    #####:   19:    ASSERT_SENIAL_EQ(hablante, hablanteResultante);
    $$$$$:   19-block  0
    $$$$$:   19-block  1
    $$$$$:   19-block  2
    $$$$$:   19-block  3
    $$$$$:   19-block  4
    #####:   20:}
    $$$$$:   20-block  0
    $$$$$:   20-block  1
    $$$$$:   20-block  2
    $$$$$:   20-block  3
    $$$$$:   20-block  4
    $$$$$:   20-block  5
    $$$$$:   20-block  6
        -:   21:
        1:   22:TEST(filtradoMedianaTEST, filtradoMedianaListaOrdenada)
        1:   22-block  0
        1:   22-block  1
        1:   22-block  2
        1:   22-block  3
        1:   22-block  4
        1:   22-block  5
        1:   22-block  6
    $$$$$:   22-block  7
    $$$$$:   22-block  8
    $$$$$:   22-block  9
    $$$$$:   22-block 10
    $$$$$:   22-block 11
    $$$$$:   22-block 12
    $$$$$:   22-block 13
    $$$$$:   22-block 14
    $$$$$:   22-block 15
    $$$$$:   22-block 16
    $$$$$:   22-block 17
    $$$$$:   22-block 18
    $$$$$:   22-block 19
    $$$$$:   22-block 20
    $$$$$:   22-block 21
    $$$$$:   22-block 22
    $$$$$:   22-block 23
        -:   23:{
    #####:   24:    senial hablante = { 1, 2, 3, 4, 5, 6, 7, 8, 9, 10 };
        -:   25:
    #####:   26:    int prof = 8;
    #####:   27:    int freq = 10;
    #####:   28:    int R = 2;
        -:   29:
    #####:   30:    senial hablanteResultante = { 1, 2, 3, 4, 5, 6, 7, 8, 9, 10 };
    $$$$$:   30-block  0
        -:   31:
    #####:   32:    filtradoMediana(hablante, R, prof, freq);
    $$$$$:   32-block  0
        -:   33:
    #####:   34:    ASSERT_SENIAL_EQ(hablante, hablanteResultante);
    $$$$$:   34-block  0
    $$$$$:   34-block  1
    $$$$$:   34-block  2
    $$$$$:   34-block  3
    $$$$$:   34-block  4
    #####:   35:}
    $$$$$:   35-block  0
    $$$$$:   35-block  1
    $$$$$:   35-block  2
    $$$$$:   35-block  3
    $$$$$:   35-block  4
    $$$$$:   35-block  5
    $$$$$:   35-block  6
        -:   36:
        1:   37:TEST(filtradoMedianaTEST, filtradoMedianaRigualDos)
        1:   37-block  0
        1:   37-block  1
        1:   37-block  2
        1:   37-block  3
        1:   37-block  4
        1:   37-block  5
        1:   37-block  6
    $$$$$:   37-block  7
    $$$$$:   37-block  8
    $$$$$:   37-block  9
    $$$$$:   37-block 10
    $$$$$:   37-block 11
    $$$$$:   37-block 12
    $$$$$:   37-block 13
    $$$$$:   37-block 14
    $$$$$:   37-block 15
    $$$$$:   37-block 16
    $$$$$:   37-block 17
    $$$$$:   37-block 18
    $$$$$:   37-block 19
    $$$$$:   37-block 20
    $$$$$:   37-block 21
    $$$$$:   37-block 22
    $$$$$:   37-block 23
        -:   38:{
    #####:   39:    senial hablante = { 6, 1, -4, 0, 8, -10, 5, -7, 8, 9 };
        -:   40:
    #####:   41:    int prof = 8;
    #####:   42:    int freq = 10;
    #####:   43:    int R = 2;
        -:   44:
    #####:   45:    senial hablanteResultante = { 6, 1, 1, 0, 0, 0, 5, 5, 8, 9 };
    $$$$$:   45-block  0
        -:   46:
    #####:   47:    filtradoMediana(hablante, R, prof, freq);
    $$$$$:   47-block  0
        -:   48:
    #####:   49:    ASSERT_SENIAL_EQ(hablante, hablanteResultante);
    $$$$$:   49-block  0
    $$$$$:   49-block  1
    $$$$$:   49-block  2
    $$$$$:   49-block  3
    $$$$$:   49-block  4
    #####:   50:}
    $$$$$:   50-block  0
    $$$$$:   50-block  1
    $$$$$:   50-block  2
    $$$$$:   50-block  3
    $$$$$:   50-block  4
    $$$$$:   50-block  5
    $$$$$:   50-block  6
