        -:    0:Source:/Users/usuario/Desktop/LabAlgo1/tp2/reunionesRemotas/tests/hablantesSuperpuestos.cpp
        -:    0:Graph:/Users/usuario/Desktop/LabAlgo1/tp2/reunionesRemotas/cmake-build-debug/CMakeFiles/reunionesRemotas.dir/tests/hablantesSuperpuestos.cpp.gcno
        -:    0:Data:/Users/usuario/Desktop/LabAlgo1/tp2/reunionesRemotas/cmake-build-debug/CMakeFiles/reunionesRemotas.dir/tests/hablantesSuperpuestos.cpp.gcda
        -:    0:Runs:1
        -:    0:Programs:1
        -:    1:#include "../src/solucion.h"
        -:    2:#include "../src/auxiliares.h"
        -:    3:#include "../lib/gtest.h"
        -:    4:
        -:    5:
        -:    6:using namespace std;
        -:    7:
        1:    8:TEST(hablantesSuperpuestosTEST, hablantesSuperpuestosValidos){
        1:    8-block  0
        1:    8-block  1
        1:    8-block  2
        1:    8-block  3
        1:    8-block  4
        1:    8-block  5
        1:    8-block  6
    $$$$$:    8-block  7
    $$$$$:    8-block  8
    $$$$$:    8-block  9
    $$$$$:    8-block 10
    $$$$$:    8-block 11
    $$$$$:    8-block 12
    $$$$$:    8-block 13
    $$$$$:    8-block 14
    $$$$$:    8-block 15
    $$$$$:    8-block 16
    $$$$$:    8-block 17
    $$$$$:    8-block 18
    $$$$$:    8-block 19
    $$$$$:    8-block 20
    $$$$$:    8-block 21
    $$$$$:    8-block 22
    $$$$$:    8-block 23
    #####:    9:    senial hablante1 = {1, 3, -3, 4, 6, 0, -2, -8, 9, -15};
    #####:   10:    senial hablante2 = {2, 6, 3, 8, 6, 10, 2, 12, 10, -15};
    $$$$$:   10-block  0
    #####:   11:    reunion reunion = {make_pair(hablante1, 0), make_pair(hablante2, 1)};
    $$$$$:   11-block  0
    $$$$$:   11-block  1
    $$$$$:   11-block  2
    $$$$$:   11-block  3
    $$$$$:   11-block  4
    $$$$$:   11-block  5
    $$$$$:   11-block  6
    $$$$$:   11-block  7
    $$$$$:   11-block  8
    $$$$$:   11-block  9
    $$$$$:   11-block 10
    #####:   12:    int prof = 8;
    #####:   13:    int freq = 10;
    #####:   14:    int umbral = 3;
        -:   15:
    #####:   16:    ASSERT_TRUE(hablantesSuperpuestos(reunion, prof, freq, umbral));
    $$$$$:   16-block  0
    $$$$$:   16-block  1
    $$$$$:   16-block  2
    $$$$$:   16-block  3
    $$$$$:   16-block  4
    $$$$$:   16-block  5
    $$$$$:   16-block  6
    $$$$$:   16-block  7
    $$$$$:   16-block  8
    $$$$$:   16-block  9
    $$$$$:   16-block 10
    $$$$$:   16-block 11
    $$$$$:   16-block 12
    $$$$$:   16-block 13
    $$$$$:   16-block 14
    $$$$$:   16-block 15
    $$$$$:   16-block 16
    $$$$$:   16-block 17
    #####:   17:}
    $$$$$:   17-block  0
    $$$$$:   17-block  1
    $$$$$:   17-block  2
    $$$$$:   17-block  3
    $$$$$:   17-block  4
    $$$$$:   17-block  5
    $$$$$:   17-block  6
    $$$$$:   17-block  7
    $$$$$:   17-block  8
    $$$$$:   17-block  9
    $$$$$:   17-block 10
    $$$$$:   17-block 11
        -:   18:
        1:   19:TEST(hablantesSuperpuestosTEST, noHayHablantesSuperpuestos)
        1:   19-block  0
        1:   19-block  1
        1:   19-block  2
        1:   19-block  3
        1:   19-block  4
        1:   19-block  5
        1:   19-block  6
    $$$$$:   19-block  7
    $$$$$:   19-block  8
    $$$$$:   19-block  9
    $$$$$:   19-block 10
    $$$$$:   19-block 11
    $$$$$:   19-block 12
    $$$$$:   19-block 13
    $$$$$:   19-block 14
    $$$$$:   19-block 15
    $$$$$:   19-block 16
    $$$$$:   19-block 17
    $$$$$:   19-block 18
    $$$$$:   19-block 19
    $$$$$:   19-block 20
    $$$$$:   19-block 21
    $$$$$:   19-block 22
    $$$$$:   19-block 23
        -:   20:{
    #####:   21:    senial hablante1 = { 1, 3, -3, 4, 6, 0, -2, -8, 9, -15 };
    #####:   22:    senial hablante2 = { 2, 6, 3, 8, 6, 10, 2, 12, 10, -15 };
    $$$$$:   22-block  0
    #####:   23:    reunion reunion = { make_pair(hablante1, 0), make_pair(hablante2, 1) };
    $$$$$:   23-block  0
    $$$$$:   23-block  1
    $$$$$:   23-block  2
    $$$$$:   23-block  3
    $$$$$:   23-block  4
    $$$$$:   23-block  5
    $$$$$:   23-block  6
    $$$$$:   23-block  7
    $$$$$:   23-block  8
    $$$$$:   23-block  9
    $$$$$:   23-block 10
    #####:   24:    int prof = 8;
    #####:   25:    int freq = 10;
    #####:   26:    int umbral = 20;
        -:   27:
    #####:   28:    EXPECT_FALSE(hablantesSuperpuestos(reunion, prof, freq, umbral));
    $$$$$:   28-block  0
    $$$$$:   28-block  1
    $$$$$:   28-block  2
    $$$$$:   28-block  3
    $$$$$:   28-block  4
    $$$$$:   28-block  5
    $$$$$:   28-block  6
    $$$$$:   28-block  7
    $$$$$:   28-block  8
    $$$$$:   28-block  9
    $$$$$:   28-block 10
    $$$$$:   28-block 11
    $$$$$:   28-block 12
    $$$$$:   28-block 13
    $$$$$:   28-block 14
    $$$$$:   28-block 15
    #####:   29:}
    $$$$$:   29-block  0
    $$$$$:   29-block  1
    $$$$$:   29-block  2
    $$$$$:   29-block  3
    $$$$$:   29-block  4
    $$$$$:   29-block  5
    $$$$$:   29-block  6
    $$$$$:   29-block  7
    $$$$$:   29-block  8
    $$$$$:   29-block  9
        -:   30:
        1:   31:TEST(hablantesSuperpuestosTEST, hablantesSuperpuestosAlFinalEigualAlUmbral)
        1:   31-block  0
        1:   31-block  1
        1:   31-block  2
        1:   31-block  3
        1:   31-block  4
        1:   31-block  5
        1:   31-block  6
    $$$$$:   31-block  7
    $$$$$:   31-block  8
    $$$$$:   31-block  9
    $$$$$:   31-block 10
    $$$$$:   31-block 11
    $$$$$:   31-block 12
    $$$$$:   31-block 13
    $$$$$:   31-block 14
    $$$$$:   31-block 15
    $$$$$:   31-block 16
    $$$$$:   31-block 17
    $$$$$:   31-block 18
    $$$$$:   31-block 19
    $$$$$:   31-block 20
    $$$$$:   31-block 21
    $$$$$:   31-block 22
    $$$$$:   31-block 23
        -:   32:{
    #####:   33:    senial hablante1 = { 1, 3, -3, 4, 6, 0, -2, -8, 9, -20 };
    #####:   34:    senial hablante2 = { 2, 6, 3, 8, 6, 10, 2, 12, 10, 20 };
    $$$$$:   34-block  0
    #####:   35:    reunion reunion = { make_pair(hablante1, 0), make_pair(hablante2, 1) };
    $$$$$:   35-block  0
    $$$$$:   35-block  1
    $$$$$:   35-block  2
    $$$$$:   35-block  3
    $$$$$:   35-block  4
    $$$$$:   35-block  5
    $$$$$:   35-block  6
    $$$$$:   35-block  7
    $$$$$:   35-block  8
    $$$$$:   35-block  9
    $$$$$:   35-block 10
    #####:   36:    int prof = 8;
    #####:   37:    int freq = 10;
    #####:   38:    int umbral = 20;
        -:   39:
    #####:   40:    ASSERT_TRUE(hablantesSuperpuestos(reunion, prof, freq, umbral));
    $$$$$:   40-block  0
    $$$$$:   40-block  1
    $$$$$:   40-block  2
    $$$$$:   40-block  3
    $$$$$:   40-block  4
    $$$$$:   40-block  5
    $$$$$:   40-block  6
    $$$$$:   40-block  7
    $$$$$:   40-block  8
    $$$$$:   40-block  9
    $$$$$:   40-block 10
    $$$$$:   40-block 11
    $$$$$:   40-block 12
    $$$$$:   40-block 13
    $$$$$:   40-block 14
    $$$$$:   40-block 15
    $$$$$:   40-block 16
    $$$$$:   40-block 17
    #####:   41:}
    $$$$$:   41-block  0
    $$$$$:   41-block  1
    $$$$$:   41-block  2
    $$$$$:   41-block  3
    $$$$$:   41-block  4
    $$$$$:   41-block  5
    $$$$$:   41-block  6
    $$$$$:   41-block  7
    $$$$$:   41-block  8
    $$$$$:   41-block  9
    $$$$$:   41-block 10
    $$$$$:   41-block 11
        -:   42:
        1:   43:TEST(hablantesSuperpuestosTEST, hablantesSuperpuestosAlFinal)
        1:   43-block  0
        1:   43-block  1
        1:   43-block  2
        1:   43-block  3
        1:   43-block  4
        1:   43-block  5
        1:   43-block  6
    $$$$$:   43-block  7
    $$$$$:   43-block  8
    $$$$$:   43-block  9
    $$$$$:   43-block 10
    $$$$$:   43-block 11
    $$$$$:   43-block 12
    $$$$$:   43-block 13
    $$$$$:   43-block 14
    $$$$$:   43-block 15
    $$$$$:   43-block 16
    $$$$$:   43-block 17
    $$$$$:   43-block 18
    $$$$$:   43-block 19
    $$$$$:   43-block 20
    $$$$$:   43-block 21
    $$$$$:   43-block 22
    $$$$$:   43-block 23
        -:   44:{
    #####:   45:    senial hablante1 = { 1, 3, -3, 4, 6, 0, -2, -8, 9, -21 };
    #####:   46:    senial hablante2 = { 2, 6, 3, 8, 6, 10, 2, 12, 10, 4 };
    $$$$$:   46-block  0
    #####:   47:    senial hablante3 = { 2, 6, 3, 8, 6, 10, 2, 12, 10, -21 };
    $$$$$:   47-block  0
    #####:   48:    reunion reunion = { make_pair(hablante1, 0), make_pair(hablante2, 1), make_pair(hablante3, 2) };
    $$$$$:   48-block  0
    $$$$$:   48-block  1
    $$$$$:   48-block  2
    $$$$$:   48-block  3
    $$$$$:   48-block  4
    $$$$$:   48-block  5
    $$$$$:   48-block  6
    $$$$$:   48-block  7
    $$$$$:   48-block  8
    $$$$$:   48-block  9
    $$$$$:   48-block 10
    $$$$$:   48-block 11
    #####:   49:    int prof = 8;
    #####:   50:    int freq = 10;
    #####:   51:    int umbral = 20;
        -:   52:
    #####:   53:    ASSERT_TRUE(hablantesSuperpuestos(reunion, prof, freq, umbral));
    $$$$$:   53-block  0
    $$$$$:   53-block  1
    $$$$$:   53-block  2
    $$$$$:   53-block  3
    $$$$$:   53-block  4
    $$$$$:   53-block  5
    $$$$$:   53-block  6
    $$$$$:   53-block  7
    $$$$$:   53-block  8
    $$$$$:   53-block  9
    $$$$$:   53-block 10
    $$$$$:   53-block 11
    $$$$$:   53-block 12
    $$$$$:   53-block 13
    $$$$$:   53-block 14
    $$$$$:   53-block 15
    $$$$$:   53-block 16
    $$$$$:   53-block 17
    #####:   54:}
    $$$$$:   54-block  0
    $$$$$:   54-block  1
    $$$$$:   54-block  2
    $$$$$:   54-block  3
    $$$$$:   54-block  4
    $$$$$:   54-block  5
    $$$$$:   54-block  6
    $$$$$:   54-block  7
    $$$$$:   54-block  8
    $$$$$:   54-block  9
    $$$$$:   54-block 10
    $$$$$:   54-block 11
    $$$$$:   54-block 12
    $$$$$:   54-block 13
        -:   55:
        1:   56:TEST(hablantesSuperpuestosTEST, noHablantesSuperpuestosAlFinalPeroSuperanElUmbral)
        1:   56-block  0
        1:   56-block  1
        1:   56-block  2
        1:   56-block  3
        1:   56-block  4
        1:   56-block  5
        1:   56-block  6
    $$$$$:   56-block  7
    $$$$$:   56-block  8
    $$$$$:   56-block  9
    $$$$$:   56-block 10
    $$$$$:   56-block 11
    $$$$$:   56-block 12
    $$$$$:   56-block 13
    $$$$$:   56-block 14
    $$$$$:   56-block 15
    $$$$$:   56-block 16
    $$$$$:   56-block 17
    $$$$$:   56-block 18
    $$$$$:   56-block 19
    $$$$$:   56-block 20
    $$$$$:   56-block 21
    $$$$$:   56-block 22
    $$$$$:   56-block 23
        -:   57:{
    #####:   58:    senial hablante1 = { 11, 3, -3, 12, 6, 0, 11, -8, 9, 2 };
    #####:   59:    senial hablante2 = { 2, 11, 3, 8, 13, 1, 2, 9, 11, 4 };
    $$$$$:   59-block  0
    #####:   60:    senial hablante3 = { 2, 6, 11, 8, 6, 13, 2, 8, 3, -21 };
    $$$$$:   60-block  0
    #####:   61:    reunion reunion = { make_pair(hablante1, 0), make_pair(hablante2, 1), make_pair(hablante3, 2) };
    $$$$$:   61-block  0
    $$$$$:   61-block  1
    $$$$$:   61-block  2
    $$$$$:   61-block  3
    $$$$$:   61-block  4
    $$$$$:   61-block  5
    $$$$$:   61-block  6
    $$$$$:   61-block  7
    $$$$$:   61-block  8
    $$$$$:   61-block  9
    $$$$$:   61-block 10
    $$$$$:   61-block 11
    #####:   62:    int prof = 8;
    #####:   63:    int freq = 10;
    #####:   64:    int umbral = 10;
        -:   65:
    #####:   66:    ASSERT_FALSE(hablantesSuperpuestos(reunion, prof, freq, umbral));
    $$$$$:   66-block  0
    $$$$$:   66-block  1
    $$$$$:   66-block  2
    $$$$$:   66-block  3
    $$$$$:   66-block  4
    $$$$$:   66-block  5
    $$$$$:   66-block  6
    $$$$$:   66-block  7
    $$$$$:   66-block  8
    $$$$$:   66-block  9
    $$$$$:   66-block 10
    $$$$$:   66-block 11
    $$$$$:   66-block 12
    $$$$$:   66-block 13
    $$$$$:   66-block 14
    $$$$$:   66-block 15
    $$$$$:   66-block 16
    $$$$$:   66-block 17
    #####:   67:}
    $$$$$:   67-block  0
    $$$$$:   67-block  1
    $$$$$:   67-block  2
    $$$$$:   67-block  3
    $$$$$:   67-block  4
    $$$$$:   67-block  5
    $$$$$:   67-block  6
    $$$$$:   67-block  7
    $$$$$:   67-block  8
    $$$$$:   67-block  9
    $$$$$:   67-block 10
    $$$$$:   67-block 11
    $$$$$:   67-block 12
    $$$$$:   67-block 13
