        -:    0:Source:/Users/usuario/Desktop/LabAlgo1/tp2/reunionesRemotas/main.cpp
        -:    0:Graph:/Users/usuario/Desktop/LabAlgo1/tp2/reunionesRemotas/cmake-build-debug/CMakeFiles/reunionesRemotas.dir/main.cpp.gcno
        -:    0:Data:/Users/usuario/Desktop/LabAlgo1/tp2/reunionesRemotas/cmake-build-debug/CMakeFiles/reunionesRemotas.dir/main.cpp.gcda
        -:    0:Runs:1
        -:    0:Programs:1
        -:    1:#include <iostream>
        -:    2:#include "lib/gtest.h"
        -:    3:#include "src/solucion.h"
        -:    4:
        -:    5:
        -:    6:using namespace std;
        1:    7:int main(int argc, char **argv) {
        1:    7-block  0
        1:    8:    std::cout << "Implementando TPI!!" << std::endl;
        1:    9:    ::testing::InitGoogleTest(&argc, argv);
        1:   10:    return RUN_ALL_TESTS();
        1:   10-block  0
        -:   11:}
