        -:    0:Source:/Users/usuario/Desktop/LabAlgo1/tp2/reunionesRemotas/tests/reconstruir.cpp
        -:    0:Graph:/Users/usuario/Desktop/LabAlgo1/tp2/reunionesRemotas/cmake-build-debug/CMakeFiles/reunionesRemotas.dir/tests/reconstruir.cpp.gcno
        -:    0:Data:/Users/usuario/Desktop/LabAlgo1/tp2/reunionesRemotas/cmake-build-debug/CMakeFiles/reunionesRemotas.dir/tests/reconstruir.cpp.gcda
        -:    0:Runs:1
        -:    0:Programs:1
        -:    1:#include "../src/solucion.h"
        -:    2:#include "../src/auxiliares.h"
        -:    3:#include "../lib/gtest.h"
        -:    4:
        -:    5:
        -:    6:using namespace std;
        -:    7:
        7:    8:TEST(reconstruirTEST, reconstruirValidos){
        1:    8-block  0
        1:    8-block  1
        1:    8-block  2
        1:    8-block  3
        1:    8-block  4
        1:    8-block  5
        1:    8-block  6
    $$$$$:    8-block  7
    $$$$$:    8-block  8
    $$$$$:    8-block  9
    $$$$$:    8-block 10
    $$$$$:    8-block 11
    $$$$$:    8-block 12
        1:    8-block 13
        1:    8-block 14
        1:    8-block 15
        1:    8-block 16
        1:    8-block 17
        1:    8-block 18
        1:    8-block 19
        1:    8-block 20
        1:    8-block 21
        1:    8-block 22
        1:    8-block 23
        1:    9:    senial hablante1 = { 1, 3, -3, 4, 6, 0, 0, -8, 0, -15 };
        1:   10:    int prof = 8;
        1:   11:    int freq = 10;
        -:   12:
        1:   13:    senial hablante1Reconstruido = { 1, 3, -3, 4, 6, -1, -1, -8, -11, -15 };
        1:   13-block  0
        -:   14:
        1:   15:    senial hablanteObtenido = reconstruir(hablante1, prof, freq);
        1:   15-block  0
        1:   15-block  1
    $$$$$:   15-block  2
        -:   16:
        1:   17:    ASSERT_HABLANTES_EQ(hablanteObtenido, hablante1Reconstruido);
        1:   17-block  0
        1:   17-block  1
        1:   17-block  2
    $$$$$:   17-block  3
    $$$$$:   17-block  4
        1:   18:}
        1:   18-block  0
    $$$$$:   18-block  1
    $$$$$:   18-block  2
    $$$$$:   18-block  3
    $$$$$:   18-block  4
    $$$$$:   18-block  5
    $$$$$:   18-block  6
    $$$$$:   18-block  7
    $$$$$:   18-block  8
        -:   19:
        7:   20:TEST(reconstruirTEST, reconstruirSenialSinCeros)
        1:   20-block  0
        1:   20-block  1
        1:   20-block  2
        1:   20-block  3
        1:   20-block  4
        1:   20-block  5
        1:   20-block  6
    $$$$$:   20-block  7
    $$$$$:   20-block  8
    $$$$$:   20-block  9
    $$$$$:   20-block 10
    $$$$$:   20-block 11
    $$$$$:   20-block 12
        1:   20-block 13
        1:   20-block 14
        1:   20-block 15
        1:   20-block 16
        1:   20-block 17
        1:   20-block 18
        1:   20-block 19
        1:   20-block 20
        1:   20-block 21
        1:   20-block 22
        1:   20-block 23
        -:   21:{
        1:   22:    senial hablante1 = { 1, 3, -3, 4, 6, 2, 1, -8, 9, -15 };
        1:   23:    int prof = 8;
        1:   24:    int freq = 10;
        -:   25:
        1:   26:    senial hablante1Reconstruido = { 1, 3, -3, 4, 6, 2, 1, -8, 9, -15 };
        1:   26-block  0
        -:   27:
        1:   28:    senial hablanteObtenido = reconstruir(hablante1, prof, freq);
        1:   28-block  0
        1:   28-block  1
    $$$$$:   28-block  2
        -:   29:
        1:   30:    ASSERT_HABLANTES_EQ(hablanteObtenido, hablante1Reconstruido);
        1:   30-block  0
        1:   30-block  1
        1:   30-block  2
    $$$$$:   30-block  3
    $$$$$:   30-block  4
        1:   31:}
        1:   31-block  0
    $$$$$:   31-block  1
    $$$$$:   31-block  2
    $$$$$:   31-block  3
    $$$$$:   31-block  4
    $$$$$:   31-block  5
    $$$$$:   31-block  6
    $$$$$:   31-block  7
    $$$$$:   31-block  8
        -:   32:
        7:   33:TEST(reconstruirTEST, reconstruirSenialConDistanciaCinco)
        1:   33-block  0
        1:   33-block  1
        1:   33-block  2
        1:   33-block  3
        1:   33-block  4
        1:   33-block  5
        1:   33-block  6
    $$$$$:   33-block  7
    $$$$$:   33-block  8
    $$$$$:   33-block  9
    $$$$$:   33-block 10
    $$$$$:   33-block 11
    $$$$$:   33-block 12
        1:   33-block 13
        1:   33-block 14
        1:   33-block 15
        1:   33-block 16
        1:   33-block 17
        1:   33-block 18
        1:   33-block 19
        1:   33-block 20
        1:   33-block 21
        1:   33-block 22
        1:   33-block 23
        -:   34:{
        1:   35:    senial hablante1 = { 6, 0, 0, 0, 0, -8, 0, 0, 0, 0, 6 };
        1:   36:    int prof = 8;
        1:   37:    int freq = 10;
        -:   38:
        1:   39:    senial hablante1Reconstruido = { 6, -1, -1, -1, -1, -8, -1, -1, -1, -1, 6 };
        1:   39-block  0
        -:   40:
        1:   41:    senial hablanteObtenido = reconstruir(hablante1, prof, freq);
        1:   41-block  0
        1:   41-block  1
    $$$$$:   41-block  2
        -:   42:
        1:   43:    ASSERT_HABLANTES_EQ(hablanteObtenido, hablante1Reconstruido);
        1:   43-block  0
        1:   43-block  1
        1:   43-block  2
    $$$$$:   43-block  3
    $$$$$:   43-block  4
        1:   44:}
        1:   44-block  0
    $$$$$:   44-block  1
    $$$$$:   44-block  2
    $$$$$:   44-block  3
    $$$$$:   44-block  4
    $$$$$:   44-block  5
    $$$$$:   44-block  6
    $$$$$:   44-block  7
    $$$$$:   44-block  8
        -:   45:
        7:   46:TEST(reconstruirTEST, reconstruirValidosConPasajePorCero)
        1:   46-block  0
        1:   46-block  1
        1:   46-block  2
        1:   46-block  3
        1:   46-block  4
        1:   46-block  5
        1:   46-block  6
    $$$$$:   46-block  7
    $$$$$:   46-block  8
    $$$$$:   46-block  9
    $$$$$:   46-block 10
    $$$$$:   46-block 11
    $$$$$:   46-block 12
        1:   46-block 13
        1:   46-block 14
        1:   46-block 15
        1:   46-block 16
        1:   46-block 17
        1:   46-block 18
        1:   46-block 19
        1:   46-block 20
        1:   46-block 21
        1:   46-block 22
        1:   46-block 23
        -:   47:{
        1:   48:    senial hablante1 = { 1, 0, -3, 4, 6, 0, 0, -8, 0, -15 };
        1:   49:    int prof = 8;
        1:   50:    int freq = 10;
        -:   51:
        1:   52:    senial hablante1Reconstruido = { 1, 0, -3, 4, 6, -1, -1, -8, -11, -15 };
        1:   52-block  0
        -:   53:
        1:   54:    senial hablanteObtenido = reconstruir(hablante1, prof, freq);
        1:   54-block  0
        1:   54-block  1
    $$$$$:   54-block  2
        -:   55:
        1:   56:    ASSERT_HABLANTES_EQ(hablanteObtenido, hablante1Reconstruido);
        1:   56-block  0
        1:   56-block  1
        1:   56-block  2
    $$$$$:   56-block  3
    $$$$$:   56-block  4
        1:   57:}
        1:   57-block  0
    $$$$$:   57-block  1
    $$$$$:   57-block  2
    $$$$$:   57-block  3
    $$$$$:   57-block  4
    $$$$$:   57-block  5
    $$$$$:   57-block  6
    $$$$$:   57-block  7
    $$$$$:   57-block  8
