        -:    0:Source:/Users/usuario/Desktop/LabAlgo1/tp2/reunionesRemotas/tests/silencios.cpp
        -:    0:Graph:/Users/usuario/Desktop/LabAlgo1/tp2/reunionesRemotas/cmake-build-debug/CMakeFiles/reunionesRemotas.dir/tests/silencios.cpp.gcno
        -:    0:Data:/Users/usuario/Desktop/LabAlgo1/tp2/reunionesRemotas/cmake-build-debug/CMakeFiles/reunionesRemotas.dir/tests/silencios.cpp.gcda
        -:    0:Runs:1
        -:    0:Programs:1
        -:    1:#include "../src/solucion.h"
        -:    2:#include "../src/auxiliares.h"
        -:    3:#include "../lib/gtest.h"
        -:    4:
        -:    5:
        -:    6:using namespace std;
        -:    7:
        7:    8:TEST(silenciosTEST, silenciosValidos){
        1:    8-block  0
        1:    8-block  1
        1:    8-block  2
        1:    8-block  3
        1:    8-block  4
        1:    8-block  5
        1:    8-block  6
    $$$$$:    8-block  7
    $$$$$:    8-block  8
    $$$$$:    8-block  9
    $$$$$:    8-block 10
    $$$$$:    8-block 11
    $$$$$:    8-block 12
        1:    8-block 13
        1:    8-block 14
        1:    8-block 15
        1:    8-block 16
        1:    8-block 17
        1:    8-block 18
        1:    8-block 19
        1:    8-block 20
        1:    8-block 21
        1:    8-block 22
        1:    8-block 23
        1:    9:    senial hablante = {1, 3, -3, 4, 6, 0, -2, -8, 9, -15};
        1:   10:    int prof = 8;
        1:   11:    int freq = 10;
        1:   12:    int umbral = 3;
        -:   13:
        1:   14:    vector<intervalo> intervalos = { make_pair(5, 6) };
        1:   14-block  0
        1:   14-block  1
        -:   15:
        1:   16:    vector<intervalo> a = silencios(hablante, prof, freq, umbral);
        1:   16-block  0
        1:   16-block  1
    $$$$$:   16-block  2
        -:   17:
        1:   18:    ASSERT_INTERVALOS_EQ(silencios(hablante, prof, freq, umbral), intervalos);
        1:   18-block  0
        1:   18-block  1
        1:   18-block  2
        1:   18-block  3
    $$$$$:   18-block  4
    $$$$$:   18-block  5
    $$$$$:   18-block  6
        1:   19:}
        1:   19-block  0
    $$$$$:   19-block  1
    $$$$$:   19-block  2
    $$$$$:   19-block  3
    $$$$$:   19-block  4
    $$$$$:   19-block  5
    $$$$$:   19-block  6
    $$$$$:   19-block  7
    $$$$$:   19-block  8
    $$$$$:   19-block  9
        -:   20:
        7:   21:TEST(silenciosTEST, silenciosValidos2)
        1:   21-block  0
        1:   21-block  1
        1:   21-block  2
        1:   21-block  3
        1:   21-block  4
        1:   21-block  5
        1:   21-block  6
    $$$$$:   21-block  7
    $$$$$:   21-block  8
    $$$$$:   21-block  9
    $$$$$:   21-block 10
    $$$$$:   21-block 11
    $$$$$:   21-block 12
        1:   21-block 13
        1:   21-block 14
        1:   21-block 15
        1:   21-block 16
        1:   21-block 17
        1:   21-block 18
        1:   21-block 19
        1:   21-block 20
        1:   21-block 21
        1:   21-block 22
        1:   21-block 23
        -:   22:{
        1:   23:    senial hablante = { -1, 4, -1, -1, 0, -3, 0, -3, -5, -2, -4, -5, 3, 2, -4 };
        1:   24:    int prof = 8;
        1:   25:    int freq = 10;
        1:   26:    int umbral = 3;
        -:   27:
        1:   28:    vector<intervalo> intervalos = { make_pair(2, 4) };
        1:   28-block  0
        1:   28-block  1
        -:   29:
        1:   30:    ASSERT_INTERVALOS_EQ(silencios(hablante, prof, freq, umbral), intervalos);
        1:   30-block  0
        1:   30-block  1
        1:   30-block  2
        1:   30-block  3
    $$$$$:   30-block  4
    $$$$$:   30-block  5
    $$$$$:   30-block  6
        1:   31:}
        1:   31-block  0
    $$$$$:   31-block  1
    $$$$$:   31-block  2
    $$$$$:   31-block  3
    $$$$$:   31-block  4
    $$$$$:   31-block  5
    $$$$$:   31-block  6
    $$$$$:   31-block  7
        -:   32:
        7:   33:TEST(silenciosTEST, silenciosValidos3)
        1:   33-block  0
        1:   33-block  1
        1:   33-block  2
        1:   33-block  3
        1:   33-block  4
        1:   33-block  5
        1:   33-block  6
    $$$$$:   33-block  7
    $$$$$:   33-block  8
    $$$$$:   33-block  9
    $$$$$:   33-block 10
    $$$$$:   33-block 11
    $$$$$:   33-block 12
        1:   33-block 13
        1:   33-block 14
        1:   33-block 15
        1:   33-block 16
        1:   33-block 17
        1:   33-block 18
        1:   33-block 19
        1:   33-block 20
        1:   33-block 21
        1:   33-block 22
        1:   33-block 23
        -:   34:{
        1:   35:    senial hablante = { 4, 2, -4, 3, 0, -1, 4, -4, -4, 0, 3, 2, 4, 0, -4 };
        1:   36:    int prof = 8;
        1:   37:    int freq = 10;
        1:   38:    int umbral = 3;
        -:   39:
        1:   40:    vector<intervalo> intervalos = { make_pair(4, 5) };
        1:   40-block  0
        1:   40-block  1
        -:   41:
        1:   42:    ASSERT_INTERVALOS_EQ(silencios(hablante, prof, freq, umbral), intervalos);
        1:   42-block  0
        1:   42-block  1
        1:   42-block  2
        1:   42-block  3
    $$$$$:   42-block  4
    $$$$$:   42-block  5
    $$$$$:   42-block  6
        1:   43:}
        1:   43-block  0
    $$$$$:   43-block  1
    $$$$$:   43-block  2
    $$$$$:   43-block  3
    $$$$$:   43-block  4
    $$$$$:   43-block  5
    $$$$$:   43-block  6
    $$$$$:   43-block  7
        -:   44:
        7:   45:TEST(silenciosTEST, silenciosValidos4)
        1:   45-block  0
        1:   45-block  1
        1:   45-block  2
        1:   45-block  3
        1:   45-block  4
        1:   45-block  5
        1:   45-block  6
    $$$$$:   45-block  7
    $$$$$:   45-block  8
    $$$$$:   45-block  9
    $$$$$:   45-block 10
    $$$$$:   45-block 11
    $$$$$:   45-block 12
        1:   45-block 13
        1:   45-block 14
        1:   45-block 15
        1:   45-block 16
        1:   45-block 17
        1:   45-block 18
        1:   45-block 19
        1:   45-block 20
        1:   45-block 21
        1:   45-block 22
        1:   45-block 23
        -:   46:{
        1:   47:    senial hablante = { 0, 2, -4, 3, 0, -1, 4, 0, 2, 0, -1, 2, 4, 0, -4 };
        1:   48:    int prof = 8;
        1:   49:    int freq = 10;
        1:   50:    int umbral = 3;
        -:   51:
        1:   52:    vector<intervalo> intervalos = { make_pair(0, 1), make_pair(4, 5), make_pair(7, 11) };
        1:   52-block  0
        1:   52-block  1
        1:   52-block  2
        1:   52-block  3
        -:   53:
        1:   54:    ASSERT_INTERVALOS_EQ(silencios(hablante, prof, freq, umbral), intervalos);
        1:   54-block  0
        1:   54-block  1
        1:   54-block  2
        1:   54-block  3
    $$$$$:   54-block  4
    $$$$$:   54-block  5
    $$$$$:   54-block  6
        1:   55:}
        1:   55-block  0
    $$$$$:   55-block  1
    $$$$$:   55-block  2
    $$$$$:   55-block  3
    $$$$$:   55-block  4
    $$$$$:   55-block  5
    $$$$$:   55-block  6
    $$$$$:   55-block  7
        -:   56:
        7:   57:TEST(silenciosTEST, silenciosValidos5)
        1:   57-block  0
        1:   57-block  1
        1:   57-block  2
        1:   57-block  3
        1:   57-block  4
        1:   57-block  5
        1:   57-block  6
    $$$$$:   57-block  7
    $$$$$:   57-block  8
    $$$$$:   57-block  9
    $$$$$:   57-block 10
    $$$$$:   57-block 11
    $$$$$:   57-block 12
        1:   57-block 13
        1:   57-block 14
        1:   57-block 15
        1:   57-block 16
        1:   57-block 17
        1:   57-block 18
        1:   57-block 19
        1:   57-block 20
        1:   57-block 21
        1:   57-block 22
        1:   57-block 23
        -:   58:{
        1:   59:    senial hablante = { 0, 2, -4, 3, 0, -1, 4, 0, 2, 0, -1, 2, 0, 0, 0 };
        1:   60:    int prof = 8;
        1:   61:    int freq = 10;
        1:   62:    int umbral = 3;
        -:   63:
        1:   64:    vector<intervalo> intervalos = { make_pair(0, 1), make_pair(4, 5), make_pair(7, 14) };
        1:   64-block  0
        1:   64-block  1
        1:   64-block  2
        1:   64-block  3
        -:   65:
        1:   66:    ASSERT_INTERVALOS_EQ(silencios(hablante, prof, freq, umbral), intervalos);
        1:   66-block  0
        1:   66-block  1
        1:   66-block  2
        1:   66-block  3
    $$$$$:   66-block  4
    $$$$$:   66-block  5
    $$$$$:   66-block  6
        1:   67:}
        1:   67-block  0
    $$$$$:   67-block  1
    $$$$$:   67-block  2
    $$$$$:   67-block  3
    $$$$$:   67-block  4
    $$$$$:   67-block  5
    $$$$$:   67-block  6
    $$$$$:   67-block  7
        -:   68:
        7:   69:TEST(silenciosTEST, silenciosValidos6)
        1:   69-block  0
        1:   69-block  1
        1:   69-block  2
        1:   69-block  3
        1:   69-block  4
        1:   69-block  5
        1:   69-block  6
    $$$$$:   69-block  7
    $$$$$:   69-block  8
    $$$$$:   69-block  9
    $$$$$:   69-block 10
    $$$$$:   69-block 11
    $$$$$:   69-block 12
        1:   69-block 13
        1:   69-block 14
        1:   69-block 15
        1:   69-block 16
        1:   69-block 17
        1:   69-block 18
        1:   69-block 19
        1:   69-block 20
        1:   69-block 21
        1:   69-block 22
        1:   69-block 23
        -:   70:{
        1:   71:    senial hablante = { 0, 0, 1, 6, 7, 4, 0, 7, 0, 9, 0, 4, 4, 1, 10, 4, 4 };
        1:   72:    int prof = 8;
        1:   73:    int freq = 10;
        1:   74:    int umbral = 5;
        -:   75:
        1:   76:    vector<intervalo> intervalos = { make_pair(0, 2), make_pair(5, 6), make_pair(10, 13), make_pair(15, 16) };
        1:   76-block  0
        1:   76-block  1
        1:   76-block  2
        1:   76-block  3
        1:   76-block  4
        -:   77:
        1:   78:    ASSERT_INTERVALOS_EQ(silencios(hablante, prof, freq, umbral), intervalos);
        1:   78-block  0
        1:   78-block  1
        1:   78-block  2
        1:   78-block  3
    $$$$$:   78-block  4
    $$$$$:   78-block  5
    $$$$$:   78-block  6
        1:   79:}
        1:   79-block  0
    $$$$$:   79-block  1
    $$$$$:   79-block  2
    $$$$$:   79-block  3
    $$$$$:   79-block  4
    $$$$$:   79-block  5
    $$$$$:   79-block  6
    $$$$$:   79-block  7
        -:   80:
        7:   81:TEST(silenciosTEST, silenciosValidos7)
        1:   81-block  0
        1:   81-block  1
        1:   81-block  2
        1:   81-block  3
        1:   81-block  4
        1:   81-block  5
        1:   81-block  6
    $$$$$:   81-block  7
    $$$$$:   81-block  8
    $$$$$:   81-block  9
    $$$$$:   81-block 10
    $$$$$:   81-block 11
    $$$$$:   81-block 12
        1:   81-block 13
        1:   81-block 14
        1:   81-block 15
        1:   81-block 16
        1:   81-block 17
        1:   81-block 18
        1:   81-block 19
        1:   81-block 20
        1:   81-block 21
        1:   81-block 22
        1:   81-block 23
        -:   82:{
        1:   83:    senial hablante = { 4, 0, 1, 4, 7, 4, 0, 7, 0, 9, 0, 4, 4, 1, 10, 4, 5 };
        1:   84:    int prof = 8;
        1:   85:    int freq = 10;
        1:   86:    int umbral = 5;
        -:   87:
        1:   88:    vector<intervalo> intervalos = { make_pair(0, 3), make_pair(5, 6), make_pair(10, 13) };
        1:   88-block  0
        1:   88-block  1
        1:   88-block  2
        1:   88-block  3
        -:   89:
        1:   90:    ASSERT_INTERVALOS_EQ(silencios(hablante, prof, freq, umbral), intervalos);
        1:   90-block  0
        1:   90-block  1
        1:   90-block  2
        1:   90-block  3
    $$$$$:   90-block  4
    $$$$$:   90-block  5
    $$$$$:   90-block  6
        1:   91:}
        1:   91-block  0
    $$$$$:   91-block  1
    $$$$$:   91-block  2
    $$$$$:   91-block  3
    $$$$$:   91-block  4
    $$$$$:   91-block  5
    $$$$$:   91-block  6
    $$$$$:   91-block  7
        -:   92:
        7:   93:TEST(silenciosTEST, silenciosValidos8)
        1:   93-block  0
        1:   93-block  1
        1:   93-block  2
        1:   93-block  3
        1:   93-block  4
        1:   93-block  5
        1:   93-block  6
    $$$$$:   93-block  7
    $$$$$:   93-block  8
    $$$$$:   93-block  9
    $$$$$:   93-block 10
    $$$$$:   93-block 11
    $$$$$:   93-block 12
        1:   93-block 13
        1:   93-block 14
        1:   93-block 15
        1:   93-block 16
        1:   93-block 17
        1:   93-block 18
        1:   93-block 19
        1:   93-block 20
        1:   93-block 21
        1:   93-block 22
        1:   93-block 23
        -:   94:{
        1:   95:    senial hablante = { 4, 0, 1, 4, 7, 4, 0, 7, 0, 9, 0, 4, 4, 1, 10, 4, 5 };
        1:   96:    int prof = 8;
        1:   97:    int freq = 10;
        1:   98:    int umbral = 11;
        -:   99:
        1:  100:    vector<intervalo> intervalos = { make_pair(0, 16) };
        1:  100-block  0
        1:  100-block  1
        -:  101:
        1:  102:    ASSERT_INTERVALOS_EQ(silencios(hablante, prof, freq, umbral), intervalos);
        1:  102-block  0
        1:  102-block  1
        1:  102-block  2
        1:  102-block  3
    $$$$$:  102-block  4
    $$$$$:  102-block  5
    $$$$$:  102-block  6
        1:  103:}
        1:  103-block  0
    $$$$$:  103-block  1
    $$$$$:  103-block  2
    $$$$$:  103-block  3
    $$$$$:  103-block  4
    $$$$$:  103-block  5
    $$$$$:  103-block  6
    $$$$$:  103-block  7
